#
# There is insufficient memory for the Java Runtime Environment to continue.
# Native memory allocation (malloc) failed to allocate 1114736 bytes for Chunk::new
# Possible reasons:
#   The system is out of physical RAM or swap space
#   The process is running with CompressedOops enabled, and the Java Heap may be blocking the growth of the native heap
# Possible solutions:
#   Reduce memory load on the system
#   Increase physical memory or swap space
#   Check if swap backing store is full
#   Decrease Java heap size (-Xmx/-Xms)
#   Decrease number of Java threads
#   Decrease Java thread stack sizes (-Xss)
#   Set larger code cache with -XX:ReservedCodeCacheSize=
#   JVM is running with Zero Based Compressed Oops mode in which the Java heap is
#     placed in the first 32GB address space. The Java Heap base address is the
#     maximum limit for the native heap growth. Please use -XX:HeapBaseMinAddress
#     to set the Java Heap base and to place the Java Heap above 32GB virtual address.
# This output file may be truncated or incomplete.
#
#  Out of Memory Error (c:/BuildAgent/work/5ff2f6c26000d570/src/hotspot/share/memory/arena.cpp:197), pid=47552, tid=44684
#
# JRE version: OpenJDK Runtime Environment (11.0.6+8) (build 11.0.6+8-b520.43)
# Java VM: OpenJDK 64-Bit Server VM (11.0.6+8-b520.43, mixed mode, sharing, tiered, compressed oops, g1 gc, windows-amd64)
# No core dump will be written. Minidumps are not enabled by default on client versions of Windows
#

---------------  S U M M A R Y ------------

Command Line: -javaagent:C:\Users\mknig\Documents\IntelliJ IDEA Community Edition 2019.3.4\lib\idea_rt.jar=64208:C:\Users\mknig\Documents\IntelliJ IDEA Community Edition 2019.3.4\bin -Dfile.encoding=UTF-8 sample.Main

Host: Intel(R) Core(TM) i5-4200U CPU @ 1.60GHz, 4 cores, 15G,  Windows 10 , 64 bit Build 18362 (10.0.18362.900)
Time: Sun Jul 12 22:18:18 2020 Mountain Daylight Time elapsed time: 1 seconds (0d 0h 0m 1s)

---------------  T H R E A D  ---------------

Current thread (0x00000210a52d5800):  JavaThread "C2 CompilerThread0" daemon [_thread_in_native, id=44684, stack(0x00000077f8500000,0x00000077f8600000)]


Current CompileTask:
C2:   1284  808       4       jdk.internal.org.objectweb.asm.Frame::execute (2264 bytes)

Stack: [0x00000077f8500000,0x00000077f8600000]
Native frames: (J=compiled Java code, j=interpreted, Vv=VM code, C=native code)
V  [jvm.dll+0x5de31a]
V  [jvm.dll+0x710ae5]
V  [jvm.dll+0x712005]
V  [jvm.dll+0x7126b3]
V  [jvm.dll+0x23e3a8]
V  [jvm.dll+0xb8b5c]
V  [jvm.dll+0xb905c]
V  [jvm.dll+0x34ffcb]
V  [jvm.dll+0x31dc63]
V  [jvm.dll+0x31d1fa]
V  [jvm.dll+0x1f77c2]
V  [jvm.dll+0x1f6994]
V  [jvm.dll+0x17f76c]
V  [jvm.dll+0x204dd7]
V  [jvm.dll+0x203641]
V  [jvm.dll+0x6da98f]
V  [jvm.dll+0x6d379d]
V  [jvm.dll+0x5dd2e6]
C  [ucrtbase.dll+0x20e82]
C  [KERNEL32.DLL+0x17bd4]
C  [ntdll.dll+0x6ce51]


---------------  P R O C E S S  ---------------

Threads class SMR info:
_java_thread_list=0x00000210a611adb0, length=17, elements={
0x0000021086578800, 0x00000210a52bb000, 0x00000210a52bf000, 0x00000210a52d2800,
0x00000210a52d4800, 0x00000210a52d5800, 0x00000210a52db800, 0x00000210a52ec000,
0x00000210a5caa000, 0x00000210a5ef7000, 0x00000210a5ef8000, 0x00000210a5d69000,
0x00000210a5f0e000, 0x00000210a618e800, 0x00000210a61ac000, 0x00000210a6161000,
0x00000210a6217000
}

Java Threads: ( => current thread )
  0x0000021086578800 JavaThread "main" [_thread_blocked, id=38220, stack(0x00000077f7a00000,0x00000077f7b00000)]
  0x00000210a52bb000 JavaThread "Reference Handler" daemon [_thread_blocked, id=47604, stack(0x00000077f8100000,0x00000077f8200000)]
  0x00000210a52bf000 JavaThread "Finalizer" daemon [_thread_blocked, id=39660, stack(0x00000077f8200000,0x00000077f8300000)]
  0x00000210a52d2800 JavaThread "Signal Dispatcher" daemon [_thread_blocked, id=47744, stack(0x00000077f8300000,0x00000077f8400000)]
  0x00000210a52d4800 JavaThread "Attach Listener" daemon [_thread_blocked, id=13820, stack(0x00000077f8400000,0x00000077f8500000)]
=>0x00000210a52d5800 JavaThread "C2 CompilerThread0" daemon [_thread_in_native, id=44684, stack(0x00000077f8500000,0x00000077f8600000)]
  0x00000210a52db800 JavaThread "C1 CompilerThread0" daemon [_thread_blocked, id=43488, stack(0x00000077f8600000,0x00000077f8700000)]
  0x00000210a52ec000 JavaThread "Sweeper thread" daemon [_thread_blocked, id=42648, stack(0x00000077f8700000,0x00000077f8800000)]
  0x00000210a5caa000 JavaThread "Common-Cleaner" daemon [_thread_blocked, id=43128, stack(0x00000077f8800000,0x00000077f8900000)]
  0x00000210a5ef7000 JavaThread "Monitor Ctrl-Break" daemon [_thread_in_native, id=46432, stack(0x00000077f8900000,0x00000077f8a00000)]
  0x00000210a5ef8000 JavaThread "Service Thread" daemon [_thread_blocked, id=47272, stack(0x00000077f8a00000,0x00000077f8b00000)]
  0x00000210a5d69000 JavaThread "C2 CompilerThread1" daemon [_thread_in_native, id=29216, stack(0x00000077f8c00000,0x00000077f8d00000)]
  0x00000210a5f0e000 JavaThread "QuantumRenderer-0" daemon [_thread_blocked, id=44176, stack(0x00000077f8d00000,0x00000077f8e00000)]
  0x00000210a618e800 JavaThread "InvokeLaterDispatcher" daemon [_thread_blocked, id=39948, stack(0x00000077f8e00000,0x00000077f8f00000)]
  0x00000210a61ac000 JavaThread "JavaFX Application Thread" [_thread_in_native, id=41804, stack(0x00000077f8f00000,0x00000077f9000000)]
  0x00000210a6161000 JavaThread "Thread-1" daemon [_thread_in_native, id=44500, stack(0x00000077f9000000,0x00000077f9100000)]
  0x00000210a6217000 JavaThread "JavaFX-Launcher" [_thread_blocked, id=44980, stack(0x00000077f9100000,0x00000077f9200000)]

Other Threads:
  0x00000210a52b9800 VMThread "VM Thread" [stack: 0x00000077f8000000,0x00000077f8100000] [id=46980]
  0x00000210a5d41000 WatcherThread [stack: 0x00000077f8b00000,0x00000077f8c00000] [id=47760]
  0x0000021086592800 GCTaskThread "GC Thread#0" [stack: 0x00000077f7b00000,0x00000077f7c00000] [id=41940]
  0x00000210a6218000 GCTaskThread "GC Thread#1" [stack: 0x00000077f9200000,0x00000077f9300000] [id=37564]
  0x00000210a6209800 GCTaskThread "GC Thread#2" [stack: 0x00000077f9300000,0x00000077f9400000] [id=48012]
  0x00000210a620a000 GCTaskThread "GC Thread#3" [stack: 0x00000077f9400000,0x00000077f9500000] [id=42036]
  0x00000210865f3800 ConcurrentGCThread "G1 Main Marker" [stack: 0x00000077f7c00000,0x00000077f7d00000] [id=29956]
  0x00000210865f5000 ConcurrentGCThread "G1 Conc#0" [stack: 0x00000077f7d00000,0x00000077f7e00000] [id=39200]
  0x00000210a51cb800 ConcurrentGCThread "G1 Refine#0" [stack: 0x00000077f7e00000,0x00000077f7f00000] [id=44096]
  0x00000210a51cc800 ConcurrentGCThread "G1 Young RemSet Sampling" [stack: 0x00000077f7f00000,0x00000077f8000000] [id=47224]

Threads with active compile tasks:
C2 CompilerThread0   1326  808       4       jdk.internal.org.objectweb.asm.Frame::execute (2264 bytes)
C2 CompilerThread1   1326  836       4       java.util.HashMap::resize (356 bytes)

VM state:not at safepoint (normal execution)

VM Mutex/Monitor currently owned by a thread: None

Heap address: 0x0000000701200000, size: 4078 MB, Compressed Oops mode: Zero based, Oop shift amount: 3
Narrow klass base: 0x0000000800000000, Narrow klass shift: 3
Compressed class space size: 1073741824 Address: 0x0000000840000000

Heap:
 garbage-first heap   total 262144K, used 2968K [0x0000000701200000, 0x0000000800000000)
  region size 1024K, 4 young (4096K), 2 survivors (2048K)
 Metaspace       used 5131K, capacity 7869K, committed 8192K, reserved 1056768K
  class space    used 585K, capacity 933K, committed 1024K, reserved 1048576K
Heap Regions: E=young(eden), S=young(survivor), O=old, HS=humongous(starts), HC=humongous(continues), CS=collection set, F=free, A=archive, TAMS=top-at-mark-start (previous, next)
|   0|0x0000000701200000, 0x0000000701200000, 0x0000000701300000|  0%| F|  |TAMS 0x0000000701200000, 0x0000000701200000| Untracked 
|   1|0x0000000701300000, 0x0000000701300000, 0x0000000701400000|  0%| F|  |TAMS 0x0000000701300000, 0x0000000701300000| Untracked 
|   2|0x0000000701400000, 0x0000000701400000, 0x0000000701500000|  0%| F|  |TAMS 0x0000000701400000, 0x0000000701400000| Untracked 
|   3|0x0000000701500000, 0x0000000701500000, 0x0000000701600000|  0%| F|  |TAMS 0x0000000701500000, 0x0000000701500000| Untracked 
|   4|0x0000000701600000, 0x0000000701600000, 0x0000000701700000|  0%| F|  |TAMS 0x0000000701600000, 0x0000000701600000| Untracked 
|   5|0x0000000701700000, 0x0000000701700000, 0x0000000701800000|  0%| F|  |TAMS 0x0000000701700000, 0x0000000701700000| Untracked 
|   6|0x0000000701800000, 0x0000000701800000, 0x0000000701900000|  0%| F|  |TAMS 0x0000000701800000, 0x0000000701800000| Untracked 
|   7|0x0000000701900000, 0x0000000701900000, 0x0000000701a00000|  0%| F|  |TAMS 0x0000000701900000, 0x0000000701900000| Untracked 
|   8|0x0000000701a00000, 0x0000000701a00000, 0x0000000701b00000|  0%| F|  |TAMS 0x0000000701a00000, 0x0000000701a00000| Untracked 
|   9|0x0000000701b00000, 0x0000000701b00000, 0x0000000701c00000|  0%| F|  |TAMS 0x0000000701b00000, 0x0000000701b00000| Untracked 
|  10|0x0000000701c00000, 0x0000000701c00000, 0x0000000701d00000|  0%| F|  |TAMS 0x0000000701c00000, 0x0000000701c00000| Untracked 
|  11|0x0000000701d00000, 0x0000000701d00000, 0x0000000701e00000|  0%| F|  |TAMS 0x0000000701d00000, 0x0000000701d00000| Untracked 
|  12|0x0000000701e00000, 0x0000000701e00000, 0x0000000701f00000|  0%| F|  |TAMS 0x0000000701e00000, 0x0000000701e00000| Untracked 
|  13|0x0000000701f00000, 0x0000000701f00000, 0x0000000702000000|  0%| F|  |TAMS 0x0000000701f00000, 0x0000000701f00000| Untracked 
|  14|0x0000000702000000, 0x0000000702000000, 0x0000000702100000|  0%| F|  |TAMS 0x0000000702000000, 0x0000000702000000| Untracked 
|  15|0x0000000702100000, 0x0000000702100000, 0x0000000702200000|  0%| F|  |TAMS 0x0000000702100000, 0x0000000702100000| Untracked 
|  16|0x0000000702200000, 0x0000000702200000, 0x0000000702300000|  0%| F|  |TAMS 0x0000000702200000, 0x0000000702200000| Untracked 
|  17|0x0000000702300000, 0x0000000702300000, 0x0000000702400000|  0%| F|  |TAMS 0x0000000702300000, 0x0000000702300000| Untracked 
|  18|0x0000000702400000, 0x0000000702400000, 0x0000000702500000|  0%| F|  |TAMS 0x0000000702400000, 0x0000000702400000| Untracked 
|  19|0x0000000702500000, 0x0000000702500000, 0x0000000702600000|  0%| F|  |TAMS 0x0000000702500000, 0x0000000702500000| Untracked 
|  20|0x0000000702600000, 0x0000000702600000, 0x0000000702700000|  0%| F|  |TAMS 0x0000000702600000, 0x0000000702600000| Untracked 
|  21|0x0000000702700000, 0x0000000702700000, 0x0000000702800000|  0%| F|  |TAMS 0x0000000702700000, 0x0000000702700000| Untracked 
|  22|0x0000000702800000, 0x0000000702800000, 0x0000000702900000|  0%| F|  |TAMS 0x0000000702800000, 0x0000000702800000| Untracked 
|  23|0x0000000702900000, 0x0000000702900000, 0x0000000702a00000|  0%| F|  |TAMS 0x0000000702900000, 0x0000000702900000| Untracked 
|  24|0x0000000702a00000, 0x0000000702a00000, 0x0000000702b00000|  0%| F|  |TAMS 0x0000000702a00000, 0x0000000702a00000| Untracked 
|  25|0x0000000702b00000, 0x0000000702b00000, 0x0000000702c00000|  0%| F|  |TAMS 0x0000000702b00000, 0x0000000702b00000| Untracked 
|  26|0x0000000702c00000, 0x0000000702c00000, 0x0000000702d00000|  0%| F|  |TAMS 0x0000000702c00000, 0x0000000702c00000| Untracked 
|  27|0x0000000702d00000, 0x0000000702d00000, 0x0000000702e00000|  0%| F|  |TAMS 0x0000000702d00000, 0x0000000702d00000| Untracked 
|  28|0x0000000702e00000, 0x0000000702e00000, 0x0000000702f00000|  0%| F|  |TAMS 0x0000000702e00000, 0x0000000702e00000| Untracked 
|  29|0x0000000702f00000, 0x0000000702f00000, 0x0000000703000000|  0%| F|  |TAMS 0x0000000702f00000, 0x0000000702f00000| Untracked 
|  30|0x0000000703000000, 0x0000000703000000, 0x0000000703100000|  0%| F|  |TAMS 0x0000000703000000, 0x0000000703000000| Untracked 
|  31|0x0000000703100000, 0x0000000703100000, 0x0000000703200000|  0%| F|  |TAMS 0x0000000703100000, 0x0000000703100000| Untracked 
|  32|0x0000000703200000, 0x0000000703200000, 0x0000000703300000|  0%| F|  |TAMS 0x0000000703200000, 0x0000000703200000| Untracked 
|  33|0x0000000703300000, 0x0000000703300000, 0x0000000703400000|  0%| F|  |TAMS 0x0000000703300000, 0x0000000703300000| Untracked 
|  34|0x0000000703400000, 0x0000000703400000, 0x0000000703500000|  0%| F|  |TAMS 0x0000000703400000, 0x0000000703400000| Untracked 
|  35|0x0000000703500000, 0x0000000703500000, 0x0000000703600000|  0%| F|  |TAMS 0x0000000703500000, 0x0000000703500000| Untracked 
|  36|0x0000000703600000, 0x0000000703600000, 0x0000000703700000|  0%| F|  |TAMS 0x0000000703600000, 0x0000000703600000| Untracked 
|  37|0x0000000703700000, 0x0000000703700000, 0x0000000703800000|  0%| F|  |TAMS 0x0000000703700000, 0x0000000703700000| Untracked 
|  38|0x0000000703800000, 0x0000000703800000, 0x0000000703900000|  0%| F|  |TAMS 0x0000000703800000, 0x0000000703800000| Untracked 
|  39|0x0000000703900000, 0x0000000703900000, 0x0000000703a00000|  0%| F|  |TAMS 0x0000000703900000, 0x0000000703900000| Untracked 
|  40|0x0000000703a00000, 0x0000000703a00000, 0x0000000703b00000|  0%| F|  |TAMS 0x0000000703a00000, 0x0000000703a00000| Untracked 
|  41|0x0000000703b00000, 0x0000000703b00000, 0x0000000703c00000|  0%| F|  |TAMS 0x0000000703b00000, 0x0000000703b00000| Untracked 
|  42|0x0000000703c00000, 0x0000000703c00000, 0x0000000703d00000|  0%| F|  |TAMS 0x0000000703c00000, 0x0000000703c00000| Untracked 
|  43|0x0000000703d00000, 0x0000000703d00000, 0x0000000703e00000|  0%| F|  |TAMS 0x0000000703d00000, 0x0000000703d00000| Untracked 
|  44|0x0000000703e00000, 0x0000000703e00000, 0x0000000703f00000|  0%| F|  |TAMS 0x0000000703e00000, 0x0000000703e00000| Untracked 
|  45|0x0000000703f00000, 0x0000000703f00000, 0x0000000704000000|  0%| F|  |TAMS 0x0000000703f00000, 0x0000000703f00000| Untracked 
|  46|0x0000000704000000, 0x0000000704000000, 0x0000000704100000|  0%| F|  |TAMS 0x0000000704000000, 0x0000000704000000| Untracked 
|  47|0x0000000704100000, 0x0000000704100000, 0x0000000704200000|  0%| F|  |TAMS 0x0000000704100000, 0x0000000704100000| Untracked 
|  48|0x0000000704200000, 0x0000000704200000, 0x0000000704300000|  0%| F|  |TAMS 0x0000000704200000, 0x0000000704200000| Untracked 
|  49|0x0000000704300000, 0x0000000704300000, 0x0000000704400000|  0%| F|  |TAMS 0x0000000704300000, 0x0000000704300000| Untracked 
|  50|0x0000000704400000, 0x0000000704400000, 0x0000000704500000|  0%| F|  |TAMS 0x0000000704400000, 0x0000000704400000| Untracked 
|  51|0x0000000704500000, 0x0000000704500000, 0x0000000704600000|  0%| F|  |TAMS 0x0000000704500000, 0x0000000704500000| Untracked 
|  52|0x0000000704600000, 0x0000000704600000, 0x0000000704700000|  0%| F|  |TAMS 0x0000000704600000, 0x0000000704600000| Untracked 
|  53|0x0000000704700000, 0x0000000704700000, 0x0000000704800000|  0%| F|  |TAMS 0x0000000704700000, 0x0000000704700000| Untracked 
|  54|0x0000000704800000, 0x0000000704800000, 0x0000000704900000|  0%| F|  |TAMS 0x0000000704800000, 0x0000000704800000| Untracked 
|  55|0x0000000704900000, 0x0000000704900000, 0x0000000704a00000|  0%| F|  |TAMS 0x0000000704900000, 0x0000000704900000| Untracked 
|  56|0x0000000704a00000, 0x0000000704a00000, 0x0000000704b00000|  0%| F|  |TAMS 0x0000000704a00000, 0x0000000704a00000| Untracked 
|  57|0x0000000704b00000, 0x0000000704b00000, 0x0000000704c00000|  0%| F|  |TAMS 0x0000000704b00000, 0x0000000704b00000| Untracked 
|  58|0x0000000704c00000, 0x0000000704c00000, 0x0000000704d00000|  0%| F|  |TAMS 0x0000000704c00000, 0x0000000704c00000| Untracked 
|  59|0x0000000704d00000, 0x0000000704d00000, 0x0000000704e00000|  0%| F|  |TAMS 0x0000000704d00000, 0x0000000704d00000| Untracked 
|  60|0x0000000704e00000, 0x0000000704e00000, 0x0000000704f00000|  0%| F|  |TAMS 0x0000000704e00000, 0x0000000704e00000| Untracked 
|  61|0x0000000704f00000, 0x0000000704f00000, 0x0000000705000000|  0%| F|  |TAMS 0x0000000704f00000, 0x0000000704f00000| Untracked 
|  62|0x0000000705000000, 0x0000000705000000, 0x0000000705100000|  0%| F|  |TAMS 0x0000000705000000, 0x0000000705000000| Untracked 
|  63|0x0000000705100000, 0x0000000705100000, 0x0000000705200000|  0%| F|  |TAMS 0x0000000705100000, 0x0000000705100000| Untracked 
|  64|0x0000000705200000, 0x0000000705200000, 0x0000000705300000|  0%| F|  |TAMS 0x0000000705200000, 0x0000000705200000| Untracked 
|  65|0x0000000705300000, 0x0000000705300000, 0x0000000705400000|  0%| F|  |TAMS 0x0000000705300000, 0x0000000705300000| Untracked 
|  66|0x0000000705400000, 0x0000000705400000, 0x0000000705500000|  0%| F|  |TAMS 0x0000000705400000, 0x0000000705400000| Untracked 
|  67|0x0000000705500000, 0x0000000705500000, 0x0000000705600000|  0%| F|  |TAMS 0x0000000705500000, 0x0000000705500000| Untracked 
|  68|0x0000000705600000, 0x0000000705600000, 0x0000000705700000|  0%| F|  |TAMS 0x0000000705600000, 0x0000000705600000| Untracked 
|  69|0x0000000705700000, 0x0000000705700000, 0x0000000705800000|  0%| F|  |TAMS 0x0000000705700000, 0x0000000705700000| Untracked 
|  70|0x0000000705800000, 0x0000000705800000, 0x0000000705900000|  0%| F|  |TAMS 0x0000000705800000, 0x0000000705800000| Untracked 
|  71|0x0000000705900000, 0x0000000705900000, 0x0000000705a00000|  0%| F|  |TAMS 0x0000000705900000, 0x0000000705900000| Untracked 
|  72|0x0000000705a00000, 0x0000000705a00000, 0x0000000705b00000|  0%| F|  |TAMS 0x0000000705a00000, 0x0000000705a00000| Untracked 
|  73|0x0000000705b00000, 0x0000000705b00000, 0x0000000705c00000|  0%| F|  |TAMS 0x0000000705b00000, 0x0000000705b00000| Untracked 
|  74|0x0000000705c00000, 0x0000000705c00000, 0x0000000705d00000|  0%| F|  |TAMS 0x0000000705c00000, 0x0000000705c00000| Untracked 
|  75|0x0000000705d00000, 0x0000000705d00000, 0x0000000705e00000|  0%| F|  |TAMS 0x0000000705d00000, 0x0000000705d00000| Untracked 
|  76|0x0000000705e00000, 0x0000000705e00000, 0x0000000705f00000|  0%| F|  |TAMS 0x0000000705e00000, 0x0000000705e00000| Untracked 
|  77|0x0000000705f00000, 0x0000000705f00000, 0x0000000706000000|  0%| F|  |TAMS 0x0000000705f00000, 0x0000000705f00000| Untracked 
|  78|0x0000000706000000, 0x0000000706000000, 0x0000000706100000|  0%| F|  |TAMS 0x0000000706000000, 0x0000000706000000| Untracked 
|  79|0x0000000706100000, 0x0000000706100000, 0x0000000706200000|  0%| F|  |TAMS 0x0000000706100000, 0x0000000706100000| Untracked 
|  80|0x0000000706200000, 0x0000000706200000, 0x0000000706300000|  0%| F|  |TAMS 0x0000000706200000, 0x0000000706200000| Untracked 
|  81|0x0000000706300000, 0x0000000706300000, 0x0000000706400000|  0%| F|  |TAMS 0x0000000706300000, 0x0000000706300000| Untracked 
|  82|0x0000000706400000, 0x0000000706400000, 0x0000000706500000|  0%| F|  |TAMS 0x0000000706400000, 0x0000000706400000| Untracked 
|  83|0x0000000706500000, 0x0000000706500000, 0x0000000706600000|  0%| F|  |TAMS 0x0000000706500000, 0x0000000706500000| Untracked 
|  84|0x0000000706600000, 0x0000000706600000, 0x0000000706700000|  0%| F|  |TAMS 0x0000000706600000, 0x0000000706600000| Untracked 
|  85|0x0000000706700000, 0x0000000706700000, 0x0000000706800000|  0%| F|  |TAMS 0x0000000706700000, 0x0000000706700000| Untracked 
|  86|0x0000000706800000, 0x0000000706800000, 0x0000000706900000|  0%| F|  |TAMS 0x0000000706800000, 0x0000000706800000| Untracked 
|  87|0x0000000706900000, 0x0000000706900000, 0x0000000706a00000|  0%| F|  |TAMS 0x0000000706900000, 0x0000000706900000| Untracked 
|  88|0x0000000706a00000, 0x0000000706a00000, 0x0000000706b00000|  0%| F|  |TAMS 0x0000000706a00000, 0x0000000706a00000| Untracked 
|  89|0x0000000706b00000, 0x0000000706b00000, 0x0000000706c00000|  0%| F|  |TAMS 0x0000000706b00000, 0x0000000706b00000| Untracked 
|  90|0x0000000706c00000, 0x0000000706c00000, 0x0000000706d00000|  0%| F|  |TAMS 0x0000000706c00000, 0x0000000706c00000| Untracked 
|  91|0x0000000706d00000, 0x0000000706d00000, 0x0000000706e00000|  0%| F|  |TAMS 0x0000000706d00000, 0x0000000706d00000| Untracked 
|  92|0x0000000706e00000, 0x0000000706e00000, 0x0000000706f00000|  0%| F|  |TAMS 0x0000000706e00000, 0x0000000706e00000| Untracked 
|  93|0x0000000706f00000, 0x0000000706f00000, 0x0000000707000000|  0%| F|  |TAMS 0x0000000706f00000, 0x0000000706f00000| Untracked 
|  94|0x0000000707000000, 0x0000000707000000, 0x0000000707100000|  0%| F|  |TAMS 0x0000000707000000, 0x0000000707000000| Untracked 
|  95|0x0000000707100000, 0x0000000707100000, 0x0000000707200000|  0%| F|  |TAMS 0x0000000707100000, 0x0000000707100000| Untracked 
|  96|0x0000000707200000, 0x0000000707200000, 0x0000000707300000|  0%| F|  |TAMS 0x0000000707200000, 0x0000000707200000| Untracked 
|  97|0x0000000707300000, 0x0000000707300000, 0x0000000707400000|  0%| F|  |TAMS 0x0000000707300000, 0x0000000707300000| Untracked 
|  98|0x0000000707400000, 0x0000000707400000, 0x0000000707500000|  0%| F|  |TAMS 0x0000000707400000, 0x0000000707400000| Untracked 
|  99|0x0000000707500000, 0x0000000707500000, 0x0000000707600000|  0%| F|  |TAMS 0x0000000707500000, 0x0000000707500000| Untracked 
| 100|0x0000000707600000, 0x0000000707600000, 0x0000000707700000|  0%| F|  |TAMS 0x0000000707600000, 0x0000000707600000| Untracked 
| 101|0x0000000707700000, 0x0000000707700000, 0x0000000707800000|  0%| F|  |TAMS 0x0000000707700000, 0x0000000707700000| Untracked 
| 102|0x0000000707800000, 0x0000000707800000, 0x0000000707900000|  0%| F|  |TAMS 0x0000000707800000, 0x0000000707800000| Untracked 
| 103|0x0000000707900000, 0x0000000707900000, 0x0000000707a00000|  0%| F|  |TAMS 0x0000000707900000, 0x0000000707900000| Untracked 
| 104|0x0000000707a00000, 0x0000000707a00000, 0x0000000707b00000|  0%| F|  |TAMS 0x0000000707a00000, 0x0000000707a00000| Untracked 
| 105|0x0000000707b00000, 0x0000000707b00000, 0x0000000707c00000|  0%| F|  |TAMS 0x0000000707b00000, 0x0000000707b00000| Untracked 
| 106|0x0000000707c00000, 0x0000000707c00000, 0x0000000707d00000|  0%| F|  |TAMS 0x0000000707c00000, 0x0000000707c00000| Untracked 
| 107|0x0000000707d00000, 0x0000000707d00000, 0x0000000707e00000|  0%| F|  |TAMS 0x0000000707d00000, 0x0000000707d00000| Untracked 
| 108|0x0000000707e00000, 0x0000000707e00000, 0x0000000707f00000|  0%| F|  |TAMS 0x0000000707e00000, 0x0000000707e00000| Untracked 
| 109|0x0000000707f00000, 0x0000000707f00000, 0x0000000708000000|  0%| F|  |TAMS 0x0000000707f00000, 0x0000000707f00000| Untracked 
| 110|0x0000000708000000, 0x0000000708000000, 0x0000000708100000|  0%| F|  |TAMS 0x0000000708000000, 0x0000000708000000| Untracked 
| 111|0x0000000708100000, 0x0000000708100000, 0x0000000708200000|  0%| F|  |TAMS 0x0000000708100000, 0x0000000708100000| Untracked 
| 112|0x0000000708200000, 0x0000000708200000, 0x0000000708300000|  0%| F|  |TAMS 0x0000000708200000, 0x0000000708200000| Untracked 
| 113|0x0000000708300000, 0x0000000708300000, 0x0000000708400000|  0%| F|  |TAMS 0x0000000708300000, 0x0000000708300000| Untracked 
| 114|0x0000000708400000, 0x0000000708400000, 0x0000000708500000|  0%| F|  |TAMS 0x0000000708400000, 0x0000000708400000| Untracked 
| 115|0x0000000708500000, 0x0000000708500000, 0x0000000708600000|  0%| F|  |TAMS 0x0000000708500000, 0x0000000708500000| Untracked 
| 116|0x0000000708600000, 0x0000000708600000, 0x0000000708700000|  0%| F|  |TAMS 0x0000000708600000, 0x0000000708600000| Untracked 
| 117|0x0000000708700000, 0x0000000708700000, 0x0000000708800000|  0%| F|  |TAMS 0x0000000708700000, 0x0000000708700000| Untracked 
| 118|0x0000000708800000, 0x0000000708800000, 0x0000000708900000|  0%| F|  |TAMS 0x0000000708800000, 0x0000000708800000| Untracked 
| 119|0x0000000708900000, 0x0000000708900000, 0x0000000708a00000|  0%| F|  |TAMS 0x0000000708900000, 0x0000000708900000| Untracked 
| 120|0x0000000708a00000, 0x0000000708a00000, 0x0000000708b00000|  0%| F|  |TAMS 0x0000000708a00000, 0x0000000708a00000| Untracked 
| 121|0x0000000708b00000, 0x0000000708b00000, 0x0000000708c00000|  0%| F|  |TAMS 0x0000000708b00000, 0x0000000708b00000| Untracked 
| 122|0x0000000708c00000, 0x0000000708c00000, 0x0000000708d00000|  0%| F|  |TAMS 0x0000000708c00000, 0x0000000708c00000| Untracked 
| 123|0x0000000708d00000, 0x0000000708d00000, 0x0000000708e00000|  0%| F|  |TAMS 0x0000000708d00000, 0x0000000708d00000| Untracked 
| 124|0x0000000708e00000, 0x0000000708e00000, 0x0000000708f00000|  0%| F|  |TAMS 0x0000000708e00000, 0x0000000708e00000| Untracked 
| 125|0x0000000708f00000, 0x0000000708f00000, 0x0000000709000000|  0%| F|  |TAMS 0x0000000708f00000, 0x0000000708f00000| Untracked 
| 126|0x0000000709000000, 0x0000000709000000, 0x0000000709100000|  0%| F|  |TAMS 0x0000000709000000, 0x0000000709000000| Untracked 
| 127|0x0000000709100000, 0x0000000709100000, 0x0000000709200000|  0%| F|  |TAMS 0x0000000709100000, 0x0000000709100000| Untracked 
| 128|0x0000000709200000, 0x0000000709200000, 0x0000000709300000|  0%| F|  |TAMS 0x0000000709200000, 0x0000000709200000| Untracked 
| 129|0x0000000709300000, 0x0000000709300000, 0x0000000709400000|  0%| F|  |TAMS 0x0000000709300000, 0x0000000709300000| Untracked 
| 130|0x0000000709400000, 0x0000000709400000, 0x0000000709500000|  0%| F|  |TAMS 0x0000000709400000, 0x0000000709400000| Untracked 
| 131|0x0000000709500000, 0x0000000709500000, 0x0000000709600000|  0%| F|  |TAMS 0x0000000709500000, 0x0000000709500000| Untracked 
| 132|0x0000000709600000, 0x0000000709600000, 0x0000000709700000|  0%| F|  |TAMS 0x0000000709600000, 0x0000000709600000| Untracked 
| 133|0x0000000709700000, 0x0000000709700000, 0x0000000709800000|  0%| F|  |TAMS 0x0000000709700000, 0x0000000709700000| Untracked 
| 134|0x0000000709800000, 0x0000000709800000, 0x0000000709900000|  0%| F|  |TAMS 0x0000000709800000, 0x0000000709800000| Untracked 
| 135|0x0000000709900000, 0x0000000709900000, 0x0000000709a00000|  0%| F|  |TAMS 0x0000000709900000, 0x0000000709900000| Untracked 
| 136|0x0000000709a00000, 0x0000000709a00000, 0x0000000709b00000|  0%| F|  |TAMS 0x0000000709a00000, 0x0000000709a00000| Untracked 
| 137|0x0000000709b00000, 0x0000000709b00000, 0x0000000709c00000|  0%| F|  |TAMS 0x0000000709b00000, 0x0000000709b00000| Untracked 
| 138|0x0000000709c00000, 0x0000000709c00000, 0x0000000709d00000|  0%| F|  |TAMS 0x0000000709c00000, 0x0000000709c00000| Untracked 
| 139|0x0000000709d00000, 0x0000000709d00000, 0x0000000709e00000|  0%| F|  |TAMS 0x0000000709d00000, 0x0000000709d00000| Untracked 
| 140|0x0000000709e00000, 0x0000000709e00000, 0x0000000709f00000|  0%| F|  |TAMS 0x0000000709e00000, 0x0000000709e00000| Untracked 
| 141|0x0000000709f00000, 0x0000000709f00000, 0x000000070a000000|  0%| F|  |TAMS 0x0000000709f00000, 0x0000000709f00000| Untracked 
| 142|0x000000070a000000, 0x000000070a000000, 0x000000070a100000|  0%| F|  |TAMS 0x000000070a000000, 0x000000070a000000| Untracked 
| 143|0x000000070a100000, 0x000000070a100000, 0x000000070a200000|  0%| F|  |TAMS 0x000000070a100000, 0x000000070a100000| Untracked 
| 144|0x000000070a200000, 0x000000070a200000, 0x000000070a300000|  0%| F|  |TAMS 0x000000070a200000, 0x000000070a200000| Untracked 
| 145|0x000000070a300000, 0x000000070a300000, 0x000000070a400000|  0%| F|  |TAMS 0x000000070a300000, 0x000000070a300000| Untracked 
| 146|0x000000070a400000, 0x000000070a400000, 0x000000070a500000|  0%| F|  |TAMS 0x000000070a400000, 0x000000070a400000| Untracked 
| 147|0x000000070a500000, 0x000000070a500000, 0x000000070a600000|  0%| F|  |TAMS 0x000000070a500000, 0x000000070a500000| Untracked 
| 148|0x000000070a600000, 0x000000070a600000, 0x000000070a700000|  0%| F|  |TAMS 0x000000070a600000, 0x000000070a600000| Untracked 
| 149|0x000000070a700000, 0x000000070a700000, 0x000000070a800000|  0%| F|  |TAMS 0x000000070a700000, 0x000000070a700000| Untracked 
| 150|0x000000070a800000, 0x000000070a800000, 0x000000070a900000|  0%| F|  |TAMS 0x000000070a800000, 0x000000070a800000| Untracked 
| 151|0x000000070a900000, 0x000000070a900000, 0x000000070aa00000|  0%| F|  |TAMS 0x000000070a900000, 0x000000070a900000| Untracked 
| 152|0x000000070aa00000, 0x000000070aa00000, 0x000000070ab00000|  0%| F|  |TAMS 0x000000070aa00000, 0x000000070aa00000| Untracked 
| 153|0x000000070ab00000, 0x000000070ab00000, 0x000000070ac00000|  0%| F|  |TAMS 0x000000070ab00000, 0x000000070ab00000| Untracked 
| 154|0x000000070ac00000, 0x000000070ac00000, 0x000000070ad00000|  0%| F|  |TAMS 0x000000070ac00000, 0x000000070ac00000| Untracked 
| 155|0x000000070ad00000, 0x000000070ad00000, 0x000000070ae00000|  0%| F|  |TAMS 0x000000070ad00000, 0x000000070ad00000| Untracked 
| 156|0x000000070ae00000, 0x000000070ae00000, 0x000000070af00000|  0%| F|  |TAMS 0x000000070ae00000, 0x000000070ae00000| Untracked 
| 157|0x000000070af00000, 0x000000070af00000, 0x000000070b000000|  0%| F|  |TAMS 0x000000070af00000, 0x000000070af00000| Untracked 
| 158|0x000000070b000000, 0x000000070b000000, 0x000000070b100000|  0%| F|  |TAMS 0x000000070b000000, 0x000000070b000000| Untracked 
| 159|0x000000070b100000, 0x000000070b100000, 0x000000070b200000|  0%| F|  |TAMS 0x000000070b100000, 0x000000070b100000| Untracked 
| 160|0x000000070b200000, 0x000000070b200000, 0x000000070b300000|  0%| F|  |TAMS 0x000000070b200000, 0x000000070b200000| Untracked 
| 161|0x000000070b300000, 0x000000070b300000, 0x000000070b400000|  0%| F|  |TAMS 0x000000070b300000, 0x000000070b300000| Untracked 
| 162|0x000000070b400000, 0x000000070b400000, 0x000000070b500000|  0%| F|  |TAMS 0x000000070b400000, 0x000000070b400000| Untracked 
| 163|0x000000070b500000, 0x000000070b500000, 0x000000070b600000|  0%| F|  |TAMS 0x000000070b500000, 0x000000070b500000| Untracked 
| 164|0x000000070b600000, 0x000000070b600000, 0x000000070b700000|  0%| F|  |TAMS 0x000000070b600000, 0x000000070b600000| Untracked 
| 165|0x000000070b700000, 0x000000070b700000, 0x000000070b800000|  0%| F|  |TAMS 0x000000070b700000, 0x000000070b700000| Untracked 
| 166|0x000000070b800000, 0x000000070b800000, 0x000000070b900000|  0%| F|  |TAMS 0x000000070b800000, 0x000000070b800000| Untracked 
| 167|0x000000070b900000, 0x000000070b900000, 0x000000070ba00000|  0%| F|  |TAMS 0x000000070b900000, 0x000000070b900000| Untracked 
| 168|0x000000070ba00000, 0x000000070ba00000, 0x000000070bb00000|  0%| F|  |TAMS 0x000000070ba00000, 0x000000070ba00000| Untracked 
| 169|0x000000070bb00000, 0x000000070bb00000, 0x000000070bc00000|  0%| F|  |TAMS 0x000000070bb00000, 0x000000070bb00000| Untracked 
| 170|0x000000070bc00000, 0x000000070bc00000, 0x000000070bd00000|  0%| F|  |TAMS 0x000000070bc00000, 0x000000070bc00000| Untracked 
| 171|0x000000070bd00000, 0x000000070bd00000, 0x000000070be00000|  0%| F|  |TAMS 0x000000070bd00000, 0x000000070bd00000| Untracked 
| 172|0x000000070be00000, 0x000000070be00000, 0x000000070bf00000|  0%| F|  |TAMS 0x000000070be00000, 0x000000070be00000| Untracked 
| 173|0x000000070bf00000, 0x000000070bf00000, 0x000000070c000000|  0%| F|  |TAMS 0x000000070bf00000, 0x000000070bf00000| Untracked 
| 174|0x000000070c000000, 0x000000070c000000, 0x000000070c100000|  0%| F|  |TAMS 0x000000070c000000, 0x000000070c000000| Untracked 
| 175|0x000000070c100000, 0x000000070c100000, 0x000000070c200000|  0%| F|  |TAMS 0x000000070c100000, 0x000000070c100000| Untracked 
| 176|0x000000070c200000, 0x000000070c200000, 0x000000070c300000|  0%| F|  |TAMS 0x000000070c200000, 0x000000070c200000| Untracked 
| 177|0x000000070c300000, 0x000000070c300000, 0x000000070c400000|  0%| F|  |TAMS 0x000000070c300000, 0x000000070c300000| Untracked 
| 178|0x000000070c400000, 0x000000070c400000, 0x000000070c500000|  0%| F|  |TAMS 0x000000070c400000, 0x000000070c400000| Untracked 
| 179|0x000000070c500000, 0x000000070c500000, 0x000000070c600000|  0%| F|  |TAMS 0x000000070c500000, 0x000000070c500000| Untracked 
| 180|0x000000070c600000, 0x000000070c600000, 0x000000070c700000|  0%| F|  |TAMS 0x000000070c600000, 0x000000070c600000| Untracked 
| 181|0x000000070c700000, 0x000000070c700000, 0x000000070c800000|  0%| F|  |TAMS 0x000000070c700000, 0x000000070c700000| Untracked 
| 182|0x000000070c800000, 0x000000070c800000, 0x000000070c900000|  0%| F|  |TAMS 0x000000070c800000, 0x000000070c800000| Untracked 
| 183|0x000000070c900000, 0x000000070c900000, 0x000000070ca00000|  0%| F|  |TAMS 0x000000070c900000, 0x000000070c900000| Untracked 
| 184|0x000000070ca00000, 0x000000070ca00000, 0x000000070cb00000|  0%| F|  |TAMS 0x000000070ca00000, 0x000000070ca00000| Untracked 
| 185|0x000000070cb00000, 0x000000070cb00000, 0x000000070cc00000|  0%| F|  |TAMS 0x000000070cb00000, 0x000000070cb00000| Untracked 
| 186|0x000000070cc00000, 0x000000070cc00000, 0x000000070cd00000|  0%| F|  |TAMS 0x000000070cc00000, 0x000000070cc00000| Untracked 
| 187|0x000000070cd00000, 0x000000070cd00000, 0x000000070ce00000|  0%| F|  |TAMS 0x000000070cd00000, 0x000000070cd00000| Untracked 
| 188|0x000000070ce00000, 0x000000070ce00000, 0x000000070cf00000|  0%| F|  |TAMS 0x000000070ce00000, 0x000000070ce00000| Untracked 
| 189|0x000000070cf00000, 0x000000070cf00000, 0x000000070d000000|  0%| F|  |TAMS 0x000000070cf00000, 0x000000070cf00000| Untracked 
| 190|0x000000070d000000, 0x000000070d000000, 0x000000070d100000|  0%| F|  |TAMS 0x000000070d000000, 0x000000070d000000| Untracked 
| 191|0x000000070d100000, 0x000000070d100000, 0x000000070d200000|  0%| F|  |TAMS 0x000000070d100000, 0x000000070d100000| Untracked 
| 192|0x000000070d200000, 0x000000070d200000, 0x000000070d300000|  0%| F|  |TAMS 0x000000070d200000, 0x000000070d200000| Untracked 
| 193|0x000000070d300000, 0x000000070d300000, 0x000000070d400000|  0%| F|  |TAMS 0x000000070d300000, 0x000000070d300000| Untracked 
| 194|0x000000070d400000, 0x000000070d400000, 0x000000070d500000|  0%| F|  |TAMS 0x000000070d400000, 0x000000070d400000| Untracked 
| 195|0x000000070d500000, 0x000000070d500000, 0x000000070d600000|  0%| F|  |TAMS 0x000000070d500000, 0x000000070d500000| Untracked 
| 196|0x000000070d600000, 0x000000070d600000, 0x000000070d700000|  0%| F|  |TAMS 0x000000070d600000, 0x000000070d600000| Untracked 
| 197|0x000000070d700000, 0x000000070d700000, 0x000000070d800000|  0%| F|  |TAMS 0x000000070d700000, 0x000000070d700000| Untracked 
| 198|0x000000070d800000, 0x000000070d800000, 0x000000070d900000|  0%| F|  |TAMS 0x000000070d800000, 0x000000070d800000| Untracked 
| 199|0x000000070d900000, 0x000000070d900000, 0x000000070da00000|  0%| F|  |TAMS 0x000000070d900000, 0x000000070d900000| Untracked 
| 200|0x000000070da00000, 0x000000070da00000, 0x000000070db00000|  0%| F|  |TAMS 0x000000070da00000, 0x000000070da00000| Untracked 
| 201|0x000000070db00000, 0x000000070db00000, 0x000000070dc00000|  0%| F|  |TAMS 0x000000070db00000, 0x000000070db00000| Untracked 
| 202|0x000000070dc00000, 0x000000070dc00000, 0x000000070dd00000|  0%| F|  |TAMS 0x000000070dc00000, 0x000000070dc00000| Untracked 
| 203|0x000000070dd00000, 0x000000070dd00000, 0x000000070de00000|  0%| F|  |TAMS 0x000000070dd00000, 0x000000070dd00000| Untracked 
| 204|0x000000070de00000, 0x000000070de00000, 0x000000070df00000|  0%| F|  |TAMS 0x000000070de00000, 0x000000070de00000| Untracked 
| 205|0x000000070df00000, 0x000000070df00000, 0x000000070e000000|  0%| F|  |TAMS 0x000000070df00000, 0x000000070df00000| Untracked 
| 206|0x000000070e000000, 0x000000070e000000, 0x000000070e100000|  0%| F|  |TAMS 0x000000070e000000, 0x000000070e000000| Untracked 
| 207|0x000000070e100000, 0x000000070e100000, 0x000000070e200000|  0%| F|  |TAMS 0x000000070e100000, 0x000000070e100000| Untracked 
| 208|0x000000070e200000, 0x000000070e200000, 0x000000070e300000|  0%| F|  |TAMS 0x000000070e200000, 0x000000070e200000| Untracked 
| 209|0x000000070e300000, 0x000000070e300000, 0x000000070e400000|  0%| F|  |TAMS 0x000000070e300000, 0x000000070e300000| Untracked 
| 210|0x000000070e400000, 0x000000070e400000, 0x000000070e500000|  0%| F|  |TAMS 0x000000070e400000, 0x000000070e400000| Untracked 
| 211|0x000000070e500000, 0x000000070e500000, 0x000000070e600000|  0%| F|  |TAMS 0x000000070e500000, 0x000000070e500000| Untracked 
| 212|0x000000070e600000, 0x000000070e600000, 0x000000070e700000|  0%| F|  |TAMS 0x000000070e600000, 0x000000070e600000| Untracked 
| 213|0x000000070e700000, 0x000000070e700000, 0x000000070e800000|  0%| F|  |TAMS 0x000000070e700000, 0x000000070e700000| Untracked 
| 214|0x000000070e800000, 0x000000070e800000, 0x000000070e900000|  0%| F|  |TAMS 0x000000070e800000, 0x000000070e800000| Untracked 
| 215|0x000000070e900000, 0x000000070e900000, 0x000000070ea00000|  0%| F|  |TAMS 0x000000070e900000, 0x000000070e900000| Untracked 
| 216|0x000000070ea00000, 0x000000070ea00000, 0x000000070eb00000|  0%| F|  |TAMS 0x000000070ea00000, 0x000000070ea00000| Untracked 
| 217|0x000000070eb00000, 0x000000070eb00000, 0x000000070ec00000|  0%| F|  |TAMS 0x000000070eb00000, 0x000000070eb00000| Untracked 
| 218|0x000000070ec00000, 0x000000070ec00000, 0x000000070ed00000|  0%| F|  |TAMS 0x000000070ec00000, 0x000000070ec00000| Untracked 
| 219|0x000000070ed00000, 0x000000070ed00000, 0x000000070ee00000|  0%| F|  |TAMS 0x000000070ed00000, 0x000000070ed00000| Untracked 
| 220|0x000000070ee00000, 0x000000070ee00000, 0x000000070ef00000|  0%| F|  |TAMS 0x000000070ee00000, 0x000000070ee00000| Untracked 
| 221|0x000000070ef00000, 0x000000070ef00000, 0x000000070f000000|  0%| F|  |TAMS 0x000000070ef00000, 0x000000070ef00000| Untracked 
| 222|0x000000070f000000, 0x000000070f000000, 0x000000070f100000|  0%| F|  |TAMS 0x000000070f000000, 0x000000070f000000| Untracked 
| 223|0x000000070f100000, 0x000000070f100000, 0x000000070f200000|  0%| F|  |TAMS 0x000000070f100000, 0x000000070f100000| Untracked 
| 224|0x000000070f200000, 0x000000070f200000, 0x000000070f300000|  0%| F|  |TAMS 0x000000070f200000, 0x000000070f200000| Untracked 
| 225|0x000000070f300000, 0x000000070f300000, 0x000000070f400000|  0%| F|  |TAMS 0x000000070f300000, 0x000000070f300000| Untracked 
| 226|0x000000070f400000, 0x000000070f400000, 0x000000070f500000|  0%| F|  |TAMS 0x000000070f400000, 0x000000070f400000| Untracked 
| 227|0x000000070f500000, 0x000000070f500000, 0x000000070f600000|  0%| F|  |TAMS 0x000000070f500000, 0x000000070f500000| Untracked 
| 228|0x000000070f600000, 0x000000070f600000, 0x000000070f700000|  0%| F|  |TAMS 0x000000070f600000, 0x000000070f600000| Untracked 
| 229|0x000000070f700000, 0x000000070f700000, 0x000000070f800000|  0%| F|  |TAMS 0x000000070f700000, 0x000000070f700000| Untracked 
| 230|0x000000070f800000, 0x000000070f800000, 0x000000070f900000|  0%| F|  |TAMS 0x000000070f800000, 0x000000070f800000| Untracked 
| 231|0x000000070f900000, 0x000000070f900000, 0x000000070fa00000|  0%| F|  |TAMS 0x000000070f900000, 0x000000070f900000| Untracked 
| 232|0x000000070fa00000, 0x000000070fa00000, 0x000000070fb00000|  0%| F|  |TAMS 0x000000070fa00000, 0x000000070fa00000| Untracked 
| 233|0x000000070fb00000, 0x000000070fb00000, 0x000000070fc00000|  0%| F|  |TAMS 0x000000070fb00000, 0x000000070fb00000| Untracked 
| 234|0x000000070fc00000, 0x000000070fc00000, 0x000000070fd00000|  0%| F|  |TAMS 0x000000070fc00000, 0x000000070fc00000| Untracked 
| 235|0x000000070fd00000, 0x000000070fd00000, 0x000000070fe00000|  0%| F|  |TAMS 0x000000070fd00000, 0x000000070fd00000| Untracked 
| 236|0x000000070fe00000, 0x000000070fe00000, 0x000000070ff00000|  0%| F|  |TAMS 0x000000070fe00000, 0x000000070fe00000| Untracked 
| 237|0x000000070ff00000, 0x000000070ff00000, 0x0000000710000000|  0%| F|  |TAMS 0x000000070ff00000, 0x000000070ff00000| Untracked 
| 238|0x0000000710000000, 0x0000000710000000, 0x0000000710100000|  0%| F|  |TAMS 0x0000000710000000, 0x0000000710000000| Untracked 
| 239|0x0000000710100000, 0x0000000710100000, 0x0000000710200000|  0%| F|  |TAMS 0x0000000710100000, 0x0000000710100000| Untracked 
| 240|0x0000000710200000, 0x00000007102e62b0, 0x0000000710300000| 89%| S|CS|TAMS 0x0000000710200000, 0x0000000710200000| Complete 
| 241|0x0000000710300000, 0x0000000710400000, 0x0000000710400000|100%| S|CS|TAMS 0x0000000710300000, 0x0000000710300000| Complete 
| 242|0x0000000710400000, 0x0000000710400000, 0x0000000710500000|  0%| F|  |TAMS 0x0000000710400000, 0x0000000710400000| Untracked 
| 243|0x0000000710500000, 0x0000000710500000, 0x0000000710600000|  0%| F|  |TAMS 0x0000000710500000, 0x0000000710500000| Untracked 
| 244|0x0000000710600000, 0x0000000710600000, 0x0000000710700000|  0%| F|  |TAMS 0x0000000710600000, 0x0000000710600000| Untracked 
| 245|0x0000000710700000, 0x0000000710700000, 0x0000000710800000|  0%| F|  |TAMS 0x0000000710700000, 0x0000000710700000| Untracked 
| 246|0x0000000710800000, 0x0000000710800000, 0x0000000710900000|  0%| F|  |TAMS 0x0000000710800000, 0x0000000710800000| Untracked 
| 247|0x0000000710900000, 0x0000000710900000, 0x0000000710a00000|  0%| F|  |TAMS 0x0000000710900000, 0x0000000710900000| Untracked 
| 248|0x0000000710a00000, 0x0000000710a00000, 0x0000000710b00000|  0%| F|  |TAMS 0x0000000710a00000, 0x0000000710a00000| Untracked 
| 249|0x0000000710b00000, 0x0000000710b00000, 0x0000000710c00000|  0%| F|  |TAMS 0x0000000710b00000, 0x0000000710b00000| Untracked 
| 250|0x0000000710c00000, 0x0000000710c00000, 0x0000000710d00000|  0%| F|  |TAMS 0x0000000710c00000, 0x0000000710c00000| Untracked 
| 251|0x0000000710d00000, 0x0000000710d00000, 0x0000000710e00000|  0%| F|  |TAMS 0x0000000710d00000, 0x0000000710d00000| Untracked 
| 252|0x0000000710e00000, 0x0000000710e00000, 0x0000000710f00000|  0%| F|  |TAMS 0x0000000710e00000, 0x0000000710e00000| Untracked 
| 253|0x0000000710f00000, 0x0000000710f00000, 0x0000000711000000|  0%| F|  |TAMS 0x0000000710f00000, 0x0000000710f00000| Untracked 
| 254|0x0000000711000000, 0x0000000711080800, 0x0000000711100000| 50%| E|  |TAMS 0x0000000711000000, 0x0000000711000000| Complete 
| 255|0x0000000711100000, 0x0000000711200000, 0x0000000711200000|100%| E|CS|TAMS 0x0000000711100000, 0x0000000711100000| Complete 

Card table byte_map: [0x0000021099e50000,0x000002109a650000] _byte_map_base: 0x0000021096647000

Marking Bits (Prev, Next): (CMBitMap*) 0x00000210865e1d18, (CMBitMap*) 0x00000210865e1d50
 Prev Bits: [0x000002109ae50000, 0x000002109ee08000)
 Next Bits: [0x000002109ee10000, 0x00000210a2dc8000)

Polling page: 0x00000210843e0000

Metaspace:

Usage:
  Non-class:      6.77 MB capacity,     4.44 MB ( 66%) used,     2.31 MB ( 34%) free+waste,    22.88 KB ( <1%) overhead. 
      Class:    933.00 KB capacity,   585.83 KB ( 63%) used,   334.61 KB ( 36%) free+waste,    12.56 KB (  1%) overhead. 
       Both:      7.68 MB capacity,     5.01 MB ( 65%) used,     2.64 MB ( 34%) free+waste,    35.44 KB ( <1%) overhead. 

Virtual space:
  Non-class space:        8.00 MB reserved,       7.00 MB ( 88%) committed 
      Class space:        1.00 GB reserved,       1.00 MB ( <1%) committed 
             Both:        1.01 GB reserved,       8.00 MB ( <1%) committed 

Chunk freelists:
   Non-Class:  40.00 KB
       Class:  27.00 KB
        Both:  67.00 KB

MaxMetaspaceSize: 17179869184.00 GB
CompressedClassSpaceSize: 1.00 GB

CodeHeap 'non-profiled nmethods': size=120064Kb used=253Kb max_used=253Kb free=119810Kb
 bounds [0x0000021092110000, 0x0000021092380000, 0x0000021099650000]
CodeHeap 'profiled nmethods': size=120000Kb used=1421Kb max_used=1421Kb free=118578Kb
 bounds [0x000002108abe0000, 0x000002108ae50000, 0x0000021092110000]
CodeHeap 'non-nmethods': size=5696Kb used=1120Kb max_used=1135Kb free=4576Kb
 bounds [0x000002108a650000, 0x000002108a8c0000, 0x000002108abe0000]
 total_blobs=1702 nmethods=840 adapters=341
 compilation: enabled
              stopped_count=0, restarted_count=0
 full_count=0

Compilation events (20 events):
Event: 1.212 Thread 0x00000210a52db800 nmethod 823 0x000002108ad3ab10 code [0x000002108ad3ada0, 0x000002108ad3be90]
Event: 1.227 Thread 0x00000210a52db800  824   !   3       java.util.zip.Inflater::setInput (69 bytes)
Event: 1.228 Thread 0x00000210a52db800 nmethod 824 0x000002108ad3c210 code [0x000002108ad3c3e0, 0x000002108ad3c910]
Event: 1.238 Thread 0x00000210a52db800  825       3       java.lang.Character::toLowerCase (6 bytes)
Event: 1.238 Thread 0x00000210a52db800 nmethod 825 0x000002108ad3ca90 code [0x000002108ad3cc60, 0x000002108ad3cf20]
Event: 1.238 Thread 0x00000210a52db800  826       3       java.util.zip.ZipUtils::CENHOW (9 bytes)
Event: 1.239 Thread 0x00000210a52db800 nmethod 826 0x000002108ad3d010 code [0x000002108ad3d1c0, 0x000002108ad3d3b8]
Event: 1.264 Thread 0x00000210a52db800  827       3       java.lang.String::<init> (10 bytes)
Event: 1.265 Thread 0x00000210a52db800 nmethod 827 0x000002108ad3d510 code [0x000002108ad3d6e0, 0x000002108ad3d8b0]
Event: 1.266 Thread 0x00000210a5d69000 nmethod 813 0x000002109214b510 code [0x000002109214b760, 0x000002109214ca50]
Event: 1.266 Thread 0x00000210a5d69000  815       4       jdk.internal.org.objectweb.asm.ByteVector::put12 (64 bytes)
Event: 1.266 Thread 0x00000210a52db800  828       3       java.lang.Enum::<init> (15 bytes)
Event: 1.267 Thread 0x00000210a52db800 nmethod 828 0x000002108ad3d990 code [0x000002108ad3db40, 0x000002108ad3dd78]
Event: 1.269 Thread 0x00000210a5d69000 nmethod 815 0x000002109214d510 code [0x000002109214d6c0, 0x000002109214d868]
Event: 1.273 Thread 0x00000210a5d69000  829       4       java.lang.String::isLatin1 (19 bytes)
Event: 1.273 Thread 0x00000210a5d69000 nmethod 829 0x000002109214d990 code [0x000002109214db20, 0x000002109214db98]
Event: 1.274 Thread 0x00000210a52db800  830       3       java.lang.StringLatin1::getChar (9 bytes)
Event: 1.275 Thread 0x00000210a52db800 nmethod 830 0x000002108ad3de10 code [0x000002108ad3dfc0, 0x000002108ad3e138]
Event: 1.281 Thread 0x00000210a52db800  831       1       java.net.URL::getUserInfo (5 bytes)
Event: 1.281 Thread 0x00000210a52db800 nmethod 831 0x000002109214dc10 code [0x000002109214ddc0, 0x000002109214def8]

GC Heap History (2 events):
Event: 1.145 GC heap before
{Heap before GC invocations=0 (full 0):
 garbage-first heap   total 262144K, used 14336K [0x0000000701200000, 0x0000000800000000)
  region size 1024K, 14 young (14336K), 0 survivors (0K)
 Metaspace       used 4598K, capacity 7327K, committed 7552K, reserved 1056768K
  class space    used 531K, capacity 856K, committed 896K, reserved 1048576K
}
Event: 1.185 GC heap after
{Heap after GC invocations=1 (full 0):
 garbage-first heap   total 262144K, used 1944K [0x0000000701200000, 0x0000000800000000)
  region size 1024K, 2 young (2048K), 2 survivors (2048K)
 Metaspace       used 4598K, capacity 7327K, committed 7552K, reserved 1056768K
  class space    used 531K, capacity 856K, committed 896K, reserved 1048576K
}

Deoptimization events (20 events):
Event: 0.379 Thread 0x0000021086578800 Uncommon trap: trap_request=0xffffffc6 fr.pc=0x0000021092119d24 relative=0x0000000000000084
Event: 0.379 Thread 0x0000021086578800 Uncommon trap: reason=bimorphic_or_optimized_type_check action=maybe_recompile pc=0x0000021092119d24 method=java.util.AbstractCollection.isEmpty()Z @ 1 c2
Event: 0.379 Thread 0x0000021086578800 DEOPT PACKING pc=0x0000021092119d24 sp=0x00000077f7afd3e0
Event: 0.379 Thread 0x0000021086578800 DEOPT UNPACKING pc=0x000002108a6792af sp=0x00000077f7afd370 mode 2
Event: 0.379 Thread 0x0000021086578800 Uncommon trap: trap_request=0xffffffc6 fr.pc=0x0000021092119d24 relative=0x0000000000000084
Event: 0.379 Thread 0x0000021086578800 Uncommon trap: reason=bimorphic_or_optimized_type_check action=maybe_recompile pc=0x0000021092119d24 method=java.util.AbstractCollection.isEmpty()Z @ 1 c2
Event: 0.379 Thread 0x0000021086578800 DEOPT PACKING pc=0x0000021092119d24 sp=0x00000077f7afd5b0
Event: 0.379 Thread 0x0000021086578800 DEOPT UNPACKING pc=0x000002108a6792af sp=0x00000077f7afd540 mode 2
Event: 0.961 Thread 0x00000210a52d4800 Uncommon trap: trap_request=0xffffff4d fr.pc=0x000002109212f15c relative=0x000000000000039c
Event: 0.961 Thread 0x00000210a52d4800 Uncommon trap: reason=unstable_if action=reinterpret pc=0x000002109212f15c method=java.lang.StringLatin1.indexOf([BI[BII)I @ 80 c2
Event: 0.961 Thread 0x00000210a52d4800 DEOPT PACKING pc=0x000002109212f15c sp=0x00000077f84fcec0
Event: 0.961 Thread 0x00000210a52d4800 DEOPT UNPACKING pc=0x000002108a6792af sp=0x00000077f84fce48 mode 2
Event: 1.063 Thread 0x0000021086578800 Uncommon trap: trap_request=0xffffff4d fr.pc=0x00000210921422d8 relative=0x0000000000000358
Event: 1.063 Thread 0x0000021086578800 Uncommon trap: reason=unstable_if action=reinterpret pc=0x00000210921422d8 method=jdk.internal.org.objectweb.asm.Type.getArgumentsAndReturnSizes(Ljava/lang/String;)I @ 88 c2
Event: 1.063 Thread 0x0000021086578800 DEOPT PACKING pc=0x00000210921422d8 sp=0x00000077f7afd040
Event: 1.063 Thread 0x0000021086578800 DEOPT UNPACKING pc=0x000002108a6792af sp=0x00000077f7afcfd0 mode 2
Event: 1.142 Thread 0x00000210a61ac000 Uncommon trap: trap_request=0xffffff4d fr.pc=0x0000021092123e90 relative=0x0000000000000070
Event: 1.142 Thread 0x00000210a61ac000 Uncommon trap: reason=unstable_if action=reinterpret pc=0x0000021092123e90 method=java.nio.Buffer.hasRemaining()Z @ 8 c2
Event: 1.142 Thread 0x00000210a61ac000 DEOPT PACKING pc=0x0000021092123e90 sp=0x00000077f8ffa8c0
Event: 1.142 Thread 0x00000210a61ac000 DEOPT UNPACKING pc=0x000002108a6792af sp=0x00000077f8ffa858 mode 2

Classes redefined (0 events):
No events

Internal exceptions (11 events):
Event: 0.296 Thread 0x0000021086578800 Exception <a 'java/lang/NullPointerException'{0x0000000710f7e8c0}> (0x0000000710f7e8c0) thrown at [c:/BuildAgent/work/5ff2f6c26000d570/src/hotspot/share/interpreter/linkResolver.cpp, line 1358]
Event: 0.409 Thread 0x0000021086578800 Exception <a 'java/lang/NoSuchMethodError'{0x0000000710d1e028}: 'java.lang.Object java.lang.invoke.DirectMethodHandle$Holder.invokeStatic(java.lang.Object, java.lang.Object, java.lang.Object, java.lang.Object, java.lang.Object, java.lang.Object, java.lang
Event: 0.421 Thread 0x0000021086578800 Exception <a 'java/lang/NoSuchMethodError'{0x0000000710d3d600}: 'java.lang.Object java.lang.invoke.DirectMethodHandle$Holder.invokeStatic(java.lang.Object, java.lang.Object, java.lang.Object, java.lang.Object, java.lang.Object, java.lang.Object, java.lang
Event: 0.429 Thread 0x0000021086578800 Exception <a 'java/lang/NoSuchMethodError'{0x0000000710d5cbe0}: 'java.lang.Object java.lang.invoke.DirectMethodHandle$Holder.invokeStatic(java.lang.Object, java.lang.Object, java.lang.Object, java.lang.Object, java.lang.Object, java.lang.Object, java.lang
Event: 0.442 Thread 0x0000021086578800 Exception <a 'java/lang/NoSuchMethodError'{0x0000000710d7d528}: 'java.lang.Object java.lang.invoke.DirectMethodHandle$Holder.invokeStatic(java.lang.Object, java.lang.Object, java.lang.Object, java.lang.Object, java.lang.Object, java.lang.Object, java.lang
Event: 0.742 Thread 0x0000021086578800 Exception <a 'java/lang/NoSuchMethodError'{0x0000000710bd5b00}: 'int java.lang.invoke.DirectMethodHandle$Holder.invokeStaticInit(java.lang.Object, java.lang.Object, java.lang.Object)'> (0x0000000710bd5b00) thrown at [c:/BuildAgent/work/5ff2f6c26000d570/sr
Event: 0.745 Thread 0x0000021086578800 Exception <a 'java/lang/NoSuchMethodError'{0x0000000710aec108}: 'void java.lang.invoke.DirectMethodHandle$Holder.invokeSpecial(java.lang.Object, java.lang.Object)'> (0x0000000710aec108) thrown at [c:/BuildAgent/work/5ff2f6c26000d570/src/hotspot/share/inte
Event: 0.797 Thread 0x0000021086578800 Exception <a 'java/lang/NoSuchMethodError'{0x00000007109b6a38}: 'java.lang.Object java.lang.invoke.DirectMethodHandle$Holder.invokeStatic(java.lang.Object, java.lang.Object, int, java.lang.Object)'> (0x00000007109b6a38) thrown at [c:/BuildAgent/work/5ff2f
Event: 0.799 Thread 0x0000021086578800 Exception <a 'java/lang/NoSuchMethodError'{0x00000007109bd510}: 'java.lang.Object java.lang.invoke.Invokers$Holder.linkToTargetMethod(java.lang.Object, int, java.lang.Object, java.lang.Object)'> (0x00000007109bd510) thrown at [c:/BuildAgent/work/5ff2f6c26
Event: 1.026 Thread 0x00000210a61ac000 Exception <a 'java/lang/NoSuchMethodError'{0x00000007107a58e0}: 'void java.lang.invoke.DirectMethodHandle$Holder.invokeStaticInit(java.lang.Object)'> (0x00000007107a58e0) thrown at [c:/BuildAgent/work/5ff2f6c26000d570/src/hotspot/share/interpreter/linkRes
Event: 1.032 Thread 0x0000021086578800 Exception <a 'java/lang/NoSuchMethodError'{0x00000007109cd3d0}: 'java.lang.Object java.lang.invoke.Invokers$Holder.linkToTargetMethod(java.lang.Object, java.lang.Object, java.lang.Object, java.lang.Object, java.lang.Object, java.lang.Object)'> (0x00000007

Events (20 events):
Event: 1.268 loading class org/sqlite/SQLiteConfig$TransactionMode
Event: 1.268 loading class org/sqlite/SQLiteConfig$TransactionMode done
Event: 1.269 loading class org/sqlite/SQLiteConfig$DatePrecision
Event: 1.269 loading class org/sqlite/SQLiteConfig$DatePrecision done
Event: 1.271 loading class org/sqlite/SQLiteConfig$DateClass
Event: 1.271 loading class org/sqlite/SQLiteConfig$DateClass done
Event: 1.272 loading class org/sqlite/SQLiteConfig$HexKeyMode
Event: 1.272 loading class org/sqlite/SQLiteConfig$HexKeyMode done
Event: 1.275 loading class org/sqlite/SQLiteOpenMode
Event: 1.275 loading class org/sqlite/SQLiteOpenMode done
Event: 1.277 loading class org/sqlite/SQLiteConnectionConfig
Event: 1.277 loading class org/sqlite/SQLiteConnectionConfig done
Event: 1.278 loading class org/sqlite/date/FastDateFormat
Event: 1.278 loading class org/sqlite/date/FastDateFormat done
Event: 1.279 loading class org/sqlite/date/DateParser
Event: 1.279 loading class org/sqlite/date/DateParser done
Event: 1.280 loading class org/sqlite/date/DatePrinter
Event: 1.280 loading class org/sqlite/date/DatePrinter done
Event: 1.281 loading class org/sqlite/date/FormatCache
Event: 1.281 loading class org/sqlite/date/FormatCache done


Dynamic libraries:
0x00007ff6e1550000 - 0x00007ff6e155a000 	C:\Users\mknig\Documents\IntelliJ IDEA Community Edition 2019.3.4\jbr\bin\java.exe
0x00007ff864220000 - 0x00007ff864410000 	C:\WINDOWS\SYSTEM32\ntdll.dll
0x00007ff862450000 - 0x00007ff862502000 	C:\WINDOWS\System32\KERNEL32.DLL
0x00007ff861240000 - 0x00007ff8614e4000 	C:\WINDOWS\System32\KERNELBASE.dll
0x00007ff8621d0000 - 0x00007ff8622ca000 	C:\WINDOWS\System32\ucrtbase.dll
0x00007ff85cb10000 - 0x00007ff85cb29000 	C:\Users\mknig\Documents\IntelliJ IDEA Community Edition 2019.3.4\jbr\bin\jli.dll
0x00007ff862a90000 - 0x00007ff862c24000 	C:\WINDOWS\System32\USER32.dll
0x00007ff862100000 - 0x00007ff862121000 	C:\WINDOWS\System32\win32u.dll
0x00007ff862850000 - 0x00007ff862876000 	C:\WINDOWS\System32\GDI32.dll
0x00007ff861f60000 - 0x00007ff8620f5000 	C:\WINDOWS\System32\gdi32full.dll
0x00007ff862130000 - 0x00007ff8621ce000 	C:\WINDOWS\System32\msvcp_win.dll
0x00007ff85b6c0000 - 0x00007ff85b6d7000 	C:\Users\mknig\Documents\IntelliJ IDEA Community Edition 2019.3.4\jbr\bin\VCRUNTIME140.dll
0x00007ff8592a0000 - 0x00007ff859524000 	C:\WINDOWS\WinSxS\amd64_microsoft.windows.common-controls_6595b64144ccf1df_6.0.18362.900_none_e6beb9d913147d17\COMCTL32.dll
0x00007ff8629f0000 - 0x00007ff862a8e000 	C:\WINDOWS\System32\msvcrt.dll
0x00007ff862510000 - 0x00007ff862845000 	C:\WINDOWS\System32\combase.dll
0x00007ff8622d0000 - 0x00007ff8623f0000 	C:\WINDOWS\System32\RPCRT4.dll
0x00007ff861ee0000 - 0x00007ff861f60000 	C:\WINDOWS\System32\bcryptPrimitives.dll
0x00007ff863870000 - 0x00007ff86389e000 	C:\WINDOWS\System32\IMM32.DLL
0x00007ff842fe0000 - 0x00007ff84307d000 	C:\Users\mknig\Documents\IntelliJ IDEA Community Edition 2019.3.4\jbr\bin\msvcp140.dll
0x00007ff8019d0000 - 0x00007ff80248d000 	C:\Users\mknig\Documents\IntelliJ IDEA Community Edition 2019.3.4\jbr\bin\server\jvm.dll
0x00007ff863f90000 - 0x00007ff864033000 	C:\WINDOWS\System32\ADVAPI32.dll
0x00007ff863190000 - 0x00007ff863227000 	C:\WINDOWS\System32\sechost.dll
0x00007ff863180000 - 0x00007ff863188000 	C:\WINDOWS\System32\PSAPI.DLL
0x00007ff83f7d0000 - 0x00007ff83f7d9000 	C:\WINDOWS\SYSTEM32\WSOCK32.dll
0x00007ff863800000 - 0x00007ff86386f000 	C:\WINDOWS\System32\WS2_32.dll
0x00007ff8596a0000 - 0x00007ff8596c4000 	C:\WINDOWS\SYSTEM32\WINMM.dll
0x00007ff85a760000 - 0x00007ff85a76a000 	C:\WINDOWS\SYSTEM32\VERSION.dll
0x00007ff859660000 - 0x00007ff85968d000 	C:\WINDOWS\SYSTEM32\winmmbase.dll
0x00007ff861510000 - 0x00007ff86155a000 	C:\WINDOWS\System32\cfgmgr32.dll
0x00007ff8610f0000 - 0x00007ff861101000 	C:\WINDOWS\System32\kernel.appcore.dll
0x00007ff841bf0000 - 0x00007ff841c01000 	C:\Users\mknig\Documents\IntelliJ IDEA Community Edition 2019.3.4\jbr\bin\verify.dll
0x00007ff85c510000 - 0x00007ff85c704000 	C:\WINDOWS\SYSTEM32\DBGHELP.DLL
0x00007ff85c4e0000 - 0x00007ff85c50a000 	C:\WINDOWS\SYSTEM32\dbgcore.DLL
0x00007ff841a30000 - 0x00007ff841a59000 	C:\Users\mknig\Documents\IntelliJ IDEA Community Edition 2019.3.4\jbr\bin\java.dll
0x00007ff85cbe0000 - 0x00007ff85cbef000 	C:\Users\mknig\Documents\IntelliJ IDEA Community Edition 2019.3.4\jbr\bin\instrument.dll
0x00007ff8419d0000 - 0x00007ff8419e8000 	C:\Users\mknig\Documents\IntelliJ IDEA Community Edition 2019.3.4\jbr\bin\zip.dll
0x00007ff852180000 - 0x00007ff85218b000 	C:\Users\mknig\Documents\IntelliJ IDEA Community Edition 2019.3.4\jbr\bin\jimage.dll
0x00007ff8638a0000 - 0x00007ff863f86000 	C:\WINDOWS\System32\SHELL32.dll
0x00007ff863730000 - 0x00007ff8637d9000 	C:\WINDOWS\System32\shcore.dll
0x00007ff861560000 - 0x00007ff861ce0000 	C:\WINDOWS\System32\windows.storage.dll
0x00007ff861180000 - 0x00007ff8611a3000 	C:\WINDOWS\System32\profapi.dll
0x00007ff861130000 - 0x00007ff86117a000 	C:\WINDOWS\System32\powrprof.dll
0x00007ff8610e0000 - 0x00007ff8610f0000 	C:\WINDOWS\System32\UMPDC.dll
0x00007ff864040000 - 0x00007ff864092000 	C:\WINDOWS\System32\shlwapi.dll
0x00007ff8614f0000 - 0x00007ff861507000 	C:\WINDOWS\System32\cryptsp.dll
0x00007ff8419b0000 - 0x00007ff8419ca000 	C:\Users\mknig\Documents\IntelliJ IDEA Community Edition 2019.3.4\jbr\bin\net.dll
0x00007ff85a8e0000 - 0x00007ff85a9d0000 	C:\WINDOWS\SYSTEM32\WINHTTP.dll
0x00007ff8608f0000 - 0x00007ff860957000 	C:\WINDOWS\system32\mswsock.dll
0x00007ff841990000 - 0x00007ff8419a4000 	C:\Users\mknig\Documents\IntelliJ IDEA Community Edition 2019.3.4\jbr\bin\nio.dll
0x00007ff843b90000 - 0x00007ff843baa000 	C:\Users\mknig\Documents\IntelliJ IDEA Community Edition 2019.3.4\bin\breakgen64.dll
0x0000021084430000 - 0x0000021084433000 	C:\Users\mknig\Documents\IntelliJ IDEA Community Edition 2019.3.4\jbr\bin\api-ms-win-core-console-l1-1-0.dll
0x0000021084440000 - 0x0000021084443000 	C:\Users\mknig\Documents\IntelliJ IDEA Community Edition 2019.3.4\jbr\bin\api-ms-win-core-datetime-l1-1-0.dll
0x0000021084450000 - 0x0000021084453000 	C:\Users\mknig\Documents\IntelliJ IDEA Community Edition 2019.3.4\jbr\bin\api-ms-win-core-debug-l1-1-0.dll
0x0000021084460000 - 0x0000021084463000 	C:\Users\mknig\Documents\IntelliJ IDEA Community Edition 2019.3.4\jbr\bin\api-ms-win-core-errorhandling-l1-1-0.dll
0x0000021084470000 - 0x0000021084474000 	C:\Users\mknig\Documents\IntelliJ IDEA Community Edition 2019.3.4\jbr\bin\api-ms-win-core-file-l1-1-0.dll
0x0000021084480000 - 0x0000021084483000 	C:\Users\mknig\Documents\IntelliJ IDEA Community Edition 2019.3.4\jbr\bin\api-ms-win-core-file-l1-2-0.dll
0x0000021084720000 - 0x0000021084723000 	C:\Users\mknig\Documents\IntelliJ IDEA Community Edition 2019.3.4\jbr\bin\api-ms-win-core-file-l2-1-0.dll
0x0000021086520000 - 0x0000021086523000 	C:\Users\mknig\Documents\IntelliJ IDEA Community Edition 2019.3.4\jbr\bin\api-ms-win-core-handle-l1-1-0.dll
0x0000021086530000 - 0x0000021086533000 	C:\Users\mknig\Documents\IntelliJ IDEA Community Edition 2019.3.4\jbr\bin\api-ms-win-core-heap-l1-1-0.dll
0x0000021086540000 - 0x0000021086543000 	C:\Users\mknig\Documents\IntelliJ IDEA Community Edition 2019.3.4\jbr\bin\api-ms-win-core-interlocked-l1-1-0.dll
0x00000210a6810000 - 0x00000210a6813000 	C:\Users\mknig\Documents\IntelliJ IDEA Community Edition 2019.3.4\jbr\bin\api-ms-win-core-libraryloader-l1-1-0.dll
0x00000210a6820000 - 0x00000210a6823000 	C:\Users\mknig\Documents\IntelliJ IDEA Community Edition 2019.3.4\jbr\bin\api-ms-win-core-localization-l1-2-0.dll
0x00000210a6830000 - 0x00000210a6833000 	C:\Users\mknig\Documents\IntelliJ IDEA Community Edition 2019.3.4\jbr\bin\api-ms-win-core-memory-l1-1-0.dll
0x00000210a6840000 - 0x00000210a6843000 	C:\Users\mknig\Documents\IntelliJ IDEA Community Edition 2019.3.4\jbr\bin\api-ms-win-core-namedpipe-l1-1-0.dll
0x00000210a6850000 - 0x00000210a6853000 	C:\Users\mknig\Documents\IntelliJ IDEA Community Edition 2019.3.4\jbr\bin\api-ms-win-core-processenvironment-l1-1-0.dll
0x00000210a6860000 - 0x00000210a6863000 	C:\Users\mknig\Documents\IntelliJ IDEA Community Edition 2019.3.4\jbr\bin\api-ms-win-core-processthreads-l1-1-0.dll
0x00000210a6870000 - 0x00000210a6873000 	C:\Users\mknig\Documents\IntelliJ IDEA Community Edition 2019.3.4\jbr\bin\api-ms-win-core-processthreads-l1-1-1.dll
0x00000210a6880000 - 0x00000210a6883000 	C:\Users\mknig\Documents\IntelliJ IDEA Community Edition 2019.3.4\jbr\bin\api-ms-win-core-profile-l1-1-0.dll
0x00000210a6890000 - 0x00000210a6893000 	C:\Users\mknig\Documents\IntelliJ IDEA Community Edition 2019.3.4\jbr\bin\api-ms-win-core-rtlsupport-l1-1-0.dll
0x00000210a68a0000 - 0x00000210a68a3000 	C:\Users\mknig\Documents\IntelliJ IDEA Community Edition 2019.3.4\jbr\bin\api-ms-win-core-string-l1-1-0.dll
0x00000210a68b0000 - 0x00000210a68b3000 	C:\Users\mknig\Documents\IntelliJ IDEA Community Edition 2019.3.4\jbr\bin\api-ms-win-core-synch-l1-1-0.dll
0x00000210a68c0000 - 0x00000210a68c3000 	C:\Users\mknig\Documents\IntelliJ IDEA Community Edition 2019.3.4\jbr\bin\api-ms-win-core-synch-l1-2-0.dll
0x00000210a68d0000 - 0x00000210a68d3000 	C:\Users\mknig\Documents\IntelliJ IDEA Community Edition 2019.3.4\jbr\bin\api-ms-win-core-sysinfo-l1-1-0.dll
0x00000210a68e0000 - 0x00000210a68e3000 	C:\Users\mknig\Documents\IntelliJ IDEA Community Edition 2019.3.4\jbr\bin\api-ms-win-core-timezone-l1-1-0.dll
0x00000210a68f0000 - 0x00000210a68f3000 	C:\Users\mknig\Documents\IntelliJ IDEA Community Edition 2019.3.4\jbr\bin\api-ms-win-core-util-l1-1-0.dll
0x00000210a6900000 - 0x00000210a6903000 	C:\Users\mknig\Documents\IntelliJ IDEA Community Edition 2019.3.4\jbr\bin\api-ms-win-crt-conio-l1-1-0.dll
0x00000210a6910000 - 0x00000210a6914000 	C:\Users\mknig\Documents\IntelliJ IDEA Community Edition 2019.3.4\jbr\bin\api-ms-win-crt-convert-l1-1-0.dll
0x00000210a6920000 - 0x00000210a6923000 	C:\Users\mknig\Documents\IntelliJ IDEA Community Edition 2019.3.4\jbr\bin\api-ms-win-crt-environment-l1-1-0.dll
0x00000210a6930000 - 0x00000210a6933000 	C:\Users\mknig\Documents\IntelliJ IDEA Community Edition 2019.3.4\jbr\bin\api-ms-win-crt-filesystem-l1-1-0.dll
0x00000210a6940000 - 0x00000210a6943000 	C:\Users\mknig\Documents\IntelliJ IDEA Community Edition 2019.3.4\jbr\bin\api-ms-win-crt-heap-l1-1-0.dll
0x00000210a6950000 - 0x00000210a6953000 	C:\Users\mknig\Documents\IntelliJ IDEA Community Edition 2019.3.4\jbr\bin\api-ms-win-crt-locale-l1-1-0.dll
0x00000210a6960000 - 0x00000210a6965000 	C:\Users\mknig\Documents\IntelliJ IDEA Community Edition 2019.3.4\jbr\bin\api-ms-win-crt-math-l1-1-0.dll
0x00000210a6970000 - 0x00000210a6975000 	C:\Users\mknig\Documents\IntelliJ IDEA Community Edition 2019.3.4\jbr\bin\api-ms-win-crt-multibyte-l1-1-0.dll
0x00000210a6980000 - 0x00000210a6990000 	C:\Users\mknig\Documents\IntelliJ IDEA Community Edition 2019.3.4\jbr\bin\api-ms-win-crt-private-l1-1-0.dll
0x00000210a6990000 - 0x00000210a6993000 	C:\Users\mknig\Documents\IntelliJ IDEA Community Edition 2019.3.4\jbr\bin\api-ms-win-crt-process-l1-1-0.dll
0x00000210a69a0000 - 0x00000210a69a4000 	C:\Users\mknig\Documents\IntelliJ IDEA Community Edition 2019.3.4\jbr\bin\api-ms-win-crt-runtime-l1-1-0.dll
0x00000210a69b0000 - 0x00000210a69b4000 	C:\Users\mknig\Documents\IntelliJ IDEA Community Edition 2019.3.4\jbr\bin\api-ms-win-crt-stdio-l1-1-0.dll
0x00000210a69c0000 - 0x00000210a69c4000 	C:\Users\mknig\Documents\IntelliJ IDEA Community Edition 2019.3.4\jbr\bin\api-ms-win-crt-string-l1-1-0.dll
0x00000210a69d0000 - 0x00000210a69d3000 	C:\Users\mknig\Documents\IntelliJ IDEA Community Edition 2019.3.4\jbr\bin\api-ms-win-crt-time-l1-1-0.dll
0x00000210a69e0000 - 0x00000210a69e3000 	C:\Users\mknig\Documents\IntelliJ IDEA Community Edition 2019.3.4\jbr\bin\api-ms-win-crt-utility-l1-1-0.dll
0x00007ff829370000 - 0x00007ff82946a000 	C:\Users\mknig\Documents\IntelliJ IDEA Community Edition 2019.3.4\jbr\bin\ucrtbase.dll
0x00007ff843b00000 - 0x00007ff843b52000 	C:\Windows\System32\concrt140.dll
0x00007ff842710000 - 0x00007ff842733000 	C:\Users\mknig\Documents\IntelliJ IDEA Community Edition 2019.3.4\jbr\bin\prism_d3d.dll
0x00007ff804420000 - 0x00007ff8045e7000 	C:\WINDOWS\system32\d3d9.dll
0x00007ff85f990000 - 0x00007ff85f9bd000 	C:\WINDOWS\SYSTEM32\dwmapi.dll
0x00007ff85fd50000 - 0x00007ff85fd70000 	C:\WINDOWS\SYSTEM32\dxcore.dll
0x00007ff85f450000 - 0x00007ff85f4e9000 	C:\WINDOWS\system32\uxtheme.dll
0x00007ffff3420000 - 0x00007ffff595d000 	C:\WINDOWS\SYSTEM32\igdumdim64.dll
0x00007ff8632b0000 - 0x00007ff863375000 	C:\WINDOWS\System32\OLEAUT32.dll
0x00007ff862890000 - 0x00007ff8629e7000 	C:\WINDOWS\System32\ole32.dll
0x00007ff862c40000 - 0x00007ff8630b0000 	C:\WINDOWS\System32\SETUPAPI.dll
0x00007ff861210000 - 0x00007ff861236000 	C:\WINDOWS\System32\bcrypt.dll
0x00007ff842650000 - 0x00007ff842695000 	C:\Users\mknig\Documents\IntelliJ IDEA Community Edition 2019.3.4\jbr\bin\glass.dll
0x00007ff863380000 - 0x00007ff863450000 	C:\WINDOWS\System32\COMDLG32.dll
0x00007ff8640a0000 - 0x00007ff8641d5000 	C:\WINDOWS\System32\MSCTF.dll

dbghelp: loaded successfully - version: 4.0.5 - missing functions: none
symbol engine: initialized successfully - sym options: 0x614 - pdb path: .;C:\Users\mknig\Documents\IntelliJ IDEA Community Edition 2019.3.4\jbr\bin;C:\WINDOWS\SYSTEM32;C:\WINDOWS\WinSxS\amd64_microsoft.windows.common-controls_6595b64144ccf1df_6.0.18362.900_none_e6beb9d913147d17;C:\Users\mknig\Documents\IntelliJ IDEA Community Edition 2019.3.4\jbr\bin\server;C:\Users\mknig\Documents\IntelliJ IDEA Community Edition 2019.3.4\bin

VM Arguments:
jvm_args: -javaagent:C:\Users\mknig\Documents\IntelliJ IDEA Community Edition 2019.3.4\lib\idea_rt.jar=64208:C:\Users\mknig\Documents\IntelliJ IDEA Community Edition 2019.3.4\bin -Dfile.encoding=UTF-8 
java_command: sample.Main
java_class_path (initial): C:\Users\mknig\Documents\GitHub\Projects\Patient Portal GUI in JavaFX\out\production\PatientPortal;C:\Users\mknig\Downloads\sqlite-jdbc-3.30.1.jar
Launcher Type: SUN_STANDARD

[Global flags]
     intx CICompilerCount                          = 3                                         {product} {ergonomic}
     uint ConcGCThreads                            = 1                                         {product} {ergonomic}
     uint G1ConcRefinementThreads                  = 4                                         {product} {ergonomic}
   size_t G1HeapRegionSize                         = 1048576                                   {product} {ergonomic}
    uintx GCDrainStackTargetSize                   = 64                                        {product} {ergonomic}
   size_t InitialHeapSize                          = 268435456                                 {product} {ergonomic}
   size_t MarkStackSize                            = 4194304                                   {product} {ergonomic}
   size_t MaxHeapSize                              = 4276092928                                {product} {ergonomic}
   size_t MaxNewSize                               = 2564816896                                {product} {ergonomic}
   size_t MinHeapDeltaBytes                        = 1048576                                   {product} {ergonomic}
    uintx NonNMethodCodeHeapSize                   = 5830732                                {pd product} {ergonomic}
    uintx NonProfiledCodeHeapSize                  = 122913754                              {pd product} {ergonomic}
    uintx ProfiledCodeHeapSize                     = 122913754                              {pd product} {ergonomic}
    uintx ReservedCodeCacheSize                    = 251658240                              {pd product} {ergonomic}
     bool SegmentedCodeCache                       = true                                      {product} {ergonomic}
     bool UseCompressedClassPointers               = true                                 {lp64_product} {ergonomic}
     bool UseCompressedOops                        = true                                 {lp64_product} {ergonomic}
     bool UseG1GC                                  = true                                      {product} {ergonomic}
     bool UseLargePagesIndividualAllocation        = false                                  {pd product} {ergonomic}

Logging:
Log output configuration:
 #0: stdout all=warning uptime,level,tags
 #1: stderr all=off uptime,level,tags

Environment Variables:
PATH=C:\Program Files (x86)\Common Files\Oracle\Java\javapath;C:\WINDOWS\system32;C:\WINDOWS;C:\WINDOWS\System32\Wbem;C:\WINDOWS\System32\WindowsPowerShell\v1.0\;C:\WINDOWS\System32\OpenSSH\;C:\Program Files (x86)\Wolfram Research\WolframScript\;C:\Program Files\Java\jdk-12.0.1\bin;C:\Users\Default\Documents\Git\cmd;C:\Program Files\PuTTY\;C:\Program Files\dotnet\;C:\Program Files\Microsoft SQL Server\130\Tools\Binn\;C:\Program Files\Microsoft SQL Server\Client SDK\ODBC\170\Tools\Binn\;C:\Program Files\GNU Emacs\bin\;C:\Program Files (x86)\Microsoft SQL Server\150\Tools\Binn\;C:\Program Files\Microsoft SQL Server\150\Tools\Binn\;C:\Program Files\Microsoft SQL Server\150\DTS\Binn\;C:\Program Files (x86)\Microsoft SQL Server\150\DTS\Binn\;C:\Users\mknig\Documents\;C:\Program Files\Microsoft VS Code\bin;C:\Users\mknig\AppData\Local\Programs\Python\Python38-32\Scripts\;C:\Users\mknig\AppData\Local\Programs\Python\Python38-32\;C:\Program Files\MySQL\MySQL Shell 8.0\bin\;C:\Users\mknig\AppData\Local\Programs\Python\Python37-32\Scripts\;C:\Users\mknig\AppData\Local\Programs\Python\Python37-32\;C:\Users\mknig\AppData\Local\Microsoft\WindowsApps;C:\Users\mknig\AppData\Local\GitHubDesktop\bin;C:\Users\mknig\Documents\SQLite\sqlite-tools-win32-x86-3300100;C:\Users\mknig\AppData\Local\Microsoft\WindowsApps;C:\Users\mknig\Documents\bin;C:\Users\mknig\AppData\Roaming\npm;C:\Users\mknig\Documents\heroku\bin
USERNAME=mknig
OS=Windows_NT
PROCESSOR_IDENTIFIER=Intel64 Family 6 Model 69 Stepping 1, GenuineIntel



---------------  S Y S T E M  ---------------

OS: Windows 10 , 64 bit Build 18362 (10.0.18362.900)

CPU:total 4 (initial active 4) (2 cores per cpu, 2 threads per core) family 6 model 69 stepping 1, cmov, cx8, fxsr, mmx, sse, sse2, sse3, ssse3, sse4.1, sse4.2, popcnt, avx, avx2, aes, clmul, erms, lzcnt, ht, tsc, tscinvbit, bmi1, bmi2, fma

Memory: 4k page, system-wide physical 16305M (5994M free)
TotalPageFile size 18305M (AvailPageFile size 2M)
current process WorkingSet (physical memory assigned to process): 79M, peak: 79M
current process commit charge ("private bytes"): 357M, peak: 360M

vm_info: OpenJDK 64-Bit Server VM (11.0.6+8-b520.43) for windows-amd64 JRE (11.0.6+8-b520.43), built on Feb  3 2020 14:18:56 by "" with MS VC++ 14.0 (VS2015)

END.
