#
# There is insufficient memory for the Java Runtime Environment to continue.
# Native memory allocation (malloc) failed to allocate 65552 bytes for Chunk::new
# Possible reasons:
#   The system is out of physical RAM or swap space
#   The process is running with CompressedOops enabled, and the Java Heap may be blocking the growth of the native heap
# Possible solutions:
#   Reduce memory load on the system
#   Increase physical memory or swap space
#   Check if swap backing store is full
#   Decrease Java heap size (-Xmx/-Xms)
#   Decrease number of Java threads
#   Decrease Java thread stack sizes (-Xss)
#   Set larger code cache with -XX:ReservedCodeCacheSize=
#   JVM is running with Zero Based Compressed Oops mode in which the Java heap is
#     placed in the first 32GB address space. The Java Heap base address is the
#     maximum limit for the native heap growth. Please use -XX:HeapBaseMinAddress
#     to set the Java Heap base and to place the Java Heap above 32GB virtual address.
# This output file may be truncated or incomplete.
#
#  Out of Memory Error (c:/BuildAgent/work/5ff2f6c26000d570/src/hotspot/share/memory/arena.cpp:197), pid=36900, tid=35148
#
# JRE version: OpenJDK Runtime Environment (11.0.6+8) (build 11.0.6+8-b520.43)
# Java VM: OpenJDK 64-Bit Server VM (11.0.6+8-b520.43, mixed mode, sharing, tiered, compressed oops, g1 gc, windows-amd64)
# No core dump will be written. Minidumps are not enabled by default on client versions of Windows
#

---------------  S U M M A R Y ------------

Command Line: -javaagent:C:\Users\mknig\Documents\IntelliJ IDEA Community Edition 2019.3.4\lib\idea_rt.jar=49213:C:\Users\mknig\Documents\IntelliJ IDEA Community Edition 2019.3.4\bin -Dfile.encoding=UTF-8 sample.Main

Host: Intel(R) Core(TM) i5-4200U CPU @ 1.60GHz, 4 cores, 15G,  Windows 10 , 64 bit Build 18362 (10.0.18362.900)
Time: Mon Jul  6 17:42:17 2020 Mountain Daylight Time elapsed time: 17 seconds (0d 0h 0m 17s)

---------------  T H R E A D  ---------------

Current thread (0x0000024e566d8000):  JavaThread "C2 CompilerThread0" daemon [_thread_in_native, id=35148, stack(0x0000005a16100000,0x0000005a16200000)]


Current CompileTask:
C2:  17538 2383 %     4       com.sun.marlin.DRenderer::_endRendering @ 251 (2489 bytes)

Stack: [0x0000005a16100000,0x0000005a16200000]
Native frames: (J=compiled Java code, j=interpreted, Vv=VM code, C=native code)
V  [jvm.dll+0x5de31a]
V  [jvm.dll+0x710ae5]
V  [jvm.dll+0x712005]
V  [jvm.dll+0x7126b3]
V  [jvm.dll+0x23e3a8]
V  [jvm.dll+0xb8b5c]
V  [jvm.dll+0xb905c]
V  [jvm.dll+0xb8c58]
V  [jvm.dll+0x5bed80]
V  [jvm.dll+0x663906]
V  [jvm.dll+0x4f3b79]
V  [jvm.dll+0x4f1e5c]
V  [jvm.dll+0x4f3276]
V  [jvm.dll+0x4f2a6b]
V  [jvm.dll+0x4f222f]
V  [jvm.dll+0x4f21f6]
V  [jvm.dll+0x4f2243]
V  [jvm.dll+0x4f2243]
V  [jvm.dll+0x4f2243]
V  [jvm.dll+0x4f2243]
V  [jvm.dll+0x4f2243]
V  [jvm.dll+0x4f21f6]
V  [jvm.dll+0x5030a5]
V  [jvm.dll+0x1f8dcd]
V  [jvm.dll+0x1f691f]
V  [jvm.dll+0x17f76c]
V  [jvm.dll+0x204dd7]
V  [jvm.dll+0x203641]
V  [jvm.dll+0x6da98f]
V  [jvm.dll+0x6d379d]
V  [jvm.dll+0x5dd2e6]
C  [ucrtbase.dll+0x20e82]
C  [KERNEL32.DLL+0x17bd4]
C  [ntdll.dll+0x6ce51]


---------------  P R O C E S S  ---------------

Threads class SMR info:
_java_thread_list=0x0000024e57981530, length=19, elements={
0x0000024e35998800, 0x0000024e566bc800, 0x0000024e566c0000, 0x0000024e566d4800,
0x0000024e566d7000, 0x0000024e566d8000, 0x0000024e566e4800, 0x0000024e566e9000,
0x0000024e5708b000, 0x0000024e5729e800, 0x0000024e5729f800, 0x0000024e574d9000,
0x0000024e57521800, 0x0000024e5753f800, 0x0000024e576c3000, 0x0000024e576e7000,
0x0000024e57851800, 0x0000024e5df80800, 0x0000024e5ca9e800
}

Java Threads: ( => current thread )
  0x0000024e35998800 JavaThread "main" [_thread_blocked, id=34224, stack(0x0000005a15600000,0x0000005a15700000)]
  0x0000024e566bc800 JavaThread "Reference Handler" daemon [_thread_blocked, id=12428, stack(0x0000005a15d00000,0x0000005a15e00000)]
  0x0000024e566c0000 JavaThread "Finalizer" daemon [_thread_blocked, id=27168, stack(0x0000005a15e00000,0x0000005a15f00000)]
  0x0000024e566d4800 JavaThread "Signal Dispatcher" daemon [_thread_blocked, id=13792, stack(0x0000005a15f00000,0x0000005a16000000)]
  0x0000024e566d7000 JavaThread "Attach Listener" daemon [_thread_blocked, id=14656, stack(0x0000005a16000000,0x0000005a16100000)]
=>0x0000024e566d8000 JavaThread "C2 CompilerThread0" daemon [_thread_in_native, id=35148, stack(0x0000005a16100000,0x0000005a16200000)]
  0x0000024e566e4800 JavaThread "C1 CompilerThread0" daemon [_thread_blocked, id=13064, stack(0x0000005a16200000,0x0000005a16300000)]
  0x0000024e566e9000 JavaThread "Sweeper thread" daemon [_thread_blocked, id=24156, stack(0x0000005a16300000,0x0000005a16400000)]
  0x0000024e5708b000 JavaThread "Common-Cleaner" daemon [_thread_blocked, id=23524, stack(0x0000005a16400000,0x0000005a16500000)]
  0x0000024e5729e800 JavaThread "Monitor Ctrl-Break" daemon [_thread_in_native, id=22716, stack(0x0000005a16600000,0x0000005a16700000)]
  0x0000024e5729f800 JavaThread "Service Thread" daemon [_thread_blocked, id=33616, stack(0x0000005a16700000,0x0000005a16800000)]
  0x0000024e574d9000 JavaThread "QuantumRenderer-0" daemon [_thread_blocked, id=25068, stack(0x0000005a16900000,0x0000005a16a00000)]
  0x0000024e57521800 JavaThread "InvokeLaterDispatcher" daemon [_thread_blocked, id=31600, stack(0x0000005a16a00000,0x0000005a16b00000)]
  0x0000024e5753f800 JavaThread "JavaFX Application Thread" [_thread_in_native, id=2932, stack(0x0000005a16b00000,0x0000005a16c00000)]
  0x0000024e576c3000 JavaThread "Thread-1" daemon [_thread_in_native, id=2336, stack(0x0000005a16e00000,0x0000005a16f00000)]
  0x0000024e576e7000 JavaThread "JavaFX-Launcher" [_thread_blocked, id=17356, stack(0x0000005a17100000,0x0000005a17200000)]
  0x0000024e57851800 JavaThread "Java2D Disposer" daemon [_thread_blocked, id=31624, stack(0x0000005a17400000,0x0000005a17500000)]
  0x0000024e5df80800 JavaThread "Prism Font Disposer" daemon [_thread_blocked, id=29520, stack(0x0000005a17900000,0x0000005a17a00000)]
  0x0000024e5ca9e800 JavaThread "Cleaner-0" daemon [_thread_blocked, id=37256, stack(0x0000005a17a00000,0x0000005a17b00000)]

Other Threads:
  0x0000024e566bb800 VMThread "VM Thread" [stack: 0x0000005a15c00000,0x0000005a15d00000] [id=33976]
  0x0000024e571a3800 WatcherThread [stack: 0x0000005a16800000,0x0000005a16900000] [id=37196]
  0x0000024e359b3800 GCTaskThread "GC Thread#0" [stack: 0x0000005a15700000,0x0000005a15800000] [id=33028]
  0x0000024e571a4800 GCTaskThread "GC Thread#1" [stack: 0x0000005a16500000,0x0000005a16600000] [id=6360]
  0x0000024e57691800 GCTaskThread "GC Thread#2" [stack: 0x0000005a17200000,0x0000005a17300000] [id=20420]
  0x0000024e57692800 GCTaskThread "GC Thread#3" [stack: 0x0000005a17300000,0x0000005a17400000] [id=10772]
  0x0000024e35a12000 ConcurrentGCThread "G1 Main Marker" [stack: 0x0000005a15800000,0x0000005a15900000] [id=27232]
  0x0000024e35a13800 ConcurrentGCThread "G1 Conc#0" [stack: 0x0000005a15900000,0x0000005a15a00000] [id=34892]
  0x0000024e565ce800 ConcurrentGCThread "G1 Refine#0" [stack: 0x0000005a15a00000,0x0000005a15b00000] [id=14400]
  0x0000024e565cf800 ConcurrentGCThread "G1 Young RemSet Sampling" [stack: 0x0000005a15b00000,0x0000005a15c00000] [id=36144]

Threads with active compile tasks:
C2 CompilerThread0  17599 2383 %     4       com.sun.marlin.DRenderer::_endRendering @ 251 (2489 bytes)

VM state:not at safepoint (normal execution)

VM Mutex/Monitor currently owned by a thread: None

Heap address: 0x0000000701200000, size: 4078 MB, Compressed Oops mode: Zero based, Oop shift amount: 3
Narrow klass base: 0x0000000800000000, Narrow klass shift: 3
Compressed class space size: 1073741824 Address: 0x0000000840000000

Heap:
 garbage-first heap   total 262144K, used 52430K [0x0000000701200000, 0x0000000800000000)
  region size 1024K, 50 young (51200K), 2 survivors (2048K)
 Metaspace       used 17070K, capacity 18882K, committed 19200K, reserved 1064960K
  class space    used 2462K, capacity 2970K, committed 3072K, reserved 1048576K
Heap Regions: E=young(eden), S=young(survivor), O=old, HS=humongous(starts), HC=humongous(continues), CS=collection set, F=free, A=archive, TAMS=top-at-mark-start (previous, next)
|   0|0x0000000701200000, 0x0000000701233a00, 0x0000000701300000| 20%| O|  |TAMS 0x0000000701200000, 0x0000000701200000| Untracked 
|   1|0x0000000701300000, 0x0000000701400000, 0x0000000701400000|100%|HS|  |TAMS 0x0000000701300000, 0x0000000701300000| Complete 
|   2|0x0000000701400000, 0x0000000701500000, 0x0000000701500000|100%|HC|  |TAMS 0x0000000701400000, 0x0000000701400000| Complete 
|   3|0x0000000701500000, 0x0000000701500000, 0x0000000701600000|  0%| F|  |TAMS 0x0000000701500000, 0x0000000701500000| Untracked 
|   4|0x0000000701600000, 0x0000000701600000, 0x0000000701700000|  0%| F|  |TAMS 0x0000000701600000, 0x0000000701600000| Untracked 
|   5|0x0000000701700000, 0x0000000701700000, 0x0000000701800000|  0%| F|  |TAMS 0x0000000701700000, 0x0000000701700000| Untracked 
|   6|0x0000000701800000, 0x0000000701800000, 0x0000000701900000|  0%| F|  |TAMS 0x0000000701800000, 0x0000000701800000| Untracked 
|   7|0x0000000701900000, 0x0000000701900000, 0x0000000701a00000|  0%| F|  |TAMS 0x0000000701900000, 0x0000000701900000| Untracked 
|   8|0x0000000701a00000, 0x0000000701a00000, 0x0000000701b00000|  0%| F|  |TAMS 0x0000000701a00000, 0x0000000701a00000| Untracked 
|   9|0x0000000701b00000, 0x0000000701b00000, 0x0000000701c00000|  0%| F|  |TAMS 0x0000000701b00000, 0x0000000701b00000| Untracked 
|  10|0x0000000701c00000, 0x0000000701c00000, 0x0000000701d00000|  0%| F|  |TAMS 0x0000000701c00000, 0x0000000701c00000| Untracked 
|  11|0x0000000701d00000, 0x0000000701d00000, 0x0000000701e00000|  0%| F|  |TAMS 0x0000000701d00000, 0x0000000701d00000| Untracked 
|  12|0x0000000701e00000, 0x0000000701e00000, 0x0000000701f00000|  0%| F|  |TAMS 0x0000000701e00000, 0x0000000701e00000| Untracked 
|  13|0x0000000701f00000, 0x0000000701f00000, 0x0000000702000000|  0%| F|  |TAMS 0x0000000701f00000, 0x0000000701f00000| Untracked 
|  14|0x0000000702000000, 0x0000000702000000, 0x0000000702100000|  0%| F|  |TAMS 0x0000000702000000, 0x0000000702000000| Untracked 
|  15|0x0000000702100000, 0x0000000702100000, 0x0000000702200000|  0%| F|  |TAMS 0x0000000702100000, 0x0000000702100000| Untracked 
|  16|0x0000000702200000, 0x0000000702200000, 0x0000000702300000|  0%| F|  |TAMS 0x0000000702200000, 0x0000000702200000| Untracked 
|  17|0x0000000702300000, 0x0000000702300000, 0x0000000702400000|  0%| F|  |TAMS 0x0000000702300000, 0x0000000702300000| Untracked 
|  18|0x0000000702400000, 0x0000000702400000, 0x0000000702500000|  0%| F|  |TAMS 0x0000000702400000, 0x0000000702400000| Untracked 
|  19|0x0000000702500000, 0x0000000702500000, 0x0000000702600000|  0%| F|  |TAMS 0x0000000702500000, 0x0000000702500000| Untracked 
|  20|0x0000000702600000, 0x0000000702600000, 0x0000000702700000|  0%| F|  |TAMS 0x0000000702600000, 0x0000000702600000| Untracked 
|  21|0x0000000702700000, 0x0000000702700000, 0x0000000702800000|  0%| F|  |TAMS 0x0000000702700000, 0x0000000702700000| Untracked 
|  22|0x0000000702800000, 0x0000000702800000, 0x0000000702900000|  0%| F|  |TAMS 0x0000000702800000, 0x0000000702800000| Untracked 
|  23|0x0000000702900000, 0x0000000702900000, 0x0000000702a00000|  0%| F|  |TAMS 0x0000000702900000, 0x0000000702900000| Untracked 
|  24|0x0000000702a00000, 0x0000000702a00000, 0x0000000702b00000|  0%| F|  |TAMS 0x0000000702a00000, 0x0000000702a00000| Untracked 
|  25|0x0000000702b00000, 0x0000000702b00000, 0x0000000702c00000|  0%| F|  |TAMS 0x0000000702b00000, 0x0000000702b00000| Untracked 
|  26|0x0000000702c00000, 0x0000000702c00000, 0x0000000702d00000|  0%| F|  |TAMS 0x0000000702c00000, 0x0000000702c00000| Untracked 
|  27|0x0000000702d00000, 0x0000000702d00000, 0x0000000702e00000|  0%| F|  |TAMS 0x0000000702d00000, 0x0000000702d00000| Untracked 
|  28|0x0000000702e00000, 0x0000000702e00000, 0x0000000702f00000|  0%| F|  |TAMS 0x0000000702e00000, 0x0000000702e00000| Untracked 
|  29|0x0000000702f00000, 0x0000000702f00000, 0x0000000703000000|  0%| F|  |TAMS 0x0000000702f00000, 0x0000000702f00000| Untracked 
|  30|0x0000000703000000, 0x0000000703000000, 0x0000000703100000|  0%| F|  |TAMS 0x0000000703000000, 0x0000000703000000| Untracked 
|  31|0x0000000703100000, 0x0000000703100000, 0x0000000703200000|  0%| F|  |TAMS 0x0000000703100000, 0x0000000703100000| Untracked 
|  32|0x0000000703200000, 0x0000000703200000, 0x0000000703300000|  0%| F|  |TAMS 0x0000000703200000, 0x0000000703200000| Untracked 
|  33|0x0000000703300000, 0x0000000703300000, 0x0000000703400000|  0%| F|  |TAMS 0x0000000703300000, 0x0000000703300000| Untracked 
|  34|0x0000000703400000, 0x0000000703400000, 0x0000000703500000|  0%| F|  |TAMS 0x0000000703400000, 0x0000000703400000| Untracked 
|  35|0x0000000703500000, 0x0000000703500000, 0x0000000703600000|  0%| F|  |TAMS 0x0000000703500000, 0x0000000703500000| Untracked 
|  36|0x0000000703600000, 0x0000000703600000, 0x0000000703700000|  0%| F|  |TAMS 0x0000000703600000, 0x0000000703600000| Untracked 
|  37|0x0000000703700000, 0x0000000703700000, 0x0000000703800000|  0%| F|  |TAMS 0x0000000703700000, 0x0000000703700000| Untracked 
|  38|0x0000000703800000, 0x0000000703800000, 0x0000000703900000|  0%| F|  |TAMS 0x0000000703800000, 0x0000000703800000| Untracked 
|  39|0x0000000703900000, 0x0000000703900000, 0x0000000703a00000|  0%| F|  |TAMS 0x0000000703900000, 0x0000000703900000| Untracked 
|  40|0x0000000703a00000, 0x0000000703a00000, 0x0000000703b00000|  0%| F|  |TAMS 0x0000000703a00000, 0x0000000703a00000| Untracked 
|  41|0x0000000703b00000, 0x0000000703b00000, 0x0000000703c00000|  0%| F|  |TAMS 0x0000000703b00000, 0x0000000703b00000| Untracked 
|  42|0x0000000703c00000, 0x0000000703c00000, 0x0000000703d00000|  0%| F|  |TAMS 0x0000000703c00000, 0x0000000703c00000| Untracked 
|  43|0x0000000703d00000, 0x0000000703d00000, 0x0000000703e00000|  0%| F|  |TAMS 0x0000000703d00000, 0x0000000703d00000| Untracked 
|  44|0x0000000703e00000, 0x0000000703e00000, 0x0000000703f00000|  0%| F|  |TAMS 0x0000000703e00000, 0x0000000703e00000| Untracked 
|  45|0x0000000703f00000, 0x0000000703f00000, 0x0000000704000000|  0%| F|  |TAMS 0x0000000703f00000, 0x0000000703f00000| Untracked 
|  46|0x0000000704000000, 0x0000000704000000, 0x0000000704100000|  0%| F|  |TAMS 0x0000000704000000, 0x0000000704000000| Untracked 
|  47|0x0000000704100000, 0x0000000704100000, 0x0000000704200000|  0%| F|  |TAMS 0x0000000704100000, 0x0000000704100000| Untracked 
|  48|0x0000000704200000, 0x0000000704200000, 0x0000000704300000|  0%| F|  |TAMS 0x0000000704200000, 0x0000000704200000| Untracked 
|  49|0x0000000704300000, 0x0000000704300000, 0x0000000704400000|  0%| F|  |TAMS 0x0000000704300000, 0x0000000704300000| Untracked 
|  50|0x0000000704400000, 0x0000000704400000, 0x0000000704500000|  0%| F|  |TAMS 0x0000000704400000, 0x0000000704400000| Untracked 
|  51|0x0000000704500000, 0x0000000704500000, 0x0000000704600000|  0%| F|  |TAMS 0x0000000704500000, 0x0000000704500000| Untracked 
|  52|0x0000000704600000, 0x0000000704600000, 0x0000000704700000|  0%| F|  |TAMS 0x0000000704600000, 0x0000000704600000| Untracked 
|  53|0x0000000704700000, 0x0000000704700000, 0x0000000704800000|  0%| F|  |TAMS 0x0000000704700000, 0x0000000704700000| Untracked 
|  54|0x0000000704800000, 0x0000000704800000, 0x0000000704900000|  0%| F|  |TAMS 0x0000000704800000, 0x0000000704800000| Untracked 
|  55|0x0000000704900000, 0x0000000704900000, 0x0000000704a00000|  0%| F|  |TAMS 0x0000000704900000, 0x0000000704900000| Untracked 
|  56|0x0000000704a00000, 0x0000000704a00000, 0x0000000704b00000|  0%| F|  |TAMS 0x0000000704a00000, 0x0000000704a00000| Untracked 
|  57|0x0000000704b00000, 0x0000000704b00000, 0x0000000704c00000|  0%| F|  |TAMS 0x0000000704b00000, 0x0000000704b00000| Untracked 
|  58|0x0000000704c00000, 0x0000000704c00000, 0x0000000704d00000|  0%| F|  |TAMS 0x0000000704c00000, 0x0000000704c00000| Untracked 
|  59|0x0000000704d00000, 0x0000000704d00000, 0x0000000704e00000|  0%| F|  |TAMS 0x0000000704d00000, 0x0000000704d00000| Untracked 
|  60|0x0000000704e00000, 0x0000000704e00000, 0x0000000704f00000|  0%| F|  |TAMS 0x0000000704e00000, 0x0000000704e00000| Untracked 
|  61|0x0000000704f00000, 0x0000000704f00000, 0x0000000705000000|  0%| F|  |TAMS 0x0000000704f00000, 0x0000000704f00000| Untracked 
|  62|0x0000000705000000, 0x0000000705000000, 0x0000000705100000|  0%| F|  |TAMS 0x0000000705000000, 0x0000000705000000| Untracked 
|  63|0x0000000705100000, 0x0000000705100000, 0x0000000705200000|  0%| F|  |TAMS 0x0000000705100000, 0x0000000705100000| Untracked 
|  64|0x0000000705200000, 0x0000000705200000, 0x0000000705300000|  0%| F|  |TAMS 0x0000000705200000, 0x0000000705200000| Untracked 
|  65|0x0000000705300000, 0x0000000705300000, 0x0000000705400000|  0%| F|  |TAMS 0x0000000705300000, 0x0000000705300000| Untracked 
|  66|0x0000000705400000, 0x0000000705400000, 0x0000000705500000|  0%| F|  |TAMS 0x0000000705400000, 0x0000000705400000| Untracked 
|  67|0x0000000705500000, 0x0000000705500000, 0x0000000705600000|  0%| F|  |TAMS 0x0000000705500000, 0x0000000705500000| Untracked 
|  68|0x0000000705600000, 0x0000000705600000, 0x0000000705700000|  0%| F|  |TAMS 0x0000000705600000, 0x0000000705600000| Untracked 
|  69|0x0000000705700000, 0x0000000705700000, 0x0000000705800000|  0%| F|  |TAMS 0x0000000705700000, 0x0000000705700000| Untracked 
|  70|0x0000000705800000, 0x0000000705800000, 0x0000000705900000|  0%| F|  |TAMS 0x0000000705800000, 0x0000000705800000| Untracked 
|  71|0x0000000705900000, 0x0000000705900000, 0x0000000705a00000|  0%| F|  |TAMS 0x0000000705900000, 0x0000000705900000| Untracked 
|  72|0x0000000705a00000, 0x0000000705a00000, 0x0000000705b00000|  0%| F|  |TAMS 0x0000000705a00000, 0x0000000705a00000| Untracked 
|  73|0x0000000705b00000, 0x0000000705b00000, 0x0000000705c00000|  0%| F|  |TAMS 0x0000000705b00000, 0x0000000705b00000| Untracked 
|  74|0x0000000705c00000, 0x0000000705c00000, 0x0000000705d00000|  0%| F|  |TAMS 0x0000000705c00000, 0x0000000705c00000| Untracked 
|  75|0x0000000705d00000, 0x0000000705d00000, 0x0000000705e00000|  0%| F|  |TAMS 0x0000000705d00000, 0x0000000705d00000| Untracked 
|  76|0x0000000705e00000, 0x0000000705e00000, 0x0000000705f00000|  0%| F|  |TAMS 0x0000000705e00000, 0x0000000705e00000| Untracked 
|  77|0x0000000705f00000, 0x0000000705f00000, 0x0000000706000000|  0%| F|  |TAMS 0x0000000705f00000, 0x0000000705f00000| Untracked 
|  78|0x0000000706000000, 0x0000000706000000, 0x0000000706100000|  0%| F|  |TAMS 0x0000000706000000, 0x0000000706000000| Untracked 
|  79|0x0000000706100000, 0x0000000706100000, 0x0000000706200000|  0%| F|  |TAMS 0x0000000706100000, 0x0000000706100000| Untracked 
|  80|0x0000000706200000, 0x0000000706200000, 0x0000000706300000|  0%| F|  |TAMS 0x0000000706200000, 0x0000000706200000| Untracked 
|  81|0x0000000706300000, 0x0000000706300000, 0x0000000706400000|  0%| F|  |TAMS 0x0000000706300000, 0x0000000706300000| Untracked 
|  82|0x0000000706400000, 0x0000000706400000, 0x0000000706500000|  0%| F|  |TAMS 0x0000000706400000, 0x0000000706400000| Untracked 
|  83|0x0000000706500000, 0x0000000706500000, 0x0000000706600000|  0%| F|  |TAMS 0x0000000706500000, 0x0000000706500000| Untracked 
|  84|0x0000000706600000, 0x0000000706600000, 0x0000000706700000|  0%| F|  |TAMS 0x0000000706600000, 0x0000000706600000| Untracked 
|  85|0x0000000706700000, 0x0000000706700000, 0x0000000706800000|  0%| F|  |TAMS 0x0000000706700000, 0x0000000706700000| Untracked 
|  86|0x0000000706800000, 0x0000000706800000, 0x0000000706900000|  0%| F|  |TAMS 0x0000000706800000, 0x0000000706800000| Untracked 
|  87|0x0000000706900000, 0x0000000706900000, 0x0000000706a00000|  0%| F|  |TAMS 0x0000000706900000, 0x0000000706900000| Untracked 
|  88|0x0000000706a00000, 0x0000000706a00000, 0x0000000706b00000|  0%| F|  |TAMS 0x0000000706a00000, 0x0000000706a00000| Untracked 
|  89|0x0000000706b00000, 0x0000000706b00000, 0x0000000706c00000|  0%| F|  |TAMS 0x0000000706b00000, 0x0000000706b00000| Untracked 
|  90|0x0000000706c00000, 0x0000000706c00000, 0x0000000706d00000|  0%| F|  |TAMS 0x0000000706c00000, 0x0000000706c00000| Untracked 
|  91|0x0000000706d00000, 0x0000000706d00000, 0x0000000706e00000|  0%| F|  |TAMS 0x0000000706d00000, 0x0000000706d00000| Untracked 
|  92|0x0000000706e00000, 0x0000000706e00000, 0x0000000706f00000|  0%| F|  |TAMS 0x0000000706e00000, 0x0000000706e00000| Untracked 
|  93|0x0000000706f00000, 0x0000000706f00000, 0x0000000707000000|  0%| F|  |TAMS 0x0000000706f00000, 0x0000000706f00000| Untracked 
|  94|0x0000000707000000, 0x0000000707000000, 0x0000000707100000|  0%| F|  |TAMS 0x0000000707000000, 0x0000000707000000| Untracked 
|  95|0x0000000707100000, 0x0000000707100000, 0x0000000707200000|  0%| F|  |TAMS 0x0000000707100000, 0x0000000707100000| Untracked 
|  96|0x0000000707200000, 0x0000000707200000, 0x0000000707300000|  0%| F|  |TAMS 0x0000000707200000, 0x0000000707200000| Untracked 
|  97|0x0000000707300000, 0x0000000707300000, 0x0000000707400000|  0%| F|  |TAMS 0x0000000707300000, 0x0000000707300000| Untracked 
|  98|0x0000000707400000, 0x0000000707400000, 0x0000000707500000|  0%| F|  |TAMS 0x0000000707400000, 0x0000000707400000| Untracked 
|  99|0x0000000707500000, 0x0000000707500000, 0x0000000707600000|  0%| F|  |TAMS 0x0000000707500000, 0x0000000707500000| Untracked 
| 100|0x0000000707600000, 0x0000000707600000, 0x0000000707700000|  0%| F|  |TAMS 0x0000000707600000, 0x0000000707600000| Untracked 
| 101|0x0000000707700000, 0x0000000707700000, 0x0000000707800000|  0%| F|  |TAMS 0x0000000707700000, 0x0000000707700000| Untracked 
| 102|0x0000000707800000, 0x0000000707800000, 0x0000000707900000|  0%| F|  |TAMS 0x0000000707800000, 0x0000000707800000| Untracked 
| 103|0x0000000707900000, 0x0000000707900000, 0x0000000707a00000|  0%| F|  |TAMS 0x0000000707900000, 0x0000000707900000| Untracked 
| 104|0x0000000707a00000, 0x0000000707a00000, 0x0000000707b00000|  0%| F|  |TAMS 0x0000000707a00000, 0x0000000707a00000| Untracked 
| 105|0x0000000707b00000, 0x0000000707b00000, 0x0000000707c00000|  0%| F|  |TAMS 0x0000000707b00000, 0x0000000707b00000| Untracked 
| 106|0x0000000707c00000, 0x0000000707c00000, 0x0000000707d00000|  0%| F|  |TAMS 0x0000000707c00000, 0x0000000707c00000| Untracked 
| 107|0x0000000707d00000, 0x0000000707d00000, 0x0000000707e00000|  0%| F|  |TAMS 0x0000000707d00000, 0x0000000707d00000| Untracked 
| 108|0x0000000707e00000, 0x0000000707e00000, 0x0000000707f00000|  0%| F|  |TAMS 0x0000000707e00000, 0x0000000707e00000| Untracked 
| 109|0x0000000707f00000, 0x0000000707f00000, 0x0000000708000000|  0%| F|  |TAMS 0x0000000707f00000, 0x0000000707f00000| Untracked 
| 110|0x0000000708000000, 0x0000000708000000, 0x0000000708100000|  0%| F|  |TAMS 0x0000000708000000, 0x0000000708000000| Untracked 
| 111|0x0000000708100000, 0x0000000708100000, 0x0000000708200000|  0%| F|  |TAMS 0x0000000708100000, 0x0000000708100000| Untracked 
| 112|0x0000000708200000, 0x0000000708200000, 0x0000000708300000|  0%| F|  |TAMS 0x0000000708200000, 0x0000000708200000| Untracked 
| 113|0x0000000708300000, 0x0000000708300000, 0x0000000708400000|  0%| F|  |TAMS 0x0000000708300000, 0x0000000708300000| Untracked 
| 114|0x0000000708400000, 0x0000000708400000, 0x0000000708500000|  0%| F|  |TAMS 0x0000000708400000, 0x0000000708400000| Untracked 
| 115|0x0000000708500000, 0x0000000708500000, 0x0000000708600000|  0%| F|  |TAMS 0x0000000708500000, 0x0000000708500000| Untracked 
| 116|0x0000000708600000, 0x0000000708600000, 0x0000000708700000|  0%| F|  |TAMS 0x0000000708600000, 0x0000000708600000| Untracked 
| 117|0x0000000708700000, 0x0000000708700000, 0x0000000708800000|  0%| F|  |TAMS 0x0000000708700000, 0x0000000708700000| Untracked 
| 118|0x0000000708800000, 0x0000000708800000, 0x0000000708900000|  0%| F|  |TAMS 0x0000000708800000, 0x0000000708800000| Untracked 
| 119|0x0000000708900000, 0x0000000708900000, 0x0000000708a00000|  0%| F|  |TAMS 0x0000000708900000, 0x0000000708900000| Untracked 
| 120|0x0000000708a00000, 0x0000000708a00000, 0x0000000708b00000|  0%| F|  |TAMS 0x0000000708a00000, 0x0000000708a00000| Untracked 
| 121|0x0000000708b00000, 0x0000000708b00000, 0x0000000708c00000|  0%| F|  |TAMS 0x0000000708b00000, 0x0000000708b00000| Untracked 
| 122|0x0000000708c00000, 0x0000000708c00000, 0x0000000708d00000|  0%| F|  |TAMS 0x0000000708c00000, 0x0000000708c00000| Untracked 
| 123|0x0000000708d00000, 0x0000000708d00000, 0x0000000708e00000|  0%| F|  |TAMS 0x0000000708d00000, 0x0000000708d00000| Untracked 
| 124|0x0000000708e00000, 0x0000000708e00000, 0x0000000708f00000|  0%| F|  |TAMS 0x0000000708e00000, 0x0000000708e00000| Untracked 
| 125|0x0000000708f00000, 0x0000000708f00000, 0x0000000709000000|  0%| F|  |TAMS 0x0000000708f00000, 0x0000000708f00000| Untracked 
| 126|0x0000000709000000, 0x0000000709000000, 0x0000000709100000|  0%| F|  |TAMS 0x0000000709000000, 0x0000000709000000| Untracked 
| 127|0x0000000709100000, 0x0000000709100000, 0x0000000709200000|  0%| F|  |TAMS 0x0000000709100000, 0x0000000709100000| Untracked 
| 128|0x0000000709200000, 0x0000000709200000, 0x0000000709300000|  0%| F|  |TAMS 0x0000000709200000, 0x0000000709200000| Untracked 
| 129|0x0000000709300000, 0x0000000709300000, 0x0000000709400000|  0%| F|  |TAMS 0x0000000709300000, 0x0000000709300000| Untracked 
| 130|0x0000000709400000, 0x0000000709400000, 0x0000000709500000|  0%| F|  |TAMS 0x0000000709400000, 0x0000000709400000| Untracked 
| 131|0x0000000709500000, 0x0000000709500000, 0x0000000709600000|  0%| F|  |TAMS 0x0000000709500000, 0x0000000709500000| Untracked 
| 132|0x0000000709600000, 0x0000000709600000, 0x0000000709700000|  0%| F|  |TAMS 0x0000000709600000, 0x0000000709600000| Untracked 
| 133|0x0000000709700000, 0x0000000709700000, 0x0000000709800000|  0%| F|  |TAMS 0x0000000709700000, 0x0000000709700000| Untracked 
| 134|0x0000000709800000, 0x0000000709800000, 0x0000000709900000|  0%| F|  |TAMS 0x0000000709800000, 0x0000000709800000| Untracked 
| 135|0x0000000709900000, 0x0000000709900000, 0x0000000709a00000|  0%| F|  |TAMS 0x0000000709900000, 0x0000000709900000| Untracked 
| 136|0x0000000709a00000, 0x0000000709a00000, 0x0000000709b00000|  0%| F|  |TAMS 0x0000000709a00000, 0x0000000709a00000| Untracked 
| 137|0x0000000709b00000, 0x0000000709b00000, 0x0000000709c00000|  0%| F|  |TAMS 0x0000000709b00000, 0x0000000709b00000| Untracked 
| 138|0x0000000709c00000, 0x0000000709c00000, 0x0000000709d00000|  0%| F|  |TAMS 0x0000000709c00000, 0x0000000709c00000| Untracked 
| 139|0x0000000709d00000, 0x0000000709d00000, 0x0000000709e00000|  0%| F|  |TAMS 0x0000000709d00000, 0x0000000709d00000| Untracked 
| 140|0x0000000709e00000, 0x0000000709e00000, 0x0000000709f00000|  0%| F|  |TAMS 0x0000000709e00000, 0x0000000709e00000| Untracked 
| 141|0x0000000709f00000, 0x0000000709f00000, 0x000000070a000000|  0%| F|  |TAMS 0x0000000709f00000, 0x0000000709f00000| Untracked 
| 142|0x000000070a000000, 0x000000070a000000, 0x000000070a100000|  0%| F|  |TAMS 0x000000070a000000, 0x000000070a000000| Untracked 
| 143|0x000000070a100000, 0x000000070a100000, 0x000000070a200000|  0%| F|  |TAMS 0x000000070a100000, 0x000000070a100000| Untracked 
| 144|0x000000070a200000, 0x000000070a200000, 0x000000070a300000|  0%| F|  |TAMS 0x000000070a200000, 0x000000070a200000| Untracked 
| 145|0x000000070a300000, 0x000000070a300000, 0x000000070a400000|  0%| F|  |TAMS 0x000000070a300000, 0x000000070a300000| Untracked 
| 146|0x000000070a400000, 0x000000070a400000, 0x000000070a500000|  0%| F|  |TAMS 0x000000070a400000, 0x000000070a400000| Untracked 
| 147|0x000000070a500000, 0x000000070a500000, 0x000000070a600000|  0%| F|  |TAMS 0x000000070a500000, 0x000000070a500000| Untracked 
| 148|0x000000070a600000, 0x000000070a600000, 0x000000070a700000|  0%| F|  |TAMS 0x000000070a600000, 0x000000070a600000| Untracked 
| 149|0x000000070a700000, 0x000000070a700000, 0x000000070a800000|  0%| F|  |TAMS 0x000000070a700000, 0x000000070a700000| Untracked 
| 150|0x000000070a800000, 0x000000070a800000, 0x000000070a900000|  0%| F|  |TAMS 0x000000070a800000, 0x000000070a800000| Untracked 
| 151|0x000000070a900000, 0x000000070a900000, 0x000000070aa00000|  0%| F|  |TAMS 0x000000070a900000, 0x000000070a900000| Untracked 
| 152|0x000000070aa00000, 0x000000070aa00000, 0x000000070ab00000|  0%| F|  |TAMS 0x000000070aa00000, 0x000000070aa00000| Untracked 
| 153|0x000000070ab00000, 0x000000070ab00000, 0x000000070ac00000|  0%| F|  |TAMS 0x000000070ab00000, 0x000000070ab00000| Untracked 
| 154|0x000000070ac00000, 0x000000070ac00000, 0x000000070ad00000|  0%| F|  |TAMS 0x000000070ac00000, 0x000000070ac00000| Untracked 
| 155|0x000000070ad00000, 0x000000070ad00000, 0x000000070ae00000|  0%| F|  |TAMS 0x000000070ad00000, 0x000000070ad00000| Untracked 
| 156|0x000000070ae00000, 0x000000070ae00000, 0x000000070af00000|  0%| F|  |TAMS 0x000000070ae00000, 0x000000070ae00000| Untracked 
| 157|0x000000070af00000, 0x000000070af00000, 0x000000070b000000|  0%| F|  |TAMS 0x000000070af00000, 0x000000070af00000| Untracked 
| 158|0x000000070b000000, 0x000000070b000000, 0x000000070b100000|  0%| F|  |TAMS 0x000000070b000000, 0x000000070b000000| Untracked 
| 159|0x000000070b100000, 0x000000070b100000, 0x000000070b200000|  0%| F|  |TAMS 0x000000070b100000, 0x000000070b100000| Untracked 
| 160|0x000000070b200000, 0x000000070b200000, 0x000000070b300000|  0%| F|  |TAMS 0x000000070b200000, 0x000000070b200000| Untracked 
| 161|0x000000070b300000, 0x000000070b300000, 0x000000070b400000|  0%| F|  |TAMS 0x000000070b300000, 0x000000070b300000| Untracked 
| 162|0x000000070b400000, 0x000000070b400000, 0x000000070b500000|  0%| F|  |TAMS 0x000000070b400000, 0x000000070b400000| Untracked 
| 163|0x000000070b500000, 0x000000070b500000, 0x000000070b600000|  0%| F|  |TAMS 0x000000070b500000, 0x000000070b500000| Untracked 
| 164|0x000000070b600000, 0x000000070b600000, 0x000000070b700000|  0%| F|  |TAMS 0x000000070b600000, 0x000000070b600000| Untracked 
| 165|0x000000070b700000, 0x000000070b700000, 0x000000070b800000|  0%| F|  |TAMS 0x000000070b700000, 0x000000070b700000| Untracked 
| 166|0x000000070b800000, 0x000000070b800000, 0x000000070b900000|  0%| F|  |TAMS 0x000000070b800000, 0x000000070b800000| Untracked 
| 167|0x000000070b900000, 0x000000070b900000, 0x000000070ba00000|  0%| F|  |TAMS 0x000000070b900000, 0x000000070b900000| Untracked 
| 168|0x000000070ba00000, 0x000000070ba00000, 0x000000070bb00000|  0%| F|  |TAMS 0x000000070ba00000, 0x000000070ba00000| Untracked 
| 169|0x000000070bb00000, 0x000000070bb00000, 0x000000070bc00000|  0%| F|  |TAMS 0x000000070bb00000, 0x000000070bb00000| Untracked 
| 170|0x000000070bc00000, 0x000000070bc00000, 0x000000070bd00000|  0%| F|  |TAMS 0x000000070bc00000, 0x000000070bc00000| Untracked 
| 171|0x000000070bd00000, 0x000000070bd00000, 0x000000070be00000|  0%| F|  |TAMS 0x000000070bd00000, 0x000000070bd00000| Untracked 
| 172|0x000000070be00000, 0x000000070be00000, 0x000000070bf00000|  0%| F|  |TAMS 0x000000070be00000, 0x000000070be00000| Untracked 
| 173|0x000000070bf00000, 0x000000070bf00000, 0x000000070c000000|  0%| F|  |TAMS 0x000000070bf00000, 0x000000070bf00000| Untracked 
| 174|0x000000070c000000, 0x000000070c000000, 0x000000070c100000|  0%| F|  |TAMS 0x000000070c000000, 0x000000070c000000| Untracked 
| 175|0x000000070c100000, 0x000000070c100000, 0x000000070c200000|  0%| F|  |TAMS 0x000000070c100000, 0x000000070c100000| Untracked 
| 176|0x000000070c200000, 0x000000070c200000, 0x000000070c300000|  0%| F|  |TAMS 0x000000070c200000, 0x000000070c200000| Untracked 
| 177|0x000000070c300000, 0x000000070c300000, 0x000000070c400000|  0%| F|  |TAMS 0x000000070c300000, 0x000000070c300000| Untracked 
| 178|0x000000070c400000, 0x000000070c400000, 0x000000070c500000|  0%| F|  |TAMS 0x000000070c400000, 0x000000070c400000| Untracked 
| 179|0x000000070c500000, 0x000000070c500000, 0x000000070c600000|  0%| F|  |TAMS 0x000000070c500000, 0x000000070c500000| Untracked 
| 180|0x000000070c600000, 0x000000070c600000, 0x000000070c700000|  0%| F|  |TAMS 0x000000070c600000, 0x000000070c600000| Untracked 
| 181|0x000000070c700000, 0x000000070c700000, 0x000000070c800000|  0%| F|  |TAMS 0x000000070c700000, 0x000000070c700000| Untracked 
| 182|0x000000070c800000, 0x000000070c800000, 0x000000070c900000|  0%| F|  |TAMS 0x000000070c800000, 0x000000070c800000| Untracked 
| 183|0x000000070c900000, 0x000000070c900000, 0x000000070ca00000|  0%| F|  |TAMS 0x000000070c900000, 0x000000070c900000| Untracked 
| 184|0x000000070ca00000, 0x000000070ca00000, 0x000000070cb00000|  0%| F|  |TAMS 0x000000070ca00000, 0x000000070ca00000| Untracked 
| 185|0x000000070cb00000, 0x000000070cb00000, 0x000000070cc00000|  0%| F|  |TAMS 0x000000070cb00000, 0x000000070cb00000| Untracked 
| 186|0x000000070cc00000, 0x000000070cc00000, 0x000000070cd00000|  0%| F|  |TAMS 0x000000070cc00000, 0x000000070cc00000| Untracked 
| 187|0x000000070cd00000, 0x000000070cd00000, 0x000000070ce00000|  0%| F|  |TAMS 0x000000070cd00000, 0x000000070cd00000| Untracked 
| 188|0x000000070ce00000, 0x000000070ce00000, 0x000000070cf00000|  0%| F|  |TAMS 0x000000070ce00000, 0x000000070ce00000| Untracked 
| 189|0x000000070cf00000, 0x000000070cf00000, 0x000000070d000000|  0%| F|  |TAMS 0x000000070cf00000, 0x000000070cf00000| Untracked 
| 190|0x000000070d000000, 0x000000070d000000, 0x000000070d100000|  0%| F|  |TAMS 0x000000070d000000, 0x000000070d000000| Untracked 
| 191|0x000000070d100000, 0x000000070d100000, 0x000000070d200000|  0%| F|  |TAMS 0x000000070d100000, 0x000000070d100000| Untracked 
| 192|0x000000070d200000, 0x000000070d200000, 0x000000070d300000|  0%| F|  |TAMS 0x000000070d200000, 0x000000070d200000| Untracked 
| 193|0x000000070d300000, 0x000000070d300000, 0x000000070d400000|  0%| F|  |TAMS 0x000000070d300000, 0x000000070d300000| Untracked 
| 194|0x000000070d400000, 0x000000070d400000, 0x000000070d500000|  0%| F|  |TAMS 0x000000070d400000, 0x000000070d400000| Untracked 
| 195|0x000000070d500000, 0x000000070d500000, 0x000000070d600000|  0%| F|  |TAMS 0x000000070d500000, 0x000000070d500000| Untracked 
| 196|0x000000070d600000, 0x000000070d600000, 0x000000070d700000|  0%| F|  |TAMS 0x000000070d600000, 0x000000070d600000| Untracked 
| 197|0x000000070d700000, 0x000000070d700000, 0x000000070d800000|  0%| F|  |TAMS 0x000000070d700000, 0x000000070d700000| Untracked 
| 198|0x000000070d800000, 0x000000070d800000, 0x000000070d900000|  0%| F|  |TAMS 0x000000070d800000, 0x000000070d800000| Untracked 
| 199|0x000000070d900000, 0x000000070d900000, 0x000000070da00000|  0%| F|  |TAMS 0x000000070d900000, 0x000000070d900000| Untracked 
| 200|0x000000070da00000, 0x000000070da00000, 0x000000070db00000|  0%| F|  |TAMS 0x000000070da00000, 0x000000070da00000| Untracked 
| 201|0x000000070db00000, 0x000000070db00000, 0x000000070dc00000|  0%| F|  |TAMS 0x000000070db00000, 0x000000070db00000| Untracked 
| 202|0x000000070dc00000, 0x000000070dc00000, 0x000000070dd00000|  0%| F|  |TAMS 0x000000070dc00000, 0x000000070dc00000| Untracked 
| 203|0x000000070dd00000, 0x000000070dd00000, 0x000000070de00000|  0%| F|  |TAMS 0x000000070dd00000, 0x000000070dd00000| Untracked 
| 204|0x000000070de00000, 0x000000070de00000, 0x000000070df00000|  0%| F|  |TAMS 0x000000070de00000, 0x000000070de00000| Untracked 
| 205|0x000000070df00000, 0x000000070df00000, 0x000000070e000000|  0%| F|  |TAMS 0x000000070df00000, 0x000000070df00000| Untracked 
| 206|0x000000070e000000, 0x000000070e100000, 0x000000070e100000|100%| E|  |TAMS 0x000000070e000000, 0x000000070e000000| Complete 
| 207|0x000000070e100000, 0x000000070e200000, 0x000000070e200000|100%| E|CS|TAMS 0x000000070e100000, 0x000000070e100000| Complete 
| 208|0x000000070e200000, 0x000000070e300000, 0x000000070e300000|100%| E|CS|TAMS 0x000000070e200000, 0x000000070e200000| Complete 
| 209|0x000000070e300000, 0x000000070e400000, 0x000000070e400000|100%| E|CS|TAMS 0x000000070e300000, 0x000000070e300000| Complete 
| 210|0x000000070e400000, 0x000000070e500000, 0x000000070e500000|100%| E|CS|TAMS 0x000000070e400000, 0x000000070e400000| Complete 
| 211|0x000000070e500000, 0x000000070e600000, 0x000000070e600000|100%| E|CS|TAMS 0x000000070e500000, 0x000000070e500000| Complete 
| 212|0x000000070e600000, 0x000000070e700000, 0x000000070e700000|100%| E|CS|TAMS 0x000000070e600000, 0x000000070e600000| Complete 
| 213|0x000000070e700000, 0x000000070e800000, 0x000000070e800000|100%| E|CS|TAMS 0x000000070e700000, 0x000000070e700000| Complete 
| 214|0x000000070e800000, 0x000000070e900000, 0x000000070e900000|100%| E|CS|TAMS 0x000000070e800000, 0x000000070e800000| Complete 
| 215|0x000000070e900000, 0x000000070ea00000, 0x000000070ea00000|100%| E|CS|TAMS 0x000000070e900000, 0x000000070e900000| Complete 
| 216|0x000000070ea00000, 0x000000070eb00000, 0x000000070eb00000|100%| E|CS|TAMS 0x000000070ea00000, 0x000000070ea00000| Complete 
| 217|0x000000070eb00000, 0x000000070ec00000, 0x000000070ec00000|100%| E|CS|TAMS 0x000000070eb00000, 0x000000070eb00000| Complete 
| 218|0x000000070ec00000, 0x000000070ed00000, 0x000000070ed00000|100%| E|CS|TAMS 0x000000070ec00000, 0x000000070ec00000| Complete 
| 219|0x000000070ed00000, 0x000000070ee00000, 0x000000070ee00000|100%| E|CS|TAMS 0x000000070ed00000, 0x000000070ed00000| Complete 
| 220|0x000000070ee00000, 0x000000070ef00000, 0x000000070ef00000|100%| E|CS|TAMS 0x000000070ee00000, 0x000000070ee00000| Complete 
| 221|0x000000070ef00000, 0x000000070f000000, 0x000000070f000000|100%| E|CS|TAMS 0x000000070ef00000, 0x000000070ef00000| Complete 
| 222|0x000000070f000000, 0x000000070f100000, 0x000000070f100000|100%| E|CS|TAMS 0x000000070f000000, 0x000000070f000000| Complete 
| 223|0x000000070f100000, 0x000000070f200000, 0x000000070f200000|100%| E|CS|TAMS 0x000000070f100000, 0x000000070f100000| Complete 
| 224|0x000000070f200000, 0x000000070f300000, 0x000000070f300000|100%| E|CS|TAMS 0x000000070f200000, 0x000000070f200000| Complete 
| 225|0x000000070f300000, 0x000000070f400000, 0x000000070f400000|100%| E|CS|TAMS 0x000000070f300000, 0x000000070f300000| Complete 
| 226|0x000000070f400000, 0x000000070f500000, 0x000000070f500000|100%| E|CS|TAMS 0x000000070f400000, 0x000000070f400000| Complete 
| 227|0x000000070f500000, 0x000000070f600000, 0x000000070f600000|100%| E|CS|TAMS 0x000000070f500000, 0x000000070f500000| Complete 
| 228|0x000000070f600000, 0x000000070f700000, 0x000000070f700000|100%| E|CS|TAMS 0x000000070f600000, 0x000000070f600000| Complete 
| 229|0x000000070f700000, 0x000000070f800000, 0x000000070f800000|100%| E|CS|TAMS 0x000000070f700000, 0x000000070f700000| Complete 
| 230|0x000000070f800000, 0x000000070f900000, 0x000000070f900000|100%| E|CS|TAMS 0x000000070f800000, 0x000000070f800000| Complete 
| 231|0x000000070f900000, 0x000000070fa00000, 0x000000070fa00000|100%| E|CS|TAMS 0x000000070f900000, 0x000000070f900000| Complete 
| 232|0x000000070fa00000, 0x000000070fb00000, 0x000000070fb00000|100%| E|CS|TAMS 0x000000070fa00000, 0x000000070fa00000| Complete 
| 233|0x000000070fb00000, 0x000000070fc00000, 0x000000070fc00000|100%| E|CS|TAMS 0x000000070fb00000, 0x000000070fb00000| Complete 
| 234|0x000000070fc00000, 0x000000070fd00000, 0x000000070fd00000|100%| E|CS|TAMS 0x000000070fc00000, 0x000000070fc00000| Complete 
| 235|0x000000070fd00000, 0x000000070fe00000, 0x000000070fe00000|100%| E|CS|TAMS 0x000000070fd00000, 0x000000070fd00000| Complete 
| 236|0x000000070fe00000, 0x000000070ff00000, 0x000000070ff00000|100%| E|CS|TAMS 0x000000070fe00000, 0x000000070fe00000| Complete 
| 237|0x000000070ff00000, 0x0000000710000000, 0x0000000710000000|100%| E|CS|TAMS 0x000000070ff00000, 0x000000070ff00000| Complete 
| 238|0x0000000710000000, 0x0000000710100000, 0x0000000710100000|100%| E|CS|TAMS 0x0000000710000000, 0x0000000710000000| Complete 
| 239|0x0000000710100000, 0x0000000710200000, 0x0000000710200000|100%| E|CS|TAMS 0x0000000710100000, 0x0000000710100000| Complete 
| 240|0x0000000710200000, 0x0000000710300000, 0x0000000710300000|100%| S|CS|TAMS 0x0000000710200000, 0x0000000710200000| Complete 
| 241|0x0000000710300000, 0x0000000710400000, 0x0000000710400000|100%| S|CS|TAMS 0x0000000710300000, 0x0000000710300000| Complete 
| 242|0x0000000710400000, 0x0000000710500000, 0x0000000710500000|100%| E|CS|TAMS 0x0000000710400000, 0x0000000710400000| Complete 
| 243|0x0000000710500000, 0x0000000710600000, 0x0000000710600000|100%| E|CS|TAMS 0x0000000710500000, 0x0000000710500000| Complete 
| 244|0x0000000710600000, 0x0000000710700000, 0x0000000710700000|100%| E|CS|TAMS 0x0000000710600000, 0x0000000710600000| Complete 
| 245|0x0000000710700000, 0x0000000710800000, 0x0000000710800000|100%| E|CS|TAMS 0x0000000710700000, 0x0000000710700000| Complete 
| 246|0x0000000710800000, 0x0000000710900000, 0x0000000710900000|100%| E|CS|TAMS 0x0000000710800000, 0x0000000710800000| Complete 
| 247|0x0000000710900000, 0x0000000710a00000, 0x0000000710a00000|100%| E|CS|TAMS 0x0000000710900000, 0x0000000710900000| Complete 
| 248|0x0000000710a00000, 0x0000000710b00000, 0x0000000710b00000|100%| E|CS|TAMS 0x0000000710a00000, 0x0000000710a00000| Complete 
| 249|0x0000000710b00000, 0x0000000710c00000, 0x0000000710c00000|100%| E|CS|TAMS 0x0000000710b00000, 0x0000000710b00000| Complete 
| 250|0x0000000710c00000, 0x0000000710d00000, 0x0000000710d00000|100%| E|CS|TAMS 0x0000000710c00000, 0x0000000710c00000| Complete 
| 251|0x0000000710d00000, 0x0000000710e00000, 0x0000000710e00000|100%| E|CS|TAMS 0x0000000710d00000, 0x0000000710d00000| Complete 
| 252|0x0000000710e00000, 0x0000000710f00000, 0x0000000710f00000|100%| E|CS|TAMS 0x0000000710e00000, 0x0000000710e00000| Complete 
| 253|0x0000000710f00000, 0x0000000711000000, 0x0000000711000000|100%| E|CS|TAMS 0x0000000710f00000, 0x0000000710f00000| Complete 
| 254|0x0000000711000000, 0x0000000711100000, 0x0000000711100000|100%| E|CS|TAMS 0x0000000711000000, 0x0000000711000000| Complete 
| 255|0x0000000711100000, 0x0000000711200000, 0x0000000711200000|100%| E|CS|TAMS 0x0000000711100000, 0x0000000711100000| Complete 

Card table byte_map: [0x0000024e4b0c0000,0x0000024e4b8c0000] _byte_map_base: 0x0000024e478b7000

Marking Bits (Prev, Next): (CMBitMap*) 0x0000024e359ffad8, (CMBitMap*) 0x0000024e359ffb10
 Prev Bits: [0x0000024e4c0c0000, 0x0000024e50078000)
 Next Bits: [0x0000024e50080000, 0x0000024e54038000)

Polling page: 0x0000024e35820000

Metaspace:

Usage:
  Non-class:     15.54 MB capacity,    14.27 MB ( 92%) used,     1.17 MB (  8%) free+waste,   103.50 KB ( <1%) overhead. 
      Class:      2.90 MB capacity,     2.40 MB ( 83%) used,   452.59 KB ( 15%) free+waste,    54.75 KB (  2%) overhead. 
       Both:     18.44 MB capacity,    16.67 MB ( 90%) used,     1.61 MB (  9%) free+waste,   158.25 KB ( <1%) overhead. 

Virtual space:
  Non-class space:       16.00 MB reserved,      15.75 MB ( 98%) committed 
      Class space:        1.00 GB reserved,       3.00 MB ( <1%) committed 
             Both:        1.02 GB reserved,      18.75 MB (  2%) committed 

Chunk freelists:
   Non-Class:  24.00 KB
       Class:  0 bytes
        Both:  24.00 KB

MaxMetaspaceSize: 17179869184.00 GB
CompressedClassSpaceSize: 1.00 GB

CodeHeap 'non-profiled nmethods': size=120064Kb used=1046Kb max_used=1046Kb free=119017Kb
 bounds [0x0000024e42d50000, 0x0000024e42fc0000, 0x0000024e4a290000]
CodeHeap 'profiled nmethods': size=120000Kb used=4602Kb max_used=4602Kb free=115397Kb
 bounds [0x0000024e3b820000, 0x0000024e3bca0000, 0x0000024e42d50000]
CodeHeap 'non-nmethods': size=5696Kb used=1353Kb max_used=1384Kb free=4342Kb
 bounds [0x0000024e3b290000, 0x0000024e3b500000, 0x0000024e3b820000]
 total_blobs=3864 nmethods=2382 adapters=687
 compilation: enabled
              stopped_count=0, restarted_count=0
 full_count=0

Compilation events (20 events):
Event: 17.513 Thread 0x0000024e566d8000 2377       4       javafx.scene.Node::getScene (11 bytes)
Event: 17.515 Thread 0x0000024e566d8000 nmethod 2377 0x0000024e42e54810 code [0x0000024e42e549a0, 0x0000024e42e54ab8]
Event: 17.515 Thread 0x0000024e566d8000 2379       4       javafx.beans.property.DoublePropertyBase::get (29 bytes)
Event: 17.516 Thread 0x0000024e566d8000 nmethod 2379 0x0000024e42e54b90 code [0x0000024e42e54d20, 0x0000024e42e54dd8]
Event: 17.516 Thread 0x0000024e566d8000 2383 %     4       com.sun.marlin.DRenderer::_endRendering @ 251 (2489 bytes)
Event: 17.517 Thread 0x0000024e566e4800 nmethod 2374 0x0000024e3bc98d10 code [0x0000024e3bc991e0, 0x0000024e3bc9b930]
Event: 17.517 Thread 0x0000024e566e4800 2381       3       com.sun.javafx.sg.prism.NGRegion::roundUp (20 bytes)
Event: 17.517 Thread 0x0000024e566e4800 nmethod 2381 0x0000024e3bc9c810 code [0x0000024e3bc9ca00, 0x0000024e3bc9cc78]
Event: 17.517 Thread 0x0000024e566e4800 2375       3       javafx.scene.layout.Region::maxWidth (52 bytes)
Event: 17.518 Thread 0x0000024e566e4800 nmethod 2375 0x0000024e3bc9cd10 code [0x0000024e3bc9cf40, 0x0000024e3bc9d750]
Event: 17.518 Thread 0x0000024e566e4800 2376       3       javafx.scene.layout.Region::getMaxWidth (22 bytes)
Event: 17.518 Thread 0x0000024e566e4800 nmethod 2376 0x0000024e3bc9d910 code [0x0000024e3bc9dae0, 0x0000024e3bc9def0]
Event: 17.518 Thread 0x0000024e566e4800 2378       3       javafx.scene.Parent::minWidth (89 bytes)
Event: 17.520 Thread 0x0000024e566e4800 nmethod 2378 0x0000024e3bc9e010 code [0x0000024e3bc9e240, 0x0000024e3bc9e980]
Event: 17.520 Thread 0x0000024e566e4800 2382       1       com.sun.prism.impl.BaseTexture::getLinearFiltering (5 bytes)
Event: 17.520 Thread 0x0000024e566e4800 nmethod 2382 0x0000024e42e54e90 code [0x0000024e42e55040, 0x0000024e42e55178]
Event: 17.520 Thread 0x0000024e566e4800 2380       1       javafx.scene.Scene::access$2400 (5 bytes)
Event: 17.520 Thread 0x0000024e566e4800 nmethod 2380 0x0000024e42e55210 code [0x0000024e42e553c0, 0x0000024e42e554b8]
Event: 17.520 Thread 0x0000024e566e4800 2384       1       com.sun.prism.paint.Gradient::getNumStops (5 bytes)
Event: 17.520 Thread 0x0000024e566e4800 nmethod 2384 0x0000024e42e55590 code [0x0000024e42e55740, 0x0000024e42e55878]

GC Heap History (2 events):
Event: 1.050 GC heap before
{Heap before GC invocations=0 (full 0):
 garbage-first heap   total 262144K, used 13312K [0x0000000701200000, 0x0000000800000000)
  region size 1024K, 14 young (14336K), 0 survivors (0K)
 Metaspace       used 4416K, capacity 7491K, committed 7808K, reserved 1056768K
  class space    used 474K, capacity 805K, committed 896K, reserved 1048576K
}
Event: 1.230 GC heap after
{Heap after GC invocations=1 (full 0):
 garbage-first heap   total 262144K, used 2254K [0x0000000701200000, 0x0000000800000000)
  region size 1024K, 2 young (2048K), 2 survivors (2048K)
 Metaspace       used 4416K, capacity 7491K, committed 7808K, reserved 1056768K
  class space    used 474K, capacity 805K, committed 896K, reserved 1048576K
}

Deoptimization events (20 events):
Event: 3.643 Thread 0x0000024e574d9000 DEOPT PACKING pc=0x0000024e3bc08382 sp=0x0000005a169fd600
Event: 3.644 Thread 0x0000024e574d9000 DEOPT UNPACKING pc=0x0000024e3b2b90ce sp=0x0000005a169fca40 mode 0
Event: 3.650 Thread 0x0000024e574d9000 DEOPT PACKING pc=0x0000024e3bc08382 sp=0x0000005a169fd310
Event: 3.650 Thread 0x0000024e574d9000 DEOPT UNPACKING pc=0x0000024e3b2b90ce sp=0x0000005a169fc750 mode 0
Event: 3.650 Thread 0x0000024e574d9000 DEOPT PACKING pc=0x0000024e3bc08382 sp=0x0000005a169fd310
Event: 3.650 Thread 0x0000024e574d9000 DEOPT UNPACKING pc=0x0000024e3b2b90ce sp=0x0000005a169fc750 mode 0
Event: 3.651 Thread 0x0000024e574d9000 DEOPT PACKING pc=0x0000024e3bc08382 sp=0x0000005a169fd310
Event: 3.651 Thread 0x0000024e574d9000 DEOPT UNPACKING pc=0x0000024e3b2b90ce sp=0x0000005a169fc750 mode 0
Event: 4.530 Thread 0x0000024e574d9000 DEOPT PACKING pc=0x0000024e3bc145ce sp=0x0000005a169fd6c0
Event: 4.530 Thread 0x0000024e574d9000 DEOPT UNPACKING pc=0x0000024e3b2b90ce sp=0x0000005a169fca88 mode 0
Event: 4.690 Thread 0x0000024e5753f800 Uncommon trap: trap_request=0xffffff4d fr.pc=0x0000024e42daa5cc relative=0x00000000000004ac
Event: 4.690 Thread 0x0000024e5753f800 Uncommon trap: reason=unstable_if action=reinterpret pc=0x0000024e42daa5cc method=jdk.internal.org.objectweb.asm.Type.getArgumentsAndReturnSizes(Ljava/lang/String;)I @ 47 c2
Event: 4.690 Thread 0x0000024e5753f800 DEOPT PACKING pc=0x0000024e42daa5cc sp=0x0000005a16bfbd00
Event: 4.690 Thread 0x0000024e5753f800 DEOPT UNPACKING pc=0x0000024e3b2b92af sp=0x0000005a16bfbc90 mode 2
Event: 4.890 Thread 0x0000024e5753f800 Uncommon trap: trap_request=0xffffff4d fr.pc=0x0000024e42e10838 relative=0x0000000000000878
Event: 4.890 Thread 0x0000024e5753f800 Uncommon trap: reason=unstable_if action=reinterpret pc=0x0000024e42e10838 method=javafx.scene.CssStyleHelper.lookup(Ljavafx/css/Styleable;Ljavafx/css/CssMetaData;Lcom/sun/javafx/css/StyleMap;Ljava/util/Set;Ljavafx/css/Styleable;Lcom/sun/javafx/css/Calcul
Event: 4.890 Thread 0x0000024e5753f800 DEOPT PACKING pc=0x0000024e42e10838 sp=0x0000005a16bfacc0
Event: 4.890 Thread 0x0000024e5753f800 DEOPT UNPACKING pc=0x0000024e3b2b92af sp=0x0000005a16bfac30 mode 2
Event: 4.924 Thread 0x0000024e574d9000 DEOPT PACKING pc=0x0000024e3bc18948 sp=0x0000005a169fd960
Event: 4.924 Thread 0x0000024e574d9000 DEOPT UNPACKING pc=0x0000024e3b2b90ce sp=0x0000005a169fcd80 mode 0

Classes redefined (0 events):
No events

Internal exceptions (20 events):
Event: 1.606 Thread 0x0000024e5753f800 Exception <a 'java/lang/NoSuchMethodError'{0x0000000710b393d8}: 'java.lang.Object java.lang.invoke.DirectMethodHandle$Holder.invokeStatic(java.lang.Object, java.lang.Object, java.lang.Object, java.lang.Object, int)'> (0x0000000710b393d8) thrown at [c:/Bui
Event: 1.855 Thread 0x0000024e5753f800 Exception <a 'java/lang/NoSuchMethodError'{0x0000000710553c60}: 'void java.lang.invoke.DirectMethodHandle$Holder.invokeStaticInit(java.lang.Object, java.lang.Object)'> (0x0000000710553c60) thrown at [c:/BuildAgent/work/5ff2f6c26000d570/src/hotspot/share/i
Event: 1.928 Thread 0x0000024e5753f800 Exception <a 'java/lang/NoSuchMethodError'{0x00000007104d56f8}: 'void java.lang.invoke.DirectMethodHandle$Holder.invokeSpecial(java.lang.Object, java.lang.Object, java.lang.Object, java.lang.Object)'> (0x00000007104d56f8) thrown at [c:/BuildAgent/work/5ff
Event: 2.136 Thread 0x0000024e5753f800 Implicit null exception at 0x0000024e42d9fdc5 to 0x0000024e42da04d6
Event: 2.287 Thread 0x0000024e5753f800 Exception <a 'java/lang/ClassNotFoundException'{0x000000070fb2bec0}: com/sun/javafx/scene/control/skin/resources/controls-nt> (0x000000070fb2bec0) thrown at [c:/BuildAgent/work/5ff2f6c26000d570/src/hotspot/share/prims/jni.cpp, line 636]
Event: 2.290 Thread 0x0000024e5753f800 Exception <a 'java/lang/ClassNotFoundException'{0x000000070fb38fb0}: com/sun/javafx/scene/control/skin/resources/controls-nt_en> (0x000000070fb38fb0) thrown at [c:/BuildAgent/work/5ff2f6c26000d570/src/hotspot/share/prims/jni.cpp, line 636]
Event: 2.291 Thread 0x0000024e5753f800 Exception <a 'java/lang/ClassNotFoundException'{0x000000070fb3a290}: com/sun/javafx/scene/control/skin/resources/controls-nt_en_US> (0x000000070fb3a290) thrown at [c:/BuildAgent/work/5ff2f6c26000d570/src/hotspot/share/prims/jni.cpp, line 636]
Event: 2.553 Thread 0x0000024e5753f800 Exception <a 'java/lang/NoSuchMethodError'{0x000000070f719e18}: 'java.lang.Object java.lang.invoke.Invokers$Holder.linkToTargetMethod(java.lang.Object, int, java.lang.Object)'> (0x000000070f719e18) thrown at [c:/BuildAgent/work/5ff2f6c26000d570/src/hotspo
Event: 2.622 Thread 0x0000024e5753f800 Exception <a 'java/lang/NoSuchMethodError'{0x000000070f66b4c8}: 'java.lang.Object java.lang.invoke.DirectMethodHandle$Holder.invokeInterface(java.lang.Object, java.lang.Object, java.lang.Object)'> (0x000000070f66b4c8) thrown at [c:/BuildAgent/work/5ff2f6c
Event: 2.623 Thread 0x0000024e5753f800 Exception <a 'java/lang/IncompatibleClassChangeError'{0x000000070f66e680}: Found class java.lang.Object, but interface was expected> (0x000000070f66e680) thrown at [c:/BuildAgent/work/5ff2f6c26000d570/src/hotspot/share/interpreter/linkResolver.cpp, line 8
Event: 2.747 Thread 0x0000024e5753f800 Exception <a 'java/lang/ClassNotFoundException'{0x000000070f21cc08}: com/sun/javafx/scene/control/skin/resources/controls> (0x000000070f21cc08) thrown at [c:/BuildAgent/work/5ff2f6c26000d570/src/hotspot/share/prims/jni.cpp, line 636]
Event: 2.749 Thread 0x0000024e5753f800 Exception <a 'java/lang/ClassNotFoundException'{0x000000070f22d930}: com/sun/javafx/scene/control/skin/resources/controls_en> (0x000000070f22d930) thrown at [c:/BuildAgent/work/5ff2f6c26000d570/src/hotspot/share/prims/jni.cpp, line 636]
Event: 2.750 Thread 0x0000024e5753f800 Exception <a 'java/lang/ClassNotFoundException'{0x000000070f22e960}: com/sun/javafx/scene/control/skin/resources/controls_en_US> (0x000000070f22e960) thrown at [c:/BuildAgent/work/5ff2f6c26000d570/src/hotspot/share/prims/jni.cpp, line 636]
Event: 2.817 Thread 0x0000024e5753f800 Exception <a 'java/lang/NoSuchMethodError'{0x000000070f17e0a8}: 'void java.lang.invoke.DirectMethodHandle$Holder.invokeSpecial(java.lang.Object, java.lang.Object, java.lang.Object, java.lang.Object, java.lang.Object, java.lang.Object)'> (0x000000070f17e0a
Event: 2.950 Thread 0x0000024e5753f800 Exception <a 'java/lang/NoSuchMethodError'{0x000000070eef84a8}: 'void java.lang.invoke.DirectMethodHandle$Holder.invokeSpecialIFC(java.lang.Object, java.lang.Object, java.lang.Object, java.lang.Object)'> (0x000000070eef84a8) thrown at [c:/BuildAgent/work/
Event: 3.423 Thread 0x0000024e574d9000 Exception <a 'java/lang/NoSuchMethodError'{0x000000070e59eff8}: 'int java.lang.invoke.DirectMethodHandle$Holder.invokeStaticInit(java.lang.Object, java.lang.Object)'> (0x000000070e59eff8) thrown at [c:/BuildAgent/work/5ff2f6c26000d570/src/hotspot/share/in
Event: 4.690 Thread 0x0000024e5753f800 Exception <a 'java/lang/NoSuchMethodError'{0x000000070e16d210}: 'long java.lang.invoke.DirectMethodHandle$Holder.invokeStaticInit(java.lang.Object, java.lang.Object, java.lang.Object)'> (0x000000070e16d210) thrown at [c:/BuildAgent/work/5ff2f6c26000d570/s
Event: 4.695 Thread 0x0000024e5753f800 Exception <a 'java/lang/NoSuchMethodError'{0x000000070e185a98}: 'java.lang.Object java.lang.invoke.DirectMethodHandle$Holder.invokeStatic(java.lang.Object, java.lang.Object, long)'> (0x000000070e185a98) thrown at [c:/BuildAgent/work/5ff2f6c26000d570/src/h
Event: 4.695 Thread 0x0000024e5753f800 Exception <a 'java/lang/NoSuchMethodError'{0x000000070e18bc10}: 'java.lang.Object java.lang.invoke.Invokers$Holder.linkToTargetMethod(java.lang.Object, long, java.lang.Object)'> (0x000000070e18bc10) thrown at [c:/BuildAgent/work/5ff2f6c26000d570/src/hotsp
Event: 4.845 Thread 0x0000024e5753f800 Exception <a 'java/lang/NoSuchMethodError'{0x000000070e00e418}: 'java.lang.Object java.lang.invoke.DirectMethodHandle$Holder.invokeStatic(java.lang.Object, int, java.lang.Object)'> (0x000000070e00e418) thrown at [c:/BuildAgent/work/5ff2f6c26000d570/src/ho

Events (20 events):
Event: 4.919 Executing VM operation: RevokeBias done
Event: 5.151 Thread 0x0000024e5d0f5800 Thread exited: 0x0000024e5d0f5800
Event: 9.140 loading class com/sun/javafx/tk/quantum/GlassViewEventHandler
Event: 9.140 loading class com/sun/javafx/tk/quantum/GlassViewEventHandler done
Event: 12.013 Loaded shared library C:\Users\mknig\Documents\IntelliJ IDEA Community Edition 2019.3.4\jbr\bin\java.dll
Event: 12.014 Loaded shared library C:\Users\mknig\Documents\IntelliJ IDEA Community Edition 2019.3.4\jbr\bin\java.dll
Event: 12.016 Loaded shared library C:\Users\mknig\Documents\IntelliJ IDEA Community Edition 2019.3.4\jbr\bin\java.dll
Event: 12.017 Loaded shared library C:\Users\mknig\Documents\IntelliJ IDEA Community Edition 2019.3.4\jbr\bin\java.dll
Event: 17.504 loading class com/sun/javafx/tk/quantum/GlassScene
Event: 17.504 loading class com/sun/javafx/tk/quantum/GlassScene done
Event: 17.504 loading class com/sun/javafx/tk/quantum/WindowStage
Event: 17.504 loading class com/sun/javafx/tk/quantum/WindowStage done
Event: 17.505 loading class com/sun/prism/GraphicsResource
Event: 17.505 loading class com/sun/prism/GraphicsResource done
Event: 17.505 loading class com/sun/prism/GraphicsResource
Event: 17.505 loading class com/sun/prism/GraphicsResource done
Event: 17.506 loading class com/sun/javafx/tk/quantum/ViewScene
Event: 17.506 loading class com/sun/javafx/tk/quantum/ViewScene done
Event: 17.507 loading class com/sun/javafx/tk/quantum/WindowStage
Event: 17.507 loading class com/sun/javafx/tk/quantum/WindowStage done


Dynamic libraries:
0x00007ff6e1550000 - 0x00007ff6e155a000 	C:\Users\mknig\Documents\IntelliJ IDEA Community Edition 2019.3.4\jbr\bin\java.exe
0x00007ff864220000 - 0x00007ff864410000 	C:\WINDOWS\SYSTEM32\ntdll.dll
0x00007ff862450000 - 0x00007ff862502000 	C:\WINDOWS\System32\KERNEL32.DLL
0x00007ff861240000 - 0x00007ff8614e4000 	C:\WINDOWS\System32\KERNELBASE.dll
0x00007ff8621d0000 - 0x00007ff8622ca000 	C:\WINDOWS\System32\ucrtbase.dll
0x00007ff8580d0000 - 0x00007ff8580e9000 	C:\Users\mknig\Documents\IntelliJ IDEA Community Edition 2019.3.4\jbr\bin\jli.dll
0x00007ff862a90000 - 0x00007ff862c24000 	C:\WINDOWS\System32\USER32.dll
0x00007ff862100000 - 0x00007ff862121000 	C:\WINDOWS\System32\win32u.dll
0x00007ff862850000 - 0x00007ff862876000 	C:\WINDOWS\System32\GDI32.dll
0x00007ff861f60000 - 0x00007ff8620f5000 	C:\WINDOWS\System32\gdi32full.dll
0x00007ff862130000 - 0x00007ff8621ce000 	C:\WINDOWS\System32\msvcp_win.dll
0x00007ff856970000 - 0x00007ff856987000 	C:\Users\mknig\Documents\IntelliJ IDEA Community Edition 2019.3.4\jbr\bin\VCRUNTIME140.dll
0x00007ff8592a0000 - 0x00007ff859524000 	C:\WINDOWS\WinSxS\amd64_microsoft.windows.common-controls_6595b64144ccf1df_6.0.18362.900_none_e6beb9d913147d17\COMCTL32.dll
0x00007ff8629f0000 - 0x00007ff862a8e000 	C:\WINDOWS\System32\msvcrt.dll
0x00007ff862510000 - 0x00007ff862845000 	C:\WINDOWS\System32\combase.dll
0x00007ff8622d0000 - 0x00007ff8623f0000 	C:\WINDOWS\System32\RPCRT4.dll
0x00007ff861ee0000 - 0x00007ff861f60000 	C:\WINDOWS\System32\bcryptPrimitives.dll
0x00007ff863870000 - 0x00007ff86389e000 	C:\WINDOWS\System32\IMM32.DLL
0x00007ff841330000 - 0x00007ff8413cd000 	C:\Users\mknig\Documents\IntelliJ IDEA Community Edition 2019.3.4\jbr\bin\msvcp140.dll
0x00007ffff7da0000 - 0x00007ffff885d000 	C:\Users\mknig\Documents\IntelliJ IDEA Community Edition 2019.3.4\jbr\bin\server\jvm.dll
0x00007ff863f90000 - 0x00007ff864033000 	C:\WINDOWS\System32\ADVAPI32.dll
0x00007ff863190000 - 0x00007ff863227000 	C:\WINDOWS\System32\sechost.dll
0x00007ff863180000 - 0x00007ff863188000 	C:\WINDOWS\System32\PSAPI.DLL
0x00007ff83f7d0000 - 0x00007ff83f7d9000 	C:\WINDOWS\SYSTEM32\WSOCK32.dll
0x00007ff863800000 - 0x00007ff86386f000 	C:\WINDOWS\System32\WS2_32.dll
0x00007ff8596a0000 - 0x00007ff8596c4000 	C:\WINDOWS\SYSTEM32\WINMM.dll
0x00007ff85a760000 - 0x00007ff85a76a000 	C:\WINDOWS\SYSTEM32\VERSION.dll
0x00007ff859660000 - 0x00007ff85968d000 	C:\WINDOWS\SYSTEM32\WINMMBASE.dll
0x00007ff861510000 - 0x00007ff86155a000 	C:\WINDOWS\System32\cfgmgr32.dll
0x00007ff8610f0000 - 0x00007ff861101000 	C:\WINDOWS\System32\kernel.appcore.dll
0x00007ff843b20000 - 0x00007ff843b31000 	C:\Users\mknig\Documents\IntelliJ IDEA Community Edition 2019.3.4\jbr\bin\verify.dll
0x00007ff85c510000 - 0x00007ff85c704000 	C:\WINDOWS\SYSTEM32\DBGHELP.DLL
0x00007ff85c4e0000 - 0x00007ff85c50a000 	C:\WINDOWS\SYSTEM32\dbgcore.DLL
0x00007ff841a30000 - 0x00007ff841a59000 	C:\Users\mknig\Documents\IntelliJ IDEA Community Edition 2019.3.4\jbr\bin\java.dll
0x00007ff85cb00000 - 0x00007ff85cb0f000 	C:\Users\mknig\Documents\IntelliJ IDEA Community Edition 2019.3.4\jbr\bin\instrument.dll
0x00007ff8416e0000 - 0x00007ff8416f8000 	C:\Users\mknig\Documents\IntelliJ IDEA Community Edition 2019.3.4\jbr\bin\zip.dll
0x00007ff85b680000 - 0x00007ff85b68b000 	C:\Users\mknig\Documents\IntelliJ IDEA Community Edition 2019.3.4\jbr\bin\jimage.dll
0x00007ff8638a0000 - 0x00007ff863f86000 	C:\WINDOWS\System32\SHELL32.dll
0x00007ff863730000 - 0x00007ff8637d9000 	C:\WINDOWS\System32\shcore.dll
0x00007ff861560000 - 0x00007ff861ce0000 	C:\WINDOWS\System32\windows.storage.dll
0x00007ff861180000 - 0x00007ff8611a3000 	C:\WINDOWS\System32\profapi.dll
0x00007ff861130000 - 0x00007ff86117a000 	C:\WINDOWS\System32\powrprof.dll
0x00007ff8610e0000 - 0x00007ff8610f0000 	C:\WINDOWS\System32\UMPDC.dll
0x00007ff864040000 - 0x00007ff864092000 	C:\WINDOWS\System32\shlwapi.dll
0x00007ff8614f0000 - 0x00007ff861507000 	C:\WINDOWS\System32\cryptsp.dll
0x00007ff841670000 - 0x00007ff84168a000 	C:\Users\mknig\Documents\IntelliJ IDEA Community Edition 2019.3.4\jbr\bin\net.dll
0x00007ff85a8e0000 - 0x00007ff85a9d0000 	C:\WINDOWS\SYSTEM32\WINHTTP.dll
0x00007ff8608f0000 - 0x00007ff860957000 	C:\WINDOWS\system32\mswsock.dll
0x00007ff841650000 - 0x00007ff841664000 	C:\Users\mknig\Documents\IntelliJ IDEA Community Edition 2019.3.4\jbr\bin\nio.dll
0x00007ff85a5d0000 - 0x00007ff85a5ea000 	C:\Users\mknig\Documents\IntelliJ IDEA Community Edition 2019.3.4\bin\breakgen64.dll
0x0000024e35a70000 - 0x0000024e35a73000 	C:\Users\mknig\Documents\IntelliJ IDEA Community Edition 2019.3.4\jbr\bin\api-ms-win-core-console-l1-1-0.dll
0x0000024e35a80000 - 0x0000024e35a83000 	C:\Users\mknig\Documents\IntelliJ IDEA Community Edition 2019.3.4\jbr\bin\api-ms-win-core-datetime-l1-1-0.dll
0x0000024e35a90000 - 0x0000024e35a93000 	C:\Users\mknig\Documents\IntelliJ IDEA Community Edition 2019.3.4\jbr\bin\api-ms-win-core-debug-l1-1-0.dll
0x0000024e35aa0000 - 0x0000024e35aa3000 	C:\Users\mknig\Documents\IntelliJ IDEA Community Edition 2019.3.4\jbr\bin\api-ms-win-core-errorhandling-l1-1-0.dll
0x0000024e35ab0000 - 0x0000024e35ab4000 	C:\Users\mknig\Documents\IntelliJ IDEA Community Edition 2019.3.4\jbr\bin\api-ms-win-core-file-l1-1-0.dll
0x0000024e35ac0000 - 0x0000024e35ac3000 	C:\Users\mknig\Documents\IntelliJ IDEA Community Edition 2019.3.4\jbr\bin\api-ms-win-core-file-l1-2-0.dll
0x0000024e35ad0000 - 0x0000024e35ad3000 	C:\Users\mknig\Documents\IntelliJ IDEA Community Edition 2019.3.4\jbr\bin\api-ms-win-core-file-l2-1-0.dll
0x0000024e57c10000 - 0x0000024e57c13000 	C:\Users\mknig\Documents\IntelliJ IDEA Community Edition 2019.3.4\jbr\bin\api-ms-win-core-handle-l1-1-0.dll
0x0000024e57c20000 - 0x0000024e57c23000 	C:\Users\mknig\Documents\IntelliJ IDEA Community Edition 2019.3.4\jbr\bin\api-ms-win-core-heap-l1-1-0.dll
0x0000024e57c30000 - 0x0000024e57c33000 	C:\Users\mknig\Documents\IntelliJ IDEA Community Edition 2019.3.4\jbr\bin\api-ms-win-core-interlocked-l1-1-0.dll
0x0000024e57c40000 - 0x0000024e57c43000 	C:\Users\mknig\Documents\IntelliJ IDEA Community Edition 2019.3.4\jbr\bin\api-ms-win-core-libraryloader-l1-1-0.dll
0x0000024e57c50000 - 0x0000024e57c53000 	C:\Users\mknig\Documents\IntelliJ IDEA Community Edition 2019.3.4\jbr\bin\api-ms-win-core-localization-l1-2-0.dll
0x0000024e57c60000 - 0x0000024e57c63000 	C:\Users\mknig\Documents\IntelliJ IDEA Community Edition 2019.3.4\jbr\bin\api-ms-win-core-memory-l1-1-0.dll
0x0000024e57c70000 - 0x0000024e57c73000 	C:\Users\mknig\Documents\IntelliJ IDEA Community Edition 2019.3.4\jbr\bin\api-ms-win-core-namedpipe-l1-1-0.dll
0x0000024e57c80000 - 0x0000024e57c83000 	C:\Users\mknig\Documents\IntelliJ IDEA Community Edition 2019.3.4\jbr\bin\api-ms-win-core-processenvironment-l1-1-0.dll
0x0000024e57c90000 - 0x0000024e57c93000 	C:\Users\mknig\Documents\IntelliJ IDEA Community Edition 2019.3.4\jbr\bin\api-ms-win-core-processthreads-l1-1-0.dll
0x0000024e57ca0000 - 0x0000024e57ca3000 	C:\Users\mknig\Documents\IntelliJ IDEA Community Edition 2019.3.4\jbr\bin\api-ms-win-core-processthreads-l1-1-1.dll
0x0000024e57cb0000 - 0x0000024e57cb3000 	C:\Users\mknig\Documents\IntelliJ IDEA Community Edition 2019.3.4\jbr\bin\api-ms-win-core-profile-l1-1-0.dll
0x0000024e57cc0000 - 0x0000024e57cc3000 	C:\Users\mknig\Documents\IntelliJ IDEA Community Edition 2019.3.4\jbr\bin\api-ms-win-core-rtlsupport-l1-1-0.dll
0x0000024e57cd0000 - 0x0000024e57cd3000 	C:\Users\mknig\Documents\IntelliJ IDEA Community Edition 2019.3.4\jbr\bin\api-ms-win-core-string-l1-1-0.dll
0x0000024e57ce0000 - 0x0000024e57ce3000 	C:\Users\mknig\Documents\IntelliJ IDEA Community Edition 2019.3.4\jbr\bin\api-ms-win-core-synch-l1-1-0.dll
0x0000024e57cf0000 - 0x0000024e57cf3000 	C:\Users\mknig\Documents\IntelliJ IDEA Community Edition 2019.3.4\jbr\bin\api-ms-win-core-synch-l1-2-0.dll
0x0000024e57d00000 - 0x0000024e57d03000 	C:\Users\mknig\Documents\IntelliJ IDEA Community Edition 2019.3.4\jbr\bin\api-ms-win-core-sysinfo-l1-1-0.dll
0x0000024e57d10000 - 0x0000024e57d13000 	C:\Users\mknig\Documents\IntelliJ IDEA Community Edition 2019.3.4\jbr\bin\api-ms-win-core-timezone-l1-1-0.dll
0x0000024e57d20000 - 0x0000024e57d23000 	C:\Users\mknig\Documents\IntelliJ IDEA Community Edition 2019.3.4\jbr\bin\api-ms-win-core-util-l1-1-0.dll
0x0000024e57d30000 - 0x0000024e57d33000 	C:\Users\mknig\Documents\IntelliJ IDEA Community Edition 2019.3.4\jbr\bin\api-ms-win-crt-conio-l1-1-0.dll
0x0000024e57d40000 - 0x0000024e57d44000 	C:\Users\mknig\Documents\IntelliJ IDEA Community Edition 2019.3.4\jbr\bin\api-ms-win-crt-convert-l1-1-0.dll
0x0000024e57d50000 - 0x0000024e57d53000 	C:\Users\mknig\Documents\IntelliJ IDEA Community Edition 2019.3.4\jbr\bin\api-ms-win-crt-environment-l1-1-0.dll
0x0000024e57d60000 - 0x0000024e57d63000 	C:\Users\mknig\Documents\IntelliJ IDEA Community Edition 2019.3.4\jbr\bin\api-ms-win-crt-filesystem-l1-1-0.dll
0x0000024e57d70000 - 0x0000024e57d73000 	C:\Users\mknig\Documents\IntelliJ IDEA Community Edition 2019.3.4\jbr\bin\api-ms-win-crt-heap-l1-1-0.dll
0x0000024e57d80000 - 0x0000024e57d83000 	C:\Users\mknig\Documents\IntelliJ IDEA Community Edition 2019.3.4\jbr\bin\api-ms-win-crt-locale-l1-1-0.dll
0x0000024e57d90000 - 0x0000024e57d95000 	C:\Users\mknig\Documents\IntelliJ IDEA Community Edition 2019.3.4\jbr\bin\api-ms-win-crt-math-l1-1-0.dll
0x0000024e57da0000 - 0x0000024e57da5000 	C:\Users\mknig\Documents\IntelliJ IDEA Community Edition 2019.3.4\jbr\bin\api-ms-win-crt-multibyte-l1-1-0.dll
0x0000024e57db0000 - 0x0000024e57dc0000 	C:\Users\mknig\Documents\IntelliJ IDEA Community Edition 2019.3.4\jbr\bin\api-ms-win-crt-private-l1-1-0.dll
0x0000024e57dc0000 - 0x0000024e57dc3000 	C:\Users\mknig\Documents\IntelliJ IDEA Community Edition 2019.3.4\jbr\bin\api-ms-win-crt-process-l1-1-0.dll
0x0000024e57dd0000 - 0x0000024e57dd4000 	C:\Users\mknig\Documents\IntelliJ IDEA Community Edition 2019.3.4\jbr\bin\api-ms-win-crt-runtime-l1-1-0.dll
0x0000024e57de0000 - 0x0000024e57de4000 	C:\Users\mknig\Documents\IntelliJ IDEA Community Edition 2019.3.4\jbr\bin\api-ms-win-crt-stdio-l1-1-0.dll
0x0000024e57df0000 - 0x0000024e57df4000 	C:\Users\mknig\Documents\IntelliJ IDEA Community Edition 2019.3.4\jbr\bin\api-ms-win-crt-string-l1-1-0.dll
0x0000024e57e00000 - 0x0000024e57e03000 	C:\Users\mknig\Documents\IntelliJ IDEA Community Edition 2019.3.4\jbr\bin\api-ms-win-crt-time-l1-1-0.dll
0x0000024e57e10000 - 0x0000024e57e13000 	C:\Users\mknig\Documents\IntelliJ IDEA Community Edition 2019.3.4\jbr\bin\api-ms-win-crt-utility-l1-1-0.dll
0x00007ff828d10000 - 0x00007ff828e0a000 	C:\Users\mknig\Documents\IntelliJ IDEA Community Edition 2019.3.4\jbr\bin\ucrtbase.dll
0x00007ff841120000 - 0x00007ff841172000 	C:\Windows\System32\concrt140.dll
0x00007ff8410f0000 - 0x00007ff841113000 	C:\Users\mknig\Documents\IntelliJ IDEA Community Edition 2019.3.4\jbr\bin\prism_d3d.dll
0x00007ff804420000 - 0x00007ff8045e7000 	C:\WINDOWS\system32\d3d9.dll
0x00007ff85f990000 - 0x00007ff85f9bd000 	C:\WINDOWS\SYSTEM32\dwmapi.dll
0x00007ff85fd50000 - 0x00007ff85fd70000 	C:\WINDOWS\SYSTEM32\dxcore.dll
0x00007ff85f450000 - 0x00007ff85f4e9000 	C:\WINDOWS\system32\uxtheme.dll
0x00007ffff3420000 - 0x00007ffff595d000 	C:\WINDOWS\SYSTEM32\igdumdim64.dll
0x00007ff8632b0000 - 0x00007ff863375000 	C:\WINDOWS\System32\OLEAUT32.dll
0x00007ff862890000 - 0x00007ff8629e7000 	C:\WINDOWS\System32\ole32.dll
0x00007ff862c40000 - 0x00007ff8630b0000 	C:\WINDOWS\System32\SETUPAPI.dll
0x00007ff861210000 - 0x00007ff861236000 	C:\WINDOWS\System32\bcrypt.dll
0x00007ff831900000 - 0x00007ff831945000 	C:\Users\mknig\Documents\IntelliJ IDEA Community Edition 2019.3.4\jbr\bin\glass.dll
0x00007ff863380000 - 0x00007ff863450000 	C:\WINDOWS\System32\COMDLG32.dll
0x00007ff8640a0000 - 0x00007ff8641d5000 	C:\WINDOWS\System32\MSCTF.dll
0x00007ff83b300000 - 0x00007ff83bd3f000 	C:\WINDOWS\SYSTEM32\igdusc64.dll
0x00007ff843b00000 - 0x00007ff843b14000 	C:\Users\mknig\Documents\IntelliJ IDEA Community Edition 2019.3.4\jbr\bin\javafx_font.dll
0x00007ff8170f0000 - 0x00007ff817291000 	C:\Users\mknig\Documents\IntelliJ IDEA Community Edition 2019.3.4\jbr\bin\awt.dll
0x00007ff85f380000 - 0x00007ff85f40f000 	C:\WINDOWS\SYSTEM32\apphelp.dll
0x00007ff829000000 - 0x00007ff829085000 	C:\Users\mknig\Documents\IntelliJ IDEA Community Edition 2019.3.4\jbr\bin\freetype.dll
0x00007ff827f90000 - 0x00007ff828038000 	C:\Users\mknig\Documents\IntelliJ IDEA Community Edition 2019.3.4\jbr\bin\fontmanager.dll
0x00007ff83bf30000 - 0x00007ff83c22e000 	C:\WINDOWS\SYSTEM32\dwrite.dll
0x00007ff8634d0000 - 0x00007ff863572000 	C:\WINDOWS\System32\clbcatq.dll
0x00007ff83f000000 - 0x00007ff83f1af000 	C:\WINDOWS\SYSTEM32\WindowsCodecs.dll
0x00007ff82f160000 - 0x00007ff82f19a000 	C:\WINDOWS\system32\dataexchange.dll
0x00007ff85df20000 - 0x00007ff85e17b000 	C:\WINDOWS\system32\d3d11.dll
0x00007ff85ebf0000 - 0x00007ff85edcc000 	C:\WINDOWS\system32\dcomp.dll
0x00007ff85fde0000 - 0x00007ff85fecb000 	C:\WINDOWS\system32\dxgi.dll
0x00007ff85f510000 - 0x00007ff85f771000 	C:\WINDOWS\system32\twinapi.appcore.dll
0x00007ff85f960000 - 0x00007ff85f989000 	C:\WINDOWS\system32\RMCLIENT.dll
0x00007ff840c90000 - 0x00007ff840cc3000 	C:\Program Files\Common Files\Microsoft Shared\Ink\rtscom.dll
0x00007ff83f810000 - 0x00007ff83f8ae000 	C:\WINDOWS\System32\TextInputFramework.dll
0x00007ff83ebb0000 - 0x00007ff83eeda000 	C:\WINDOWS\System32\CoreUIComponents.dll
0x00007ff85edd0000 - 0x00007ff85eea4000 	C:\WINDOWS\System32\CoreMessaging.dll
0x00007ff85d0f0000 - 0x00007ff85d243000 	C:\WINDOWS\SYSTEM32\wintypes.dll
0x00007ff860140000 - 0x00007ff860171000 	C:\WINDOWS\SYSTEM32\ntmarta.dll
0x00007ff856c80000 - 0x00007ff856f26000 	C:\WINDOWS\System32\iertutil.dll

dbghelp: loaded successfully - version: 4.0.5 - missing functions: none
symbol engine: initialized successfully - sym options: 0x614 - pdb path: .;C:\Users\mknig\Documents\IntelliJ IDEA Community Edition 2019.3.4\jbr\bin;C:\WINDOWS\SYSTEM32;C:\WINDOWS\WinSxS\amd64_microsoft.windows.common-controls_6595b64144ccf1df_6.0.18362.900_none_e6beb9d913147d17;C:\Users\mknig\Documents\IntelliJ IDEA Community Edition 2019.3.4\jbr\bin\server;C:\Users\mknig\Documents\IntelliJ IDEA Community Edition 2019.3.4\bin;C:\Program Files\Common Files\Microsoft Shared\Ink

VM Arguments:
jvm_args: -javaagent:C:\Users\mknig\Documents\IntelliJ IDEA Community Edition 2019.3.4\lib\idea_rt.jar=49213:C:\Users\mknig\Documents\IntelliJ IDEA Community Edition 2019.3.4\bin -Dfile.encoding=UTF-8 
java_command: sample.Main
java_class_path (initial): C:\Users\mknig\IdeaProjects\PatientPortal\out\production\PatientPortal
Launcher Type: SUN_STANDARD

[Global flags]
     intx CICompilerCount                          = 3                                         {product} {ergonomic}
     uint ConcGCThreads                            = 1                                         {product} {ergonomic}
     uint G1ConcRefinementThreads                  = 4                                         {product} {ergonomic}
   size_t G1HeapRegionSize                         = 1048576                                   {product} {ergonomic}
    uintx GCDrainStackTargetSize                   = 64                                        {product} {ergonomic}
   size_t InitialHeapSize                          = 268435456                                 {product} {ergonomic}
   size_t MarkStackSize                            = 4194304                                   {product} {ergonomic}
   size_t MaxHeapSize                              = 4276092928                                {product} {ergonomic}
   size_t MaxNewSize                               = 2564816896                                {product} {ergonomic}
   size_t MinHeapDeltaBytes                        = 1048576                                   {product} {ergonomic}
    uintx NonNMethodCodeHeapSize                   = 5830732                                {pd product} {ergonomic}
    uintx NonProfiledCodeHeapSize                  = 122913754                              {pd product} {ergonomic}
    uintx ProfiledCodeHeapSize                     = 122913754                              {pd product} {ergonomic}
    uintx ReservedCodeCacheSize                    = 251658240                              {pd product} {ergonomic}
     bool SegmentedCodeCache                       = true                                      {product} {ergonomic}
     bool UseCompressedClassPointers               = true                                 {lp64_product} {ergonomic}
     bool UseCompressedOops                        = true                                 {lp64_product} {ergonomic}
     bool UseG1GC                                  = true                                      {product} {ergonomic}
     bool UseLargePagesIndividualAllocation        = false                                  {pd product} {ergonomic}

Logging:
Log output configuration:
 #0: stdout all=warning uptime,level,tags
 #1: stderr all=off uptime,level,tags

Environment Variables:
PATH=C:\Program Files (x86)\Common Files\Oracle\Java\javapath;C:\WINDOWS\system32;C:\WINDOWS;C:\WINDOWS\System32\Wbem;C:\WINDOWS\System32\WindowsPowerShell\v1.0\;C:\WINDOWS\System32\OpenSSH\;C:\Program Files (x86)\Wolfram Research\WolframScript\;C:\Program Files\Java\jdk-12.0.1\bin;C:\Users\Default\Documents\Git\cmd;C:\Program Files\PuTTY\;C:\Program Files\dotnet\;C:\Program Files\Microsoft SQL Server\130\Tools\Binn\;C:\Program Files\Microsoft SQL Server\Client SDK\ODBC\170\Tools\Binn\;C:\Program Files\GNU Emacs\bin\;C:\Program Files (x86)\Microsoft SQL Server\150\Tools\Binn\;C:\Program Files\Microsoft SQL Server\150\Tools\Binn\;C:\Program Files\Microsoft SQL Server\150\DTS\Binn\;C:\Program Files (x86)\Microsoft SQL Server\150\DTS\Binn\;C:\Users\mknig\Documents\;C:\Program Files\Microsoft VS Code\bin;C:\Users\mknig\AppData\Local\Programs\Python\Python38-32\Scripts\;C:\Users\mknig\AppData\Local\Programs\Python\Python38-32\;C:\Program Files\MySQL\MySQL Shell 8.0\bin\;C:\Users\mknig\AppData\Local\Programs\Python\Python37-32\Scripts\;C:\Users\mknig\AppData\Local\Programs\Python\Python37-32\;C:\Users\mknig\AppData\Local\Microsoft\WindowsApps;C:\Users\mknig\AppData\Local\GitHubDesktop\bin;C:\Users\mknig\Documents\SQLite\sqlite-tools-win32-x86-3300100;C:\Users\mknig\AppData\Local\Microsoft\WindowsApps;C:\Users\mknig\Documents\bin;C:\Users\mknig\AppData\Roaming\npm;C:\Users\mknig\Documents\heroku\bin
USERNAME=mknig
OS=Windows_NT
PROCESSOR_IDENTIFIER=Intel64 Family 6 Model 69 Stepping 1, GenuineIntel



---------------  S Y S T E M  ---------------

OS: Windows 10 , 64 bit Build 18362 (10.0.18362.900)

CPU:total 4 (initial active 4) (2 cores per cpu, 2 threads per core) family 6 model 69 stepping 1, cmov, cx8, fxsr, mmx, sse, sse2, sse3, ssse3, sse4.1, sse4.2, popcnt, avx, avx2, aes, clmul, erms, lzcnt, ht, tsc, tscinvbit, bmi1, bmi2, fma

Memory: 4k page, system-wide physical 16305M (5509M free)
TotalPageFile size 18305M (AvailPageFile size 28M)
current process WorkingSet (physical memory assigned to process): 168M, peak: 200M
current process commit charge ("private bytes"): 410M, peak: 439M

vm_info: OpenJDK 64-Bit Server VM (11.0.6+8-b520.43) for windows-amd64 JRE (11.0.6+8-b520.43), built on Feb  3 2020 14:18:56 by "" with MS VC++ 14.0 (VS2015)

END.
