#
# There is insufficient memory for the Java Runtime Environment to continue.
# Native memory allocation (mmap) failed to map 268435456 bytes for Failed to commit area from 0x0000000701200000 to 0x0000000711200000 of length 268435456.
# Possible reasons:
#   The system is out of physical RAM or swap space
#   The process is running with CompressedOops enabled, and the Java Heap may be blocking the growth of the native heap
# Possible solutions:
#   Reduce memory load on the system
#   Increase physical memory or swap space
#   Check if swap backing store is full
#   Decrease Java heap size (-Xmx/-Xms)
#   Decrease number of Java threads
#   Decrease Java thread stack sizes (-Xss)
#   Set larger code cache with -XX:ReservedCodeCacheSize=
# This output file may be truncated or incomplete.
#
#  Out of Memory Error (c:/BuildAgent/work/5ff2f6c26000d570/src/hotspot/os/windows/os_windows.cpp:3296), pid=43020, tid=47584
#
# JRE version:  (11.0.6+8) (build )
# Java VM: OpenJDK 64-Bit Server VM (11.0.6+8-b520.43, mixed mode, sharing, tiered, compressed oops, g1 gc, windows-amd64)
# No core dump will be written. Minidumps are not enabled by default on client versions of Windows
#

---------------  S U M M A R Y ------------

Command Line: -javaagent:C:\Users\mknig\Documents\IntelliJ IDEA Community Edition 2019.3.4\lib\idea_rt.jar=64216:C:\Users\mknig\Documents\IntelliJ IDEA Community Edition 2019.3.4\bin -Dfile.encoding=UTF-8 sample.Main

Host: Intel(R) Core(TM) i5-4200U CPU @ 1.60GHz, 4 cores, 15G,  Windows 10 , 64 bit Build 18362 (10.0.18362.900)
Time: Sun Jul 12 22:20:01 2020 Mountain Daylight Time elapsed time: 0 seconds (0d 0h 0m 0s)

---------------  T H R E A D  ---------------

Current thread (0x000001c24de40000):  JavaThread "Unknown thread" [_thread_in_vm, id=47584, stack(0x000000934de00000,0x000000934df00000)]

Stack: [0x000000934de00000,0x000000934df00000]
Native frames: (J=compiled Java code, j=interpreted, Vv=VM code, C=native code)
V  [jvm.dll+0x5de31a]
V  [jvm.dll+0x710ae5]
V  [jvm.dll+0x712005]
V  [jvm.dll+0x7126b3]
V  [jvm.dll+0x23e3a8]
V  [jvm.dll+0x5db814]
V  [jvm.dll+0x5d0a35]
V  [jvm.dll+0x2faeeb]
V  [jvm.dll+0x2fae5a]
V  [jvm.dll+0x2fad32]
V  [jvm.dll+0x2ffc06]
V  [jvm.dll+0x348483]
V  [jvm.dll+0x348b86]
V  [jvm.dll+0x348583]
V  [jvm.dll+0x2d57b8]
V  [jvm.dll+0x2d6957]
V  [jvm.dll+0x6ef8a7]
V  [jvm.dll+0x6f109c]
V  [jvm.dll+0x355a79]
V  [jvm.dll+0x6d49ee]
V  [jvm.dll+0x3bf0a3]
V  [jvm.dll+0x3c15c1]
C  [jli.dll+0x5363]
C  [ucrtbase.dll+0x20e82]
C  [KERNEL32.DLL+0x17bd4]
C  [ntdll.dll+0x6ce51]


---------------  P R O C E S S  ---------------

Threads class SMR info:
_java_thread_list=0x000001c24dd37790, length=0, elements={
}

Java Threads: ( => current thread )

Other Threads:
  0x000001c24de59000 GCTaskThread "GC Thread#0" [stack: 0x000000934df00000,0x000000934e000000] [id=46652]
  0x000001c24de0e800 ConcurrentGCThread "G1 Main Marker" [stack: 0x000000934e000000,0x000000934e100000] [id=8324]
  0x000001c24deb3800 ConcurrentGCThread "G1 Conc#0" [stack: 0x000000934e100000,0x000000934e200000] [id=44156]

[error occurred during error reporting (printing all threads), id 0xc0000005, EXCEPTION_ACCESS_VIOLATION (0xc0000005) at pc=0x00007ff801cb6027]

VM state:not at safepoint (not fully initialized)

VM Mutex/Monitor currently owned by a thread:  ([mutex/lock_event])
[0x000001c24de3df90] Heap_lock - owner thread: 0x000001c24de40000

Heap address: 0x0000000701200000, size: 4078 MB, Compressed Oops mode: Non-zero based: 0x0000000701200000
Narrow klass base: 0x0000000000000000, Narrow klass shift: 0

GC Heap History (0 events):
No events

Deoptimization events (0 events):
No events

Classes redefined (0 events):
No events

Internal exceptions (0 events):
No events

Events (2 events):
Event: 0.017 Loaded shared library C:\Users\mknig\Documents\IntelliJ IDEA Community Edition 2019.3.4\jbr\bin\zip.dll
Event: 0.018 Loaded shared library C:\Users\mknig\Documents\IntelliJ IDEA Community Edition 2019.3.4\jbr\bin\jimage.dll


Dynamic libraries:
0x00007ff6e1550000 - 0x00007ff6e155a000 	C:\Users\mknig\Documents\IntelliJ IDEA Community Edition 2019.3.4\jbr\bin\java.exe
0x00007ff864220000 - 0x00007ff864410000 	C:\WINDOWS\SYSTEM32\ntdll.dll
0x00007ff862450000 - 0x00007ff862502000 	C:\WINDOWS\System32\KERNEL32.DLL
0x00007ff861240000 - 0x00007ff8614e4000 	C:\WINDOWS\System32\KERNELBASE.dll
0x00007ff8621d0000 - 0x00007ff8622ca000 	C:\WINDOWS\System32\ucrtbase.dll
0x00007ff843b40000 - 0x00007ff843b59000 	C:\Users\mknig\Documents\IntelliJ IDEA Community Edition 2019.3.4\jbr\bin\jli.dll
0x00007ff862a90000 - 0x00007ff862c24000 	C:\WINDOWS\System32\USER32.dll
0x00007ff862100000 - 0x00007ff862121000 	C:\WINDOWS\System32\win32u.dll
0x00007ff862850000 - 0x00007ff862876000 	C:\WINDOWS\System32\GDI32.dll
0x00007ff861f60000 - 0x00007ff8620f5000 	C:\WINDOWS\System32\gdi32full.dll
0x00007ff862130000 - 0x00007ff8621ce000 	C:\WINDOWS\System32\msvcp_win.dll
0x00007ff843b20000 - 0x00007ff843b37000 	C:\Users\mknig\Documents\IntelliJ IDEA Community Edition 2019.3.4\jbr\bin\VCRUNTIME140.dll
0x00007ff8592a0000 - 0x00007ff859524000 	C:\WINDOWS\WinSxS\amd64_microsoft.windows.common-controls_6595b64144ccf1df_6.0.18362.900_none_e6beb9d913147d17\COMCTL32.dll
0x00007ff8629f0000 - 0x00007ff862a8e000 	C:\WINDOWS\System32\msvcrt.dll
0x00007ff862510000 - 0x00007ff862845000 	C:\WINDOWS\System32\combase.dll
0x00007ff8622d0000 - 0x00007ff8623f0000 	C:\WINDOWS\System32\RPCRT4.dll
0x00007ff861ee0000 - 0x00007ff861f60000 	C:\WINDOWS\System32\bcryptPrimitives.dll
0x00007ff863870000 - 0x00007ff86389e000 	C:\WINDOWS\System32\IMM32.DLL
0x00007ff840f10000 - 0x00007ff840fad000 	C:\Users\mknig\Documents\IntelliJ IDEA Community Edition 2019.3.4\jbr\bin\msvcp140.dll
0x00007ff8019d0000 - 0x00007ff80248d000 	C:\Users\mknig\Documents\IntelliJ IDEA Community Edition 2019.3.4\jbr\bin\server\jvm.dll
0x00007ff863f90000 - 0x00007ff864033000 	C:\WINDOWS\System32\ADVAPI32.dll
0x00007ff863190000 - 0x00007ff863227000 	C:\WINDOWS\System32\sechost.dll
0x00007ff863180000 - 0x00007ff863188000 	C:\WINDOWS\System32\PSAPI.DLL
0x00007ff83f7d0000 - 0x00007ff83f7d9000 	C:\WINDOWS\SYSTEM32\WSOCK32.dll
0x00007ff863800000 - 0x00007ff86386f000 	C:\WINDOWS\System32\WS2_32.dll
0x00007ff8596a0000 - 0x00007ff8596c4000 	C:\WINDOWS\SYSTEM32\WINMM.dll
0x00007ff85a760000 - 0x00007ff85a76a000 	C:\WINDOWS\SYSTEM32\VERSION.dll
0x00007ff859660000 - 0x00007ff85968d000 	C:\WINDOWS\SYSTEM32\WINMMBASE.dll
0x00007ff861510000 - 0x00007ff86155a000 	C:\WINDOWS\System32\cfgmgr32.dll
0x00007ff8610f0000 - 0x00007ff861101000 	C:\WINDOWS\System32\kernel.appcore.dll
0x00007ff841bf0000 - 0x00007ff841c01000 	C:\Users\mknig\Documents\IntelliJ IDEA Community Edition 2019.3.4\jbr\bin\verify.dll
0x00007ff85c510000 - 0x00007ff85c704000 	C:\WINDOWS\SYSTEM32\DBGHELP.DLL
0x00007ff85c4e0000 - 0x00007ff85c50a000 	C:\WINDOWS\SYSTEM32\dbgcore.DLL
0x00007ff841a30000 - 0x00007ff841a59000 	C:\Users\mknig\Documents\IntelliJ IDEA Community Edition 2019.3.4\jbr\bin\java.dll
0x00007ff85cbe0000 - 0x00007ff85cbef000 	C:\Users\mknig\Documents\IntelliJ IDEA Community Edition 2019.3.4\jbr\bin\instrument.dll
0x00007ff8419d0000 - 0x00007ff8419e8000 	C:\Users\mknig\Documents\IntelliJ IDEA Community Edition 2019.3.4\jbr\bin\zip.dll
0x00007ff852180000 - 0x00007ff85218b000 	C:\Users\mknig\Documents\IntelliJ IDEA Community Edition 2019.3.4\jbr\bin\jimage.dll

dbghelp: loaded successfully - version: 4.0.5 - missing functions: none
symbol engine: initialized successfully - sym options: 0x614 - pdb path: .;C:\Users\mknig\Documents\IntelliJ IDEA Community Edition 2019.3.4\jbr\bin;C:\WINDOWS\SYSTEM32;C:\WINDOWS\WinSxS\amd64_microsoft.windows.common-controls_6595b64144ccf1df_6.0.18362.900_none_e6beb9d913147d17;C:\Users\mknig\Documents\IntelliJ IDEA Community Edition 2019.3.4\jbr\bin\server

VM Arguments:
jvm_args: -javaagent:C:\Users\mknig\Documents\IntelliJ IDEA Community Edition 2019.3.4\lib\idea_rt.jar=64216:C:\Users\mknig\Documents\IntelliJ IDEA Community Edition 2019.3.4\bin -Dfile.encoding=UTF-8 
java_command: sample.Main
java_class_path (initial): C:\Users\mknig\Documents\GitHub\Projects\Patient Portal GUI in JavaFX\out\production\PatientPortal;C:\Users\mknig\Downloads\sqlite-jdbc-3.30.1.jar
Launcher Type: SUN_STANDARD

[Global flags]
     intx CICompilerCount                          = 3                                         {product} {ergonomic}
     uint ConcGCThreads                            = 1                                         {product} {ergonomic}
     uint G1ConcRefinementThreads                  = 4                                         {product} {ergonomic}
   size_t G1HeapRegionSize                         = 1048576                                   {product} {ergonomic}
    uintx GCDrainStackTargetSize                   = 64                                        {product} {ergonomic}
   size_t InitialHeapSize                          = 268435456                                 {product} {ergonomic}
   size_t MarkStackSize                            = 4194304                                   {product} {ergonomic}
   size_t MaxHeapSize                              = 4276092928                                {product} {ergonomic}
   size_t MinHeapDeltaBytes                        = 1048576                                   {product} {ergonomic}
    uintx NonNMethodCodeHeapSize                   = 5830732                                {pd product} {ergonomic}
    uintx NonProfiledCodeHeapSize                  = 122913754                              {pd product} {ergonomic}
    uintx ProfiledCodeHeapSize                     = 122913754                              {pd product} {ergonomic}
    uintx ReservedCodeCacheSize                    = 251658240                              {pd product} {ergonomic}
     bool SegmentedCodeCache                       = true                                      {product} {ergonomic}
     bool UseCompressedClassPointers               = true                                 {lp64_product} {ergonomic}
     bool UseCompressedOops                        = true                                 {lp64_product} {ergonomic}
     bool UseG1GC                                  = true                                      {product} {ergonomic}
     bool UseLargePagesIndividualAllocation        = false                                  {pd product} {ergonomic}

Logging:
Log output configuration:
 #0: stdout all=warning uptime,level,tags
 #1: stderr all=off uptime,level,tags

Environment Variables:
PATH=C:\Program Files (x86)\Common Files\Oracle\Java\javapath;C:\WINDOWS\system32;C:\WINDOWS;C:\WINDOWS\System32\Wbem;C:\WINDOWS\System32\WindowsPowerShell\v1.0\;C:\WINDOWS\System32\OpenSSH\;C:\Program Files (x86)\Wolfram Research\WolframScript\;C:\Program Files\Java\jdk-12.0.1\bin;C:\Users\Default\Documents\Git\cmd;C:\Program Files\PuTTY\;C:\Program Files\dotnet\;C:\Program Files\Microsoft SQL Server\130\Tools\Binn\;C:\Program Files\Microsoft SQL Server\Client SDK\ODBC\170\Tools\Binn\;C:\Program Files\GNU Emacs\bin\;C:\Program Files (x86)\Microsoft SQL Server\150\Tools\Binn\;C:\Program Files\Microsoft SQL Server\150\Tools\Binn\;C:\Program Files\Microsoft SQL Server\150\DTS\Binn\;C:\Program Files (x86)\Microsoft SQL Server\150\DTS\Binn\;C:\Users\mknig\Documents\;C:\Program Files\Microsoft VS Code\bin;C:\Users\mknig\AppData\Local\Programs\Python\Python38-32\Scripts\;C:\Users\mknig\AppData\Local\Programs\Python\Python38-32\;C:\Program Files\MySQL\MySQL Shell 8.0\bin\;C:\Users\mknig\AppData\Local\Programs\Python\Python37-32\Scripts\;C:\Users\mknig\AppData\Local\Programs\Python\Python37-32\;C:\Users\mknig\AppData\Local\Microsoft\WindowsApps;C:\Users\mknig\AppData\Local\GitHubDesktop\bin;C:\Users\mknig\Documents\SQLite\sqlite-tools-win32-x86-3300100;C:\Users\mknig\AppData\Local\Microsoft\WindowsApps;C:\Users\mknig\Documents\bin;C:\Users\mknig\AppData\Roaming\npm;C:\Users\mknig\Documents\heroku\bin
USERNAME=mknig
OS=Windows_NT
PROCESSOR_IDENTIFIER=Intel64 Family 6 Model 69 Stepping 1, GenuineIntel



---------------  S Y S T E M  ---------------

OS: Windows 10 , 64 bit Build 18362 (10.0.18362.900)

CPU:total 4 (initial active 4) (2 cores per cpu, 2 threads per core) family 6 model 69 stepping 1, cmov, cx8, fxsr, mmx, sse, sse2, sse3, ssse3, sse4.1, sse4.2, popcnt, avx, avx2, aes, clmul, erms, lzcnt, ht, tsc, tscinvbit, bmi1, bmi2, fma

Memory: 4k page, system-wide physical 16305M (5958M free)
TotalPageFile size 18305M (AvailPageFile size 196M)
current process WorkingSet (physical memory assigned to process): 10M, peak: 10M
current process commit charge ("private bytes"): 52M, peak: 308M

vm_info: OpenJDK 64-Bit Server VM (11.0.6+8-b520.43) for windows-amd64 JRE (11.0.6+8-b520.43), built on Feb  3 2020 14:18:56 by "" with MS VC++ 14.0 (VS2015)

END.
