#
# There is insufficient memory for the Java Runtime Environment to continue.
# Native memory allocation (malloc) failed to allocate 643376 bytes for Chunk::new
# Possible reasons:
#   The system is out of physical RAM or swap space
#   The process is running with CompressedOops enabled, and the Java Heap may be blocking the growth of the native heap
# Possible solutions:
#   Reduce memory load on the system
#   Increase physical memory or swap space
#   Check if swap backing store is full
#   Decrease Java heap size (-Xmx/-Xms)
#   Decrease number of Java threads
#   Decrease Java thread stack sizes (-Xss)
#   Set larger code cache with -XX:ReservedCodeCacheSize=
#   JVM is running with Unscaled Compressed Oops mode in which the Java heap is
#     placed in the first 4GB address space. The Java Heap base address is the
#     maximum limit for the native heap growth. Please use -XX:HeapBaseMinAddress
#     to set the Java Heap base and to place the Java Heap above 4GB virtual address.
# This output file may be truncated or incomplete.
#
#  Out of Memory Error (allocation.cpp:389), pid=9812, tid=0x0000000000003190
#
# JRE version: OpenJDK Runtime Environment (8.0_212-b04) (build 1.8.0_212-release-1586-b04)
# Java VM: OpenJDK 64-Bit Server VM (25.212-b04 mixed mode windows-amd64 compressed oops)
# Failed to write core dump. Minidumps are not enabled by default on client versions of Windows
#

---------------  T H R E A D  ---------------

Current thread (0x00000000161f4800):  JavaThread "C2 CompilerThread1" daemon [_thread_in_native, id=12688, stack(0x0000000017950000,0x0000000017a50000)]

Stack: [0x0000000017950000,0x0000000017a50000]
[error occurred during error reporting (printing stack bounds), id 0xc0000005]

Native frames: (J=compiled Java code, j=interpreted, Vv=VM code, C=native code)


Current CompileTask:
C2:  21265 8315       4       java.lang.invoke.MethodType::makeImpl (66 bytes)


---------------  P R O C E S S  ---------------

Java Threads: ( => current thread )
  0x000000001a494800 JavaThread "WorkerExecutor Queue Thread 3" [_thread_blocked, id=14324, stack(0x00000000253e0000,0x00000000254e0000)]
  0x000000001a495800 JavaThread "WorkerExecutor Queue Thread 2" [_thread_in_vm, id=14480, stack(0x00000000242d0000,0x00000000243d0000)]
  0x000000001a491000 JavaThread "WorkerExecutor Queue" [_thread_blocked, id=11072, stack(0x00000000241d0000,0x00000000242d0000)]
  0x000000001623e800 JavaThread "Cache worker for Java compile cache (C:\Users\mknig\Documents\GitHub\Projects\SchoolSystem\.gradle\5.6.4\javaCompile)" [_thread_blocked, id=15892, stack(0x0000000023ad0000,0x0000000023bd0000)]
  0x000000001623f000 JavaThread "Cache worker for Java compile cache (C:\Users\mknig\.gradle\caches\5.6.4\javaCompile)" [_thread_blocked, id=16752, stack(0x00000000239d0000,0x0000000023ad0000)]
  0x0000000016243000 JavaThread "Cache worker for execution history cache (C:\Users\mknig\Documents\GitHub\Projects\SchoolSystem\.gradle\5.6.4\executionHistory)" [_thread_blocked, id=17964, stack(0x00000000238d0000,0x00000000239d0000)]
  0x0000000016244800 JavaThread "Execution worker for ':' Thread 3" [_thread_blocked, id=12412, stack(0x00000000235d0000,0x00000000236d0000)]
  0x0000000016240800 JavaThread "Execution worker for ':' Thread 2" [_thread_blocked, id=14964, stack(0x00000000234d0000,0x00000000235d0000)]
  0x0000000016240000 JavaThread "Execution worker for ':'" [_thread_blocked, id=11124, stack(0x00000000233d0000,0x00000000234d0000)]
  0x0000000016241800 JavaThread "Cache worker for file content cache (C:\Users\mknig\Documents\GitHub\Projects\SchoolSystem\.gradle\5.6.4\fileContent)" [_thread_blocked, id=4204, stack(0x0000000021e70000,0x0000000021f70000)]
  0x0000000016236800 JavaThread "Cache worker for file content cache (C:\Users\mknig\.gradle\caches\5.6.4\fileContent)" [_thread_blocked, id=13792, stack(0x0000000021d70000,0x0000000021e70000)]
  0x000000001623d800 JavaThread "Memory manager" [_thread_blocked, id=7112, stack(0x0000000021440000,0x0000000021540000)]
  0x0000000016239800 JavaThread "Cache worker for Build Output Cleanup Cache (C:\Users\mknig\Documents\GitHub\Projects\SchoolSystem\.gradle\buildOutputCleanup)" [_thread_blocked, id=6584, stack(0x0000000020490000,0x0000000020590000)]
  0x0000000016237800 JavaThread "Build operations Thread 4" [_thread_blocked, id=19316, stack(0x0000000020b40000,0x0000000020c40000)]
  0x000000001623d000 JavaThread "Build operations Thread 3" [_thread_blocked, id=1816, stack(0x0000000020a40000,0x0000000020b40000)]
  0x0000000016238000 JavaThread "Build operations Thread 2" [_thread_blocked, id=10112, stack(0x00000000206b0000,0x00000000207b0000)]
  0x000000001623b800 JavaThread "Build operations" [_thread_blocked, id=13420, stack(0x00000000205b0000,0x00000000206b0000)]
  0x0000000019bcc800 JavaThread "Cache worker for execution history cache (C:\Users\mknig\.gradle\caches\5.6.4\executionHistory)" [_thread_blocked, id=9764, stack(0x0000000020390000,0x0000000020490000)]
  0x0000000019bcb000 JavaThread "Cache worker for cache directory md-rule (C:\Users\mknig\.gradle\caches\5.6.4\md-rule)" [_thread_blocked, id=6600, stack(0x000000001ec00000,0x000000001ed00000)]
  0x0000000019bce000 JavaThread "Cache worker for cache directory md-supplier (C:\Users\mknig\.gradle\caches\5.6.4\md-supplier)" [_thread_blocked, id=6924, stack(0x000000001e510000,0x000000001e610000)]
  0x0000000019bc9000 JavaThread "Cache worker for file hash cache (C:\Users\mknig\Documents\GitHub\Projects\SchoolSystem\.gradle\5.6.4\fileHashes)" [_thread_blocked, id=17696, stack(0x000000001e700000,0x000000001e800000)]
  0x0000000019bcd800 JavaThread "Cache worker for journal cache (C:\Users\mknig\.gradle\caches\journal-1)" [_thread_blocked, id=17512, stack(0x000000001bd70000,0x000000001be70000)]
  0x0000000019bcf800 JavaThread "File lock request listener" [_thread_in_native, id=14468, stack(0x000000001bc70000,0x000000001bd70000)]
  0x0000000019dca000 JavaThread "Cache worker for file hash cache (C:\Users\mknig\.gradle\caches\5.6.4\fileHashes)" [_thread_blocked, id=17316, stack(0x000000001bb70000,0x000000001bc70000)]
  0x0000000019afd800 JavaThread "Thread-9" [_thread_blocked, id=16324, stack(0x000000001ba70000,0x000000001bb70000)]
  0x0000000019b01800 JavaThread "Stdin handler" [_thread_blocked, id=6408, stack(0x000000001b970000,0x000000001ba70000)]
  0x0000000019b00800 JavaThread "Asynchronous log dispatcher for DefaultDaemonConnection: socket connection from /127.0.0.1:50319 to /127.0.0.1:50320" [_thread_blocked, id=3184, stack(0x000000001b870000,0x000000001b970000)]
  0x0000000019ada000 JavaThread "Daemon worker" [_thread_blocked, id=17304, stack(0x000000001b770000,0x000000001b870000)]
  0x0000000019b03000 JavaThread "Cancel handler" [_thread_blocked, id=16924, stack(0x000000001b670000,0x000000001b770000)]
  0x0000000019ac5000 JavaThread "Handler for socket connection from /127.0.0.1:50319 to /127.0.0.1:50320" [_thread_in_native, id=18012, stack(0x000000001b370000,0x000000001b470000)]
  0x0000000019a32800 JavaThread "Daemon" [_thread_blocked, id=18872, stack(0x000000001b270000,0x000000001b370000)]
  0x0000000019a93800 JavaThread "Daemon periodic checks" [_thread_blocked, id=464, stack(0x000000001b170000,0x000000001b270000)]
  0x0000000019a76000 JavaThread "Incoming local TCP Connector on port 50319" [_thread_in_native, id=17108, stack(0x000000001af30000,0x000000001b030000)]
  0x000000001993a800 JavaThread "Daemon health stats" [_thread_blocked, id=9336, stack(0x000000001a8f0000,0x000000001a9f0000)]
  0x0000000017b88800 JavaThread "Service Thread" daemon [_thread_blocked, id=7920, stack(0x0000000017f50000,0x0000000018050000)]
  0x00000000161f8800 JavaThread "C1 CompilerThread2" daemon [_thread_blocked, id=8216, stack(0x0000000017a50000,0x0000000017b50000)]
=>0x00000000161f4800 JavaThread "C2 CompilerThread1" daemon [_thread_in_native, id=12688, stack(0x0000000017950000,0x0000000017a50000)]
  0x00000000161ed800 JavaThread "C2 CompilerThread0" daemon [_thread_in_native, id=7540, stack(0x0000000017850000,0x0000000017950000)]
  0x00000000161eb000 JavaThread "Attach Listener" daemon [_thread_blocked, id=12972, stack(0x0000000017750000,0x0000000017850000)]
  0x00000000161e9800 JavaThread "Signal Dispatcher" daemon [_thread_blocked, id=9144, stack(0x0000000017650000,0x0000000017750000)]
  0x000000000287a000 JavaThread "Finalizer" daemon [_thread_blocked, id=1900, stack(0x0000000017450000,0x0000000017550000)]
  0x0000000002871000 JavaThread "Reference Handler" daemon [_thread_blocked, id=18676, stack(0x0000000017350000,0x0000000017450000)]
  0x0000000000ece800 JavaThread "main" [_thread_blocked, id=10408, stack(0x0000000000ed0000,0x0000000000fd0000)]

Other Threads:
  0x00000000161b6800 VMThread [stack: 0x0000000017250000,0x0000000017350000] [id=8784]
  0x000000001624e800 WatcherThread [stack: 0x0000000018050000,0x0000000018150000] [id=15164]

VM state:not at safepoint (normal execution)

VM Mutex/Monitor currently owned by a thread: None

heap address: 0x00000000a0000000, size: 1536 MB, Compressed Oops mode: 32-bit
Narrow klass base: 0x0000000000000000, Narrow klass shift: 3
Compressed class space size: 1073741824 Address: 0x0000000100000000

Heap:
 PSYoungGen      total 194560K, used 39220K [0x00000000e0000000, 0x00000000efe00000, 0x0000000100000000)
  eden space 182272K, 14% used [0x00000000e0000000,0x00000000e1a530f0,0x00000000eb200000)
  from space 12288K, 99% used [0x00000000ec680000,0x00000000ed27a168,0x00000000ed280000)
  to   space 20992K, 0% used [0x00000000eb200000,0x00000000eb200000,0x00000000ec680000)
 ParOldGen       total 126464K, used 42410K [0x00000000a0000000, 0x00000000a7b80000, 0x00000000e0000000)
  object space 126464K, 33% used [0x00000000a0000000,0x00000000a296abd0,0x00000000a7b80000)
 Metaspace       used 66392K, capacity 68720K, committed 68760K, reserved 1107968K
  class space    used 9090K, capacity 9607K, committed 9624K, reserved 1048576K

Card table byte_map: [0x0000000011c40000,0x0000000011f50000] byte_map_base: 0x0000000011740000

Marking Bits: (ParMarkBitMap*) 0x00000000577a9f30
 Begin Bits: [0x0000000012550000, 0x0000000013d50000)
 End Bits:   [0x0000000013d50000, 0x0000000015550000)

Polling page: 0x00000000005f0000

CodeCache: size=245760Kb used=23469Kb max_used=23498Kb free=222290Kb
 bounds [0x0000000002880000, 0x0000000003fa0000, 0x0000000011880000]
 total_blobs=8179 nmethods=7363 adapters=729
 compilation: enabled

Compilation events (10 events):
Event: 21.234 Thread 0x00000000161f8800 8334       3       com.android.tools.r8.graph.d0::computeHashCode (16 bytes)
Event: 21.234 Thread 0x00000000161f8800 nmethod 8334 0x0000000003385850 code [0x00000000033859c0, 0x0000000003385b68]
Event: 21.237 Thread 0x00000000161f8800 8335       3       com.android.tools.r8.graph.j::equals (22 bytes)
Event: 21.237 Thread 0x00000000161f8800 nmethod 8335 0x00000000034ebb10 code [0x00000000034ebc80, 0x00000000034ebf28]
Event: 21.250 Thread 0x00000000161f8800 8338  s    3       com.android.tools.r8.graph.V::b (154 bytes)
Event: 21.251 Thread 0x00000000161f8800 nmethod 8338 0x0000000002c4bbd0 code [0x0000000002c4bd80, 0x0000000002c4c3c8]
Event: 21.257 Thread 0x00000000161ed800 8339       4       jdk.internal.org.objectweb.asm.ClassWriter::newClassItem (70 bytes)
Event: 21.260 Thread 0x00000000161f8800 8340       3       com.android.tools.r8.graph.d0::computeEquals (45 bytes)
Event: 21.260 Thread 0x00000000161f8800 nmethod 8340 0x0000000003354550 code [0x00000000033546e0, 0x0000000003354b28]
Event: 21.260 Thread 0x00000000161f8800 8341       3       com.android.tools.r8.graph.e0::computeEquals (24 bytes)

GC Heap History (10 events):
Event: 7.980 GC heap before
{Heap before GC invocations=9 (full 2):
 PSYoungGen      total 125440K, used 10200K [0x00000000e0000000, 0x00000000ed280000, 0x0000000100000000)
  eden space 113152K, 0% used [0x00000000e0000000,0x00000000e0000000,0x00000000e6e80000)
  from space 12288K, 83% used [0x00000000e6e80000,0x00000000e7876250,0x00000000e7a80000)
  to   space 12288K, 0% used [0x00000000ec680000,0x00000000ec680000,0x00000000ed280000)
 ParOldGen       total 88064K, used 7446K [0x00000000a0000000, 0x00000000a5600000, 0x00000000e0000000)
  object space 88064K, 8% used [0x00000000a0000000,0x00000000a0745970,0x00000000a5600000)
 Metaspace       used 34641K, capacity 35408K, committed 35496K, reserved 1079296K
  class space    used 4760K, capacity 4993K, committed 5032K, reserved 1048576K
Event: 8.067 GC heap after
Heap after GC invocations=9 (full 2):
 PSYoungGen      total 125440K, used 0K [0x00000000e0000000, 0x00000000ed280000, 0x0000000100000000)
  eden space 113152K, 0% used [0x00000000e0000000,0x00000000e0000000,0x00000000e6e80000)
  from space 12288K, 0% used [0x00000000e6e80000,0x00000000e6e80000,0x00000000e7a80000)
  to   space 12288K, 0% used [0x00000000ec680000,0x00000000ec680000,0x00000000ed280000)
 ParOldGen       total 126464K, used 16989K [0x00000000a0000000, 0x00000000a7b80000, 0x00000000e0000000)
  object space 126464K, 13% used [0x00000000a0000000,0x00000000a1097770,0x00000000a7b80000)
 Metaspace       used 34633K, capacity 35384K, committed 35496K, reserved 1079296K
  class space    used 4758K, capacity 4989K, committed 5032K, reserved 1048576K
}
Event: 11.002 GC heap before
{Heap before GC invocations=10 (full 2):
 PSYoungGen      total 125440K, used 113152K [0x00000000e0000000, 0x00000000ed280000, 0x0000000100000000)
  eden space 113152K, 100% used [0x00000000e0000000,0x00000000e6e80000,0x00000000e6e80000)
  from space 12288K, 0% used [0x00000000e6e80000,0x00000000e6e80000,0x00000000e7a80000)
  to   space 12288K, 0% used [0x00000000ec680000,0x00000000ec680000,0x00000000ed280000)
 ParOldGen       total 126464K, used 16989K [0x00000000a0000000, 0x00000000a7b80000, 0x00000000e0000000)
  object space 126464K, 13% used [0x00000000a0000000,0x00000000a1097770,0x00000000a7b80000)
 Metaspace       used 45383K, capacity 46510K, committed 46888K, reserved 1089536K
  class space    used 6083K, capacity 6383K, committed 6440K, reserved 1048576K
Event: 11.028 GC heap after
Heap after GC invocations=10 (full 2):
 PSYoungGen      total 192512K, used 12257K [0x00000000e0000000, 0x00000000ed280000, 0x0000000100000000)
  eden space 180224K, 0% used [0x00000000e0000000,0x00000000e0000000,0x00000000eb000000)
  from space 12288K, 99% used [0x00000000ec680000,0x00000000ed278720,0x00000000ed280000)
  to   space 14336K, 0% used [0x00000000eb680000,0x00000000eb680000,0x00000000ec480000)
 ParOldGen       total 126464K, used 18936K [0x00000000a0000000, 0x00000000a7b80000, 0x00000000e0000000)
  object space 126464K, 14% used [0x00000000a0000000,0x00000000a127e028,0x00000000a7b80000)
 Metaspace       used 45383K, capacity 46510K, committed 46888K, reserved 1089536K
  class space    used 6083K, capacity 6383K, committed 6440K, reserved 1048576K
}
Event: 15.091 GC heap before
{Heap before GC invocations=11 (full 2):
 PSYoungGen      total 192512K, used 167376K [0x00000000e0000000, 0x00000000ed280000, 0x0000000100000000)
  eden space 180224K, 86% used [0x00000000e0000000,0x00000000e977bcd8,0x00000000eb000000)
  from space 12288K, 99% used [0x00000000ec680000,0x00000000ed278720,0x00000000ed280000)
  to   space 14336K, 0% used [0x00000000eb680000,0x00000000eb680000,0x00000000ec480000)
 ParOldGen       total 126464K, used 18936K [0x00000000a0000000, 0x00000000a7b80000, 0x00000000e0000000)
  object space 126464K, 14% used [0x00000000a0000000,0x00000000a127e028,0x00000000a7b80000)
 Metaspace       used 57182K, capacity 59050K, committed 59160K, reserved 1099776K
  class space    used 7896K, capacity 8362K, committed 8472K, reserved 1048576K
Event: 15.139 GC heap after
Heap after GC invocations=11 (full 2):
 PSYoungGen      total 194560K, used 14333K [0x00000000e0000000, 0x00000000ed280000, 0x0000000100000000)
  eden space 180224K, 0% used [0x00000000e0000000,0x00000000e0000000,0x00000000eb000000)
  from space 14336K, 99% used [0x00000000eb680000,0x00000000ec47f7b0,0x00000000ec480000)
  to   space 12288K, 0% used [0x00000000ec680000,0x00000000ec680000,0x00000000ed280000)
 ParOldGen       total 126464K, used 28745K [0x00000000a0000000, 0x00000000a7b80000, 0x00000000e0000000)
  object space 126464K, 22% used [0x00000000a0000000,0x00000000a1c12518,0x00000000a7b80000)
 Metaspace       used 57182K, capacity 59050K, committed 59160K, reserved 1099776K
  class space    used 7896K, capacity 8362K, committed 8472K, reserved 1048576K
}
Event: 15.139 GC heap before
{Heap before GC invocations=12 (full 3):
 PSYoungGen      total 194560K, used 14333K [0x00000000e0000000, 0x00000000ed280000, 0x0000000100000000)
  eden space 180224K, 0% used [0x00000000e0000000,0x00000000e0000000,0x00000000eb000000)
  from space 14336K, 99% used [0x00000000eb680000,0x00000000ec47f7b0,0x00000000ec480000)
  to   space 12288K, 0% used [0x00000000ec680000,0x00000000ec680000,0x00000000ed280000)
 ParOldGen       total 126464K, used 28745K [0x00000000a0000000, 0x00000000a7b80000, 0x00000000e0000000)
  object space 126464K, 22% used [0x00000000a0000000,0x00000000a1c12518,0x00000000a7b80000)
 Metaspace       used 57182K, capacity 59050K, committed 59160K, reserved 1099776K
  class space    used 7896K, capacity 8362K, committed 8472K, reserved 1048576K
Event: 15.697 GC heap after
Heap after GC invocations=12 (full 3):
 PSYoungGen      total 194560K, used 0K [0x00000000e0000000, 0x00000000ed280000, 0x0000000100000000)
  eden space 180224K, 0% used [0x00000000e0000000,0x00000000e0000000,0x00000000eb000000)
  from space 14336K, 0% used [0x00000000eb680000,0x00000000eb680000,0x00000000ec480000)
  to   space 12288K, 0% used [0x00000000ec680000,0x00000000ec680000,0x00000000ed280000)
 ParOldGen       total 126464K, used 37834K [0x00000000a0000000, 0x00000000a7b80000, 0x00000000e0000000)
  object space 126464K, 29% used [0x00000000a0000000,0x00000000a24f29b0,0x00000000a7b80000)
 Metaspace       used 57144K, capacity 58966K, committed 59160K, reserved 1099776K
  class space    used 7883K, capacity 8340K, committed 8472K, reserved 1048576K
}
Event: 20.709 GC heap before
{Heap before GC invocations=13 (full 3):
 PSYoungGen      total 194560K, used 180224K [0x00000000e0000000, 0x00000000ed280000, 0x0000000100000000)
  eden space 180224K, 100% used [0x00000000e0000000,0x00000000eb000000,0x00000000eb000000)
  from space 14336K, 0% used [0x00000000eb680000,0x00000000eb680000,0x00000000ec480000)
  to   space 12288K, 0% used [0x00000000ec680000,0x00000000ec680000,0x00000000ed280000)
 ParOldGen       total 126464K, used 37834K [0x00000000a0000000, 0x00000000a7b80000, 0x00000000e0000000)
  object space 126464K, 29% used [0x00000000a0000000,0x00000000a24f29b0,0x00000000a7b80000)
 Metaspace       used 64618K, capacity 66858K, committed 66968K, reserved 1107968K
  class space    used 8809K, capacity 9336K, committed 9368K, reserved 1048576K
Event: 20.756 GC heap after
Heap after GC invocations=13 (full 3):
 PSYoungGen      total 194560K, used 12264K [0x00000000e0000000, 0x00000000efe00000, 0x0000000100000000)
  eden space 182272K, 0% used [0x00000000e0000000,0x00000000e0000000,0x00000000eb200000)
  from space 12288K, 99% used [0x00000000ec680000,0x00000000ed27a168,0x00000000ed280000)
  to   space 20992K, 0% used [0x00000000eb200000,0x00000000eb200000,0x00000000ec680000)
 ParOldGen       total 126464K, used 42410K [0x00000000a0000000, 0x00000000a7b80000, 0x00000000e0000000)
  object space 126464K, 33% used [0x00000000a0000000,0x00000000a296abd0,0x00000000a7b80000)
 Metaspace       used 64618K, capacity 66858K, committed 66968K, reserved 1107968K
  class space    used 8809K, capacity 9336K, committed 9368K, reserved 1048576K
}

Deoptimization events (10 events):
Event: 21.152 Thread 0x000000001a491000 Uncommon trap: reason=bimorphic action=maybe_recompile pc=0x0000000003aadacc method=java.util.function.Predicate.lambda$and$0(Ljava/util/function/Predicate;Ljava/lang/Object;)Z @ 2
Event: 21.152 Thread 0x000000001a495800 Uncommon trap: reason=unstable_if action=reinterpret pc=0x0000000003c870f0 method=java.nio.file.FileTreeWalker.getAttributes(Ljava/nio/file/Path;Z)Ljava/nio/file/attribute/BasicFileAttributes; @ 35
Event: 21.152 Thread 0x000000001a491000 Uncommon trap: reason=unstable_if action=reinterpret pc=0x0000000003c870f0 method=java.nio.file.FileTreeWalker.getAttributes(Ljava/nio/file/Path;Z)Ljava/nio/file/attribute/BasicFileAttributes; @ 35
Event: 21.153 Thread 0x000000001a491000 Uncommon trap: reason=bimorphic action=maybe_recompile pc=0x0000000003aadacc method=java.util.function.Predicate.lambda$and$0(Ljava/util/function/Predicate;Ljava/lang/Object;)Z @ 2
Event: 21.153 Thread 0x000000001a495800 Uncommon trap: reason=bimorphic action=maybe_recompile pc=0x0000000003aadacc method=java.util.function.Predicate.lambda$and$0(Ljava/util/function/Predicate;Ljava/lang/Object;)Z @ 2
Event: 21.176 Thread 0x000000001a495800 Uncommon trap: reason=unstable_if action=reinterpret pc=0x0000000002caac14 method=java.util.function.Predicate.lambda$and$0(Ljava/util/function/Predicate;Ljava/lang/Object;)Z @ 17
Event: 21.222 Thread 0x000000001a495800 Uncommon trap: reason=bimorphic action=maybe_recompile pc=0x0000000003c6beb4 method=java.util.concurrent.ConcurrentHashMap.putVal(Ljava/lang/Object;Ljava/lang/Object;Z)Ljava/lang/Object; @ 192
Event: 21.222 Thread 0x000000001a495800 Uncommon trap: reason=bimorphic action=maybe_recompile pc=0x0000000003c6beb4 method=java.util.concurrent.ConcurrentHashMap.putVal(Ljava/lang/Object;Ljava/lang/Object;Z)Ljava/lang/Object; @ 192
Event: 21.222 Thread 0x000000001a495800 Uncommon trap: reason=bimorphic action=maybe_recompile pc=0x0000000003c6beb4 method=java.util.concurrent.ConcurrentHashMap.putVal(Ljava/lang/Object;Ljava/lang/Object;Z)Ljava/lang/Object; @ 192
Event: 21.222 Thread 0x000000001a495800 Uncommon trap: reason=bimorphic action=maybe_recompile pc=0x0000000003c6beb4 method=java.util.concurrent.ConcurrentHashMap.putVal(Ljava/lang/Object;Ljava/lang/Object;Z)Ljava/lang/Object; @ 192

Classes redefined (0 events):
No events

Internal exceptions (10 events):
Event: 15.709 Thread 0x0000000016240000 Implicit null exception at 0x00000000029bb57b to 0x00000000029bbdd1
Event: 16.754 Thread 0x0000000016240000 Implicit null exception at 0x00000000034216e8 to 0x0000000003421ccd
Event: 17.973 Thread 0x0000000019ada000 Exception <a 'java/lang/NoSuchMethodError': <clinit>> (0x00000000e55a2d90) thrown at [D:\src\AOSP-openjdk-cygwin\jdk8u\hotspot\src\share\vm\prims\jni.cpp, line 1614]
Event: 17.973 Thread 0x0000000019ada000 Exception <a 'java/lang/NoSuchMethodError': <clinit>> (0x00000000e55a4668) thrown at [D:\src\AOSP-openjdk-cygwin\jdk8u\hotspot\src\share\vm\prims\jni.cpp, line 1614]
Event: 18.152 Thread 0x0000000016244800 Exception <a 'java/lang/NoSuchMethodError': java.lang.Object.lambda$comparingByKey$bbdbfea9$1(Ljava/util/Map$Entry;Ljava/util/Map$Entry;)I> (0x00000000e7085280) thrown at [D:\src\AOSP-openjdk-cygwin\jdk8u\hotspot\src\share\vm\interpreter\linkResolver.cpp,
Event: 21.076 Thread 0x0000000019ada000 Exception <a 'java/lang/NoSuchMethodError': <clinit>> (0x00000000e0fcebe8) thrown at [D:\src\AOSP-openjdk-cygwin\jdk8u\hotspot\src\share\vm\prims\jni.cpp, line 1614]
Event: 21.078 Thread 0x0000000019ada000 Exception <a 'java/lang/NoSuchMethodError': <clinit>> (0x00000000e0ff0e18) thrown at [D:\src\AOSP-openjdk-cygwin\jdk8u\hotspot\src\share\vm\prims\jni.cpp, line 1614]
Event: 21.115 Thread 0x000000001a491000 Exception <a 'java/lang/NoSuchMethodError': java.lang.Object.lambda$static$0(Ljava/lang/String;)Z> (0x00000000e1404cb8) thrown at [D:\src\AOSP-openjdk-cygwin\jdk8u\hotspot\src\share\vm\interpreter\linkResolver.cpp, line 620]
Event: 21.182 Thread 0x000000001a495800 Exception <a 'sun/nio/fs/WindowsException'> (0x00000000e17549c8) thrown at [D:\src\AOSP-openjdk-cygwin\jdk8u\hotspot\src\share\vm\prims\jni.cpp, line 710]
Event: 21.258 Thread 0x000000001a495800 Exception <a 'java/lang/NoSuchMethodError': java.lang.Object.lambda$identity$2(Ljava/lang/Object;)Ljava/lang/Object;> (0x00000000e19d4c68) thrown at [D:\src\AOSP-openjdk-cygwin\jdk8u\hotspot\src\share\vm\interpreter\linkResolver.cpp, line 620]

Events (10 events):
Event: 21.259 loading class java/util/stream/IntPipeline$4$1
Event: 21.259 loading class java/util/stream/Sink$ChainedInt
Event: 21.259 loading class java/util/stream/Sink$OfInt
Event: 21.259 loading class java/util/function/IntConsumer
Event: 21.259 loading class java/util/function/IntConsumer done
Event: 21.259 loading class java/util/stream/Sink$OfInt done
Event: 21.259 loading class java/util/stream/Sink$ChainedInt done
Event: 21.259 loading class java/util/stream/IntPipeline$4$1 done
Event: 21.260 loading class com/android/tools/r8/y/c$a
Event: 21.260 loading class com/android/tools/r8/y/c$a done


Dynamic libraries:
0x00007ff792c20000 - 0x00007ff792c51000 	C:\Users\mknig\Documents\Android\jre\bin\java.exe
0x00007ffaae6e0000 - 0x00007ffaae8d0000 	C:\WINDOWS\SYSTEM32\ntdll.dll
0x00007ffaad010000 - 0x00007ffaad0c2000 	C:\WINDOWS\System32\KERNEL32.DLL
0x00007ffaabd30000 - 0x00007ffaabfd3000 	C:\WINDOWS\System32\KERNELBASE.dll
0x00007ffaacb30000 - 0x00007ffaacbd3000 	C:\WINDOWS\System32\ADVAPI32.dll
0x00007ffaace30000 - 0x00007ffaacece000 	C:\WINDOWS\System32\msvcrt.dll
0x00007ffaae450000 - 0x00007ffaae4e7000 	C:\WINDOWS\System32\sechost.dll
0x00007ffaadd50000 - 0x00007ffaade70000 	C:\WINDOWS\System32\RPCRT4.dll
0x00007ffaad930000 - 0x00007ffaadac4000 	C:\WINDOWS\System32\USER32.dll
0x00007ffaac760000 - 0x00007ffaac781000 	C:\WINDOWS\System32\win32u.dll
0x00007ffaadd10000 - 0x00007ffaadd36000 	C:\WINDOWS\System32\GDI32.dll
0x00007ffaab960000 - 0x00007ffaabaf4000 	C:\WINDOWS\System32\gdi32full.dll
0x00007ffaab6f0000 - 0x00007ffaab78e000 	C:\WINDOWS\System32\msvcp_win.dll
0x00007ffaabbb0000 - 0x00007ffaabcaa000 	C:\WINDOWS\System32\ucrtbase.dll
0x00007ffaa3070000 - 0x00007ffaa32f5000 	C:\WINDOWS\WinSxS\amd64_microsoft.windows.common-controls_6595b64144ccf1df_6.0.18362.778_none_e6c6b761130d4fb8\COMCTL32.dll
0x00007ffaac7f0000 - 0x00007ffaacb26000 	C:\WINDOWS\System32\combase.dll
0x00007ffaab790000 - 0x00007ffaab810000 	C:\WINDOWS\System32\bcryptPrimitives.dll
0x00007ffaadee0000 - 0x00007ffaadf0e000 	C:\WINDOWS\System32\IMM32.DLL
0x0000000057c30000 - 0x0000000057d02000 	C:\Users\mknig\Documents\Android\jre\jre\bin\msvcr100.dll
0x0000000056fe0000 - 0x0000000057826000 	C:\Users\mknig\Documents\Android\jre\jre\bin\server\jvm.dll
0x00007ffaadad0000 - 0x00007ffaadad8000 	C:\WINDOWS\System32\PSAPI.DLL
0x00007ffaa3bd0000 - 0x00007ffaa3bf4000 	C:\WINDOWS\SYSTEM32\WINMM.dll
0x00007ffaa4f50000 - 0x00007ffaa4f5a000 	C:\WINDOWS\SYSTEM32\VERSION.dll
0x00007ffa8b600000 - 0x00007ffa8b609000 	C:\WINDOWS\SYSTEM32\WSOCK32.dll
0x00007ffaade70000 - 0x00007ffaadedf000 	C:\WINDOWS\System32\WS2_32.dll
0x00007ffaa3b70000 - 0x00007ffaa3b9d000 	C:\WINDOWS\SYSTEM32\WINMMBASE.dll
0x00007ffaab6a0000 - 0x00007ffaab6ea000 	C:\WINDOWS\System32\cfgmgr32.dll
0x00007ffaa7270000 - 0x00007ffaa727f000 	C:\Users\mknig\Documents\Android\jre\jre\bin\verify.dll
0x00007ffaa3a70000 - 0x00007ffaa3a99000 	C:\Users\mknig\Documents\Android\jre\jre\bin\java.dll
0x00007ffaa3820000 - 0x00007ffaa3836000 	C:\Users\mknig\Documents\Android\jre\jre\bin\zip.dll
0x00007ffaad230000 - 0x00007ffaad915000 	C:\WINDOWS\System32\SHELL32.dll
0x00007ffaad180000 - 0x00007ffaad229000 	C:\WINDOWS\System32\shcore.dll
0x00007ffaabfe0000 - 0x00007ffaac760000 	C:\WINDOWS\System32\windows.storage.dll
0x00007ffaab600000 - 0x00007ffaab623000 	C:\WINDOWS\System32\profapi.dll
0x00007ffaab5b0000 - 0x00007ffaab5fa000 	C:\WINDOWS\System32\powrprof.dll
0x00007ffaab5a0000 - 0x00007ffaab5b0000 	C:\WINDOWS\System32\UMPDC.dll
0x00007ffaac790000 - 0x00007ffaac7e2000 	C:\WINDOWS\System32\shlwapi.dll
0x00007ffaab650000 - 0x00007ffaab661000 	C:\WINDOWS\System32\kernel.appcore.dll
0x00007ffaabcb0000 - 0x00007ffaabcc7000 	C:\WINDOWS\System32\cryptsp.dll
0x00007ffaa2740000 - 0x00007ffaa275a000 	C:\Users\mknig\Documents\Android\jre\jre\bin\net.dll
0x00007ffaa1470000 - 0x00007ffaa1645000 	C:\WINDOWS\SYSTEM32\urlmon.dll
0x00007ffaa11c0000 - 0x00007ffaa1466000 	C:\WINDOWS\SYSTEM32\iertutil.dll
0x00007ffaaaf80000 - 0x00007ffaaaf8c000 	C:\WINDOWS\SYSTEM32\CRYPTBASE.DLL
0x00007ffaaadb0000 - 0x00007ffaaae17000 	C:\WINDOWS\system32\mswsock.dll
0x00007ffaa0cc0000 - 0x00007ffaa0cd3000 	C:\Users\mknig\Documents\Android\jre\jre\bin\nio.dll
0x00007ffa8b090000 - 0x00007ffa8b0b6000 	C:\Users\mknig\.gradle\native\30\windows-amd64\native-platform.dll
0x00007ffaa71b0000 - 0x00007ffaa71bd000 	C:\Users\mknig\Documents\Android\jre\jre\bin\management.dll
0x00007ffaaa920000 - 0x00007ffaaa953000 	C:\WINDOWS\system32\rsaenh.dll
0x00007ffaab670000 - 0x00007ffaab696000 	C:\WINDOWS\System32\bcrypt.dll
0x00007ffaab490000 - 0x00007ffaab4b5000 	C:\WINDOWS\SYSTEM32\USERENV.dll
0x00007ffaaaac0000 - 0x00007ffaaaafa000 	C:\WINDOWS\SYSTEM32\IPHLPAPI.DLL
0x00007ffaadd40000 - 0x00007ffaadd48000 	C:\WINDOWS\System32\NSI.dll
0x00007ffaa4f30000 - 0x00007ffaa4f46000 	C:\WINDOWS\SYSTEM32\dhcpcsvc6.DLL
0x00007ffaa54e0000 - 0x00007ffaa54fc000 	C:\WINDOWS\SYSTEM32\dhcpcsvc.DLL
0x00007ffaaab00000 - 0x00007ffaaabca000 	C:\WINDOWS\SYSTEM32\DNSAPI.dll

VM Arguments:
jvm_args: -Xmx1536m -Dfile.encoding=windows-1252 -Duser.country=US -Duser.language=en -Duser.variant 
java_command: org.gradle.launcher.daemon.bootstrap.GradleDaemon 5.6.4
java_class_path (initial): C:\Users\mknig\.gradle\wrapper\dists\gradle-5.6.4-all\ankdp27end7byghfw1q2sw75f\gradle-5.6.4\lib\gradle-launcher-5.6.4.jar
Launcher Type: SUN_STANDARD

Environment Variables:
PATH=C:\Program Files (x86)\Common Files\Oracle\Java\javapath;C:\WINDOWS\system32;C:\WINDOWS;C:\WINDOWS\System32\Wbem;C:\WINDOWS\System32\WindowsPowerShell\v1.0\;C:\WINDOWS\System32\OpenSSH\;C:\Program Files (x86)\Wolfram Research\WolframScript\;C:\Program Files\Java\jdk-12.0.1\bin;C:\Users\Default\Documents\Git\cmd;C:\Program Files\PuTTY\;C:\Program Files\dotnet\;C:\Program Files\Microsoft SQL Server\130\Tools\Binn\;C:\Program Files\Microsoft SQL Server\Client SDK\ODBC\170\Tools\Binn\;C:\Program Files\GNU Emacs\bin\;C:\Program Files (x86)\Microsoft SQL Server\150\Tools\Binn\;C:\Program Files\Microsoft SQL Server\150\Tools\Binn\;C:\Program Files\Microsoft SQL Server\150\DTS\Binn\;C:\Program Files (x86)\Microsoft SQL Server\150\DTS\Binn\;C:\Program Files\MySQL\MySQL Shell 8.0\bin\;C:\Users\mknig\AppData\Local\Programs\Python\Python37-32\Scripts\;C:\Users\mknig\AppData\Local\Programs\Python\Python37-32\;C:\Users\mknig\AppData\Local\Microsoft\WindowsApps;C:\Users\mknig\AppData\Local\GitHubDesktop\bin;C:\Users\mknig\Documents\SQLite\sqlite-tools-win32-x86-3300100;C:\Users\mknig\AppData\Local\Programs\Microsoft VS Code\bin;C:\Users\mknig\AppData\Local\Microsoft\WindowsApps;C:\Users\mknig\Documents\bin;
USERNAME=mknig
OS=Windows_NT
PROCESSOR_IDENTIFIER=Intel64 Family 6 Model 69 Stepping 1, GenuineIntel



---------------  S Y S T E M  ---------------

OS: Windows 10.0 , 64 bit Build 18362 (10.0.18362.778)

CPU:total 4 (initial active 4) (2 cores per cpu, 2 threads per core) family 6 model 69 stepping 1, cmov, cx8, fxsr, mmx, sse, sse2, sse3, ssse3, sse4.1, sse4.2, popcnt, avx, avx2, aes, clmul, erms, lzcnt, ht, tsc, tscinvbit, bmi1, bmi2

Memory: 4k page, physical 16696684k(2164296k free), swap 18744684k(5324k free)

vm_info: OpenJDK 64-Bit Server VM (25.212-b04) for windows-amd64 JRE (1.8.0_212-release-1586-b04), built by "builder" with MS VC++ 10.0 (VS2010)

time: Mon Apr 20 17:54:06 2020
timezone: Mountain Daylight Time
elapsed time: 21 seconds (0d 0h 0m 21s)

